TN:
SF:/home/mldev/mobis/ccNC_handwriting/selvypen/sdk/test/common/type_def.h
FNDA:280,_ZN10tagInkDataC2ERKS_
FNF:1
FNH:1
DA:4,720
LF:1
LH:1
end_of_record
SF:/home/mldev/mobis/ccNC_handwriting/selvypen/sdk/test/googletest/googletest/include/gtest/gtest-matchers.h
FN:133,_ZNK7testing25MatcherDescriberInterface18DescribeNegationToEPSo
FN:190,_ZN7testing8internal23MatcherInterfaceAdapterINSt7__cxx1112basic_stringIcSt11char_traitsIcESaIcEEEED0Ev
FN:190,_ZN7testing8internal23MatcherInterfaceAdapterINSt7__cxx1112basic_stringIcSt11char_traitsIcESaIcEEEED2Ev
FN:192,_ZNK7testing8internal23MatcherInterfaceAdapterINSt7__cxx1112basic_stringIcSt11char_traitsIcESaIcEEEE10DescribeToEPSo
FN:194,_ZNK7testing8internal23MatcherInterfaceAdapterINSt7__cxx1112basic_stringIcSt11char_traitsIcESaIcEEEE18DescribeNegationToEPSo
FN:473,_ZN7testing18PolymorphicMatcherINS_8internal19MatchesRegexMatcherEE15MonomorphicImplIRKNSt7__cxx1112basic_stringIcSt11char_traitsIcESaIcEEEED0Ev
FN:473,_ZN7testing18PolymorphicMatcherINS_8internal19MatchesRegexMatcherEE15MonomorphicImplIRKNSt7__cxx1112basic_stringIcSt11char_traitsIcESaIcEEEED2Ev
FN:477,_ZNK7testing18PolymorphicMatcherINS_8internal19MatchesRegexMatcherEE15MonomorphicImplIRKNSt7__cxx1112basic_stringIcSt11char_traitsIcESaIcEEEE10DescribeToEPSo
FN:479,_ZNK7testing18PolymorphicMatcherINS_8internal19MatchesRegexMatcherEE15MonomorphicImplIRKNSt7__cxx1112basic_stringIcSt11char_traitsIcESaIcEEEE18DescribeNegationToEPSo
FN:483,_ZNK7testing18PolymorphicMatcherINS_8internal19MatchesRegexMatcherEE15MonomorphicImplIRKNSt7__cxx1112basic_stringIcSt11char_traitsIcESaIcEEEE15MatchAndExplainESC_PNS_19MatchResultListenerE
FNDA:0,_ZNK7testing25MatcherDescriberInterface18DescribeNegationToEPSo
FNDA:0,_ZN7testing8internal23MatcherInterfaceAdapterINSt7__cxx1112basic_stringIcSt11char_traitsIcESaIcEEEED0Ev
FNDA:0,_ZN7testing8internal23MatcherInterfaceAdapterINSt7__cxx1112basic_stringIcSt11char_traitsIcESaIcEEEED2Ev
FNDA:0,_ZNK7testing8internal23MatcherInterfaceAdapterINSt7__cxx1112basic_stringIcSt11char_traitsIcESaIcEEEE10DescribeToEPSo
FNDA:0,_ZNK7testing8internal23MatcherInterfaceAdapterINSt7__cxx1112basic_stringIcSt11char_traitsIcESaIcEEEE18DescribeNegationToEPSo
FNDA:0,_ZNK7testing8internal23MatcherInterfaceAdapterINSt7__cxx1112basic_stringIcSt11char_traitsIcESaIcEEEE15MatchAndExplainERKS7_PNS_19MatchResultListenerE
FNDA:0,_ZN7testing18PolymorphicMatcherINS_8internal19MatchesRegexMatcherEE15MonomorphicImplIRKNSt7__cxx1112basic_stringIcSt11char_traitsIcESaIcEEEED0Ev
FNDA:0,_ZN7testing18PolymorphicMatcherINS_8internal19MatchesRegexMatcherEE15MonomorphicImplIRKNSt7__cxx1112basic_stringIcSt11char_traitsIcESaIcEEEED2Ev
FNDA:0,_ZNK7testing18PolymorphicMatcherINS_8internal19MatchesRegexMatcherEE15MonomorphicImplIRKNSt7__cxx1112basic_stringIcSt11char_traitsIcESaIcEEEE10DescribeToEPSo
FNDA:0,_ZNK7testing18PolymorphicMatcherINS_8internal19MatchesRegexMatcherEE15MonomorphicImplIRKNSt7__cxx1112basic_stringIcSt11char_traitsIcESaIcEEEE18DescribeNegationToEPSo
FNDA:0,_ZNK7testing18PolymorphicMatcherINS_8internal19MatchesRegexMatcherEE15MonomorphicImplIRKNSt7__cxx1112basic_stringIcSt11char_traitsIcESaIcEEEE15MatchAndExplainESC_PNS_19MatchResultListenerE
FNDA:0,_ZNK7testing8internal19MatchesRegexMatcher15MatchAndExplainINSt7__cxx1112basic_stringIcSt11char_traitsIcESaIcEEEEEbRKT_PNS_19MatchResultListenerE.isra.199
FNDA:0,_ZNK7testing8internal19MatchesRegexMatcher10DescribeToEPSo
FNDA:0,_ZNK7testing8internal19MatchesRegexMatcher18DescribeNegationToEPSo
FNF:14
FNH:0
DA:133,0
DA:134,0
DA:135,0
DA:136,0
DA:137,0
DA:190,0
DA:192,0
DA:194,0
DA:195,0
DA:196,0
DA:198,0
DA:200,0
DA:473,0
DA:477,0
DA:479,0
DA:480,0
DA:481,0
DA:483,0
DA:484,0
DA:649,0
DA:652,0
DA:653,0
DA:656,0
DA:657,0
DA:658,0
DA:659,0
DA:661,0
DA:662,0
DA:663,0
DA:664,0
DA:665,0
LF:31
LH:0
end_of_record
SF:/home/mldev/mobis/ccNC_handwriting/selvypen/sdk/test/googletest/googletest/include/gtest/gtest-message.h
FN:147,_ZN7testing7MessagelsIKcEERS0_RKPT_.isra.52
FNDA:0,_ZN7testing7MessagelsIKcEERS0_RKPT_.isra.52
FNF:1
FNH:0
DA:129,160
DA:147,0
DA:148,0
DA:149,0
DA:151,0
DA:153,0
LF:6
LH:1
end_of_record
SF:/home/mldev/mobis/ccNC_handwriting/selvypen/sdk/test/googletest/googletest/include/gtest/gtest-param-test.h
FN:297,_ZN7testing8ValuesInIN9__gnu_cxx17__normal_iteratorIPK10tagInkDataSt6vectorIS3_SaIS3_EEEEEENS_8internal14ParamGeneratorINSt15iterator_traitsIT_E10value_typeEEESD_SD_
FNDA:1,_ZN7testing8ValuesInIN9__gnu_cxx17__normal_iteratorIPK10tagInkDataSt6vectorIS3_SaIS3_EEEEEENS_8internal14ParamGeneratorINSt15iterator_traitsIT_E10value_typeEEESD_SD_
FNF:1
FNH:1
DA:297,1
DA:300,2
DA:311,1
LF:3
LH:3
end_of_record
SF:/home/mldev/mobis/ccNC_handwriting/selvypen/sdk/test/googletest/googletest/include/gtest/gtest-printers.h
FN:183,_ZN7testing8internal14PointerPrinter10PrintValueIKvEEvPT_PSo
FN:901,_ZN7testing13PrintToStringI10tagInkDataEENSt7__cxx1112basic_stringIcSt11char_traitsIcESaIcEEERKT_
FN:901,_ZN7testing13PrintToStringImEENSt7__cxx1112basic_stringIcSt11char_traitsIcESaIcEEERKT_
FN:901,_ZN7testing13PrintToStringIDnEENSt7__cxx1112basic_stringIcSt11char_traitsIcESaIcEEERKT_.isra.153
FN:901,_ZN7testing13PrintToStringIiEENSt7__cxx1112basic_stringIcSt11char_traitsIcESaIcEEERKT_
FN:901,_ZN7testing13PrintToStringI15DHWR_ERROR_CODEEENSt7__cxx1112basic_stringIcSt11char_traitsIcESaIcEEERKT_
FN:901,_ZN7testing13PrintToStringIPKvEENSt7__cxx1112basic_stringIcSt11char_traitsIcESaIcEEERKT_
FNDA:0,_ZN7testing8internal14PointerPrinter10PrintValueIKvEEvPT_PSo
FNDA:0,_ZN7testing13PrintToStringIDnEENSt7__cxx1112basic_stringIcSt11char_traitsIcESaIcEEERKT_.isra.153
FNDA:40,_ZN7testing13PrintToStringI10tagInkDataEENSt7__cxx1112basic_stringIcSt11char_traitsIcESaIcEEERKT_
FNDA:0,_ZN7testing13PrintToStringImEENSt7__cxx1112basic_stringIcSt11char_traitsIcESaIcEEERKT_
FNDA:0,_ZN7testing13PrintToStringIiEENSt7__cxx1112basic_stringIcSt11char_traitsIcESaIcEEERKT_
FNDA:0,_ZN7testing13PrintToStringI15DHWR_ERROR_CODEEENSt7__cxx1112basic_stringIcSt11char_traitsIcESaIcEEERKT_
FNDA:0,_ZN7testing13PrintToStringIPKvEENSt7__cxx1112basic_stringIcSt11char_traitsIcESaIcEEERKT_
FNF:7
FNH:1
DA:183,0
DA:184,0
DA:185,0
DA:192,0
DA:228,0
DA:279,40
DA:312,0
DA:334,0
DA:553,0
DA:571,0
DA:901,40
DA:902,80
DA:903,0
DA:904,40
LF:14
LH:4
end_of_record
SF:/home/mldev/mobis/ccNC_handwriting/selvypen/sdk/test/googletest/googletest/include/gtest/gtest.h
FN:340,_ZN7testing15AssertionResultlsIA5_cEERS0_RKT_
FN:340,_ZN7testing15AssertionResultlsIA12_cEERS0_RKT_
FN:340,_ZN7testing15AssertionResultlsIPKcEERS0_RKT_
FN:340,_ZN7testing15AssertionResultlsIA3_cEERS0_RKT_
FN:521,_ZN7testing4Test5SetupEv
FN:1540,_ZN7testing8internal11CmpHelperEQIimEENS_15AssertionResultEPKcS4_RKT_RKT0_
FN:1540,_ZN7testing8internal11CmpHelperEQI15DHWR_ERROR_CODEiEENS_15AssertionResultEPKcS5_RKT_RKT0_
FN:1638,_ZN7testing8internal11CmpHelperNEIDnPKvEENS_15AssertionResultEPKcS6_RKT_RKT0_
FN:1867,_ZN7testing18WithParamInterfaceI10tagInkDataE8GetParamEv
FNDA:0,_ZN7testing15AssertionResultlsIA5_cEERS0_RKT_
FNDA:0,_ZN7testing15AssertionResultlsINSt7__cxx1112basic_stringIcSt11char_traitsIcESaIcEEEEERS0_RKT_
FNDA:0,_ZN7testing15AssertionResultlsIA3_cEERS0_RKT_
FNDA:0,_ZN7testing15AssertionResultlsIPKcEERS0_RKT_
FNDA:0,_ZN7testing15AssertionResultlsIA12_cEERS0_RKT_
FNDA:0,_ZN7testing15AssertionResult13AppendMessageERKNS_7MessageE
FNDA:0,_ZN7testing4Test5SetupEv
FNDA:0,_ZN7testing8internal18CmpHelperEQFailureIimEENS_15AssertionResultEPKcS4_RKT_RKT0_
FNDA:0,_ZN7testing8internal18CmpHelperEQFailureI15DHWR_ERROR_CODEiEENS_15AssertionResultEPKcS5_RKT_RKT0_
FNDA:1,_ZN7testing8internal11CmpHelperEQIimEENS_15AssertionResultEPKcS4_RKT_RKT0_
FNDA:328,_ZN7testing8internal11CmpHelperEQI15DHWR_ERROR_CODEiEENS_15AssertionResultEPKcS5_RKT_RKT0_
FNDA:0,_ZN7testing8internal18CmpHelperOpFailureIDnPKvEENS_15AssertionResultEPKcS6_RKT_RKT0_S6_
FNDA:123,_ZN7testing8internal11CmpHelperNEIDnPKvEENS_15AssertionResultEPKcS6_RKT_RKT0_
FNDA:40,_ZN7testing18WithParamInterfaceI10tagInkDataE8GetParamEv
FNF:14
FNH:4
DA:334,0
DA:340,0
DA:341,0
DA:342,0
DA:355,0
DA:356,0
DA:357,0
DA:358,0
DA:521,0
DA:1521,0
DA:1528,0
DA:1540,329
DA:1544,329
DA:1545,329
DA:1548,0
DA:1571,329
DA:1602,0
DA:1606,0
DA:1607,0
DA:1608,0
DA:1638,123
DA:1863,41
DA:1867,40
DA:1868,40
DA:1871,40
DA:1878,40
DA:1895,123
LF:27
LH:11
end_of_record
SF:/home/mldev/mobis/ccNC_handwriting/selvypen/sdk/test/googletest/googletest/include/gtest/internal/gtest-internal.h
FN:470,_ZN7testing8internal15TestFactoryImplI40RecognitionTest_setMaxCandidateSize_TestED2Ev
FN:470,_ZN7testing8internal15TestFactoryImplI40RecognitionTest_setMaxCandidateSize_TestED0Ev
FN:472,_ZN7testing8internal15TestFactoryImplI40RecognitionTest_setMaxCandidateSize_TestE10CreateTestEv
FN:521,_ZN7testing8internal16SuiteApiResolverI15RecognitionTestE19GetSetUpCaseOrSuiteEPKci
FN:536,_ZN7testing8internal16SuiteApiResolverI15RecognitionTestE22GetTearDownCaseOrSuiteEPKci
FNDA:1,_ZN7testing8internal15TestFactoryImplI40RecognitionTest_setMaxCandidateSize_TestED0Ev
FNDA:0,_ZN7testing8internal15TestFactoryImplI40RecognitionTest_setMaxCandidateSize_TestED2Ev
FNDA:1,_ZN7testing8internal15TestFactoryImplI40RecognitionTest_setMaxCandidateSize_TestE10CreateTestEv
FNDA:41,_ZN7testing8internal16SuiteApiResolverI15RecognitionTestE19GetSetUpCaseOrSuiteEPKci
FNDA:41,_ZN7testing8internal16SuiteApiResolverI15RecognitionTestE22GetTearDownCaseOrSuiteEPKci
FNF:5
FNH:4
DA:461,41
DA:470,2
DA:472,2
DA:492,90
DA:494,8
DA:521,41
DA:528,41
DA:531,0
DA:533,41
DA:536,41
DA:543,41
DA:546,0
DA:548,41
DA:836,40
LF:14
LH:12
end_of_record
SF:/home/mldev/mobis/ccNC_handwriting/selvypen/sdk/test/googletest/googletest/include/gtest/internal/gtest-param-util.h
FN:297,_ZN7testing8internal30ValuesInIteratorRangeGeneratorIbED2Ev
FN:297,_ZN7testing8internal30ValuesInIteratorRangeGeneratorIbED0Ev
FN:297,_ZN7testing8internal30ValuesInIteratorRangeGeneratorI10tagInkDataED0Ev
FN:297,_ZN7testing8internal30ValuesInIteratorRangeGeneratorI10tagInkDataED2Ev
FN:299,_ZNK7testing8internal30ValuesInIteratorRangeGeneratorIbE5BeginEv
FN:299,_ZNK7testing8internal30ValuesInIteratorRangeGeneratorI10tagInkDataE5BeginEv
FN:302,_ZNK7testing8internal30ValuesInIteratorRangeGeneratorI10tagInkDataE3EndEv
FN:302,_ZNK7testing8internal30ValuesInIteratorRangeGeneratorIbE3EndEv
FN:314,_ZN7testing8internal30ValuesInIteratorRangeGeneratorIbE8IteratorD0Ev
FN:314,_ZN7testing8internal30ValuesInIteratorRangeGeneratorI10tagInkDataE8IteratorD0Ev
FN:314,_ZN7testing8internal30ValuesInIteratorRangeGeneratorIbE8IteratorD2Ev
FN:314,_ZN7testing8internal30ValuesInIteratorRangeGeneratorI10tagInkDataE8IteratorD2Ev
FN:316,_ZNK7testing8internal30ValuesInIteratorRangeGeneratorIbE8Iterator13BaseGeneratorEv
FN:316,_ZNK7testing8internal30ValuesInIteratorRangeGeneratorI10tagInkDataE8Iterator13BaseGeneratorEv
FN:319,_ZN7testing8internal30ValuesInIteratorRangeGeneratorIbE8Iterator7AdvanceEv
FN:319,_ZN7testing8internal30ValuesInIteratorRangeGeneratorI10tagInkDataE8Iterator7AdvanceEv
FN:323,_ZNK7testing8internal30ValuesInIteratorRangeGeneratorI10tagInkDataE8Iterator5CloneEv
FN:323,_ZNK7testing8internal30ValuesInIteratorRangeGeneratorIbE8Iterator5CloneEv
FN:333,_ZNK7testing8internal30ValuesInIteratorRangeGeneratorIbE8Iterator7CurrentEv
FN:333,_ZNK7testing8internal30ValuesInIteratorRangeGeneratorI10tagInkDataE8Iterator7CurrentEv
FN:337,_ZNK7testing8internal30ValuesInIteratorRangeGeneratorIbE8Iterator6EqualsERKNS0_22ParamIteratorInterfaceIbEE
FN:337,_ZNK7testing8internal30ValuesInIteratorRangeGeneratorI10tagInkDataE8Iterator6EqualsERKNS0_22ParamIteratorInterfaceIS2_EE
FN:376,_ZN7testing8internal16DefaultParamNameI10tagInkDataEENSt7__cxx1112basic_stringIcSt11char_traitsIcESaIcEEERKNS_13TestParamInfoIT_EE
FN:399,_ZN7testing8internal24ParameterizedTestFactoryI44RecognitionTest_recognize_parameterized_TestE10CreateTestEv
FN:431,_ZN7testing8internal15TestMetaFactoryI44RecognitionTest_recognize_parameterized_TestED0Ev
FN:431,_ZN7testing8internal15TestMetaFactoryI44RecognitionTest_recognize_parameterized_TestED2Ev
FN:496,_ZN7testing8internal26ParameterizedTestSuiteInfoI15RecognitionTestED0Ev
FN:511,_ZNK7testing8internal26ParameterizedTestSuiteInfoI15RecognitionTestE16GetTestSuiteNameB5cxx11Ev
FN:515,_ZNK7testing8internal26ParameterizedTestSuiteInfoI15RecognitionTestE18GetTestSuiteTypeIdEv
FNDA:1,_ZN7testing8internal30ValuesInIteratorRangeGeneratorI10tagInkDataED0Ev
FNDA:0,_ZN7testing8internal30ValuesInIteratorRangeGeneratorI10tagInkDataED2Ev
FNDA:0,_ZN7testing8internal30ValuesInIteratorRangeGeneratorIbED0Ev
FNDA:0,_ZN7testing8internal30ValuesInIteratorRangeGeneratorIbED2Ev
FNDA:1,_ZNK7testing8internal30ValuesInIteratorRangeGeneratorI10tagInkDataE5BeginEv
FNDA:0,_ZNK7testing8internal30ValuesInIteratorRangeGeneratorIbE5BeginEv
FNDA:41,_ZNK7testing8internal30ValuesInIteratorRangeGeneratorI10tagInkDataE3EndEv
FNDA:0,_ZNK7testing8internal30ValuesInIteratorRangeGeneratorIbE3EndEv
FNDA:0,_ZN7testing8internal30ValuesInIteratorRangeGeneratorIbE8IteratorD0Ev
FNDA:0,_ZN7testing8internal30ValuesInIteratorRangeGeneratorIbE8IteratorD2Ev
FNDA:42,_ZN7testing8internal30ValuesInIteratorRangeGeneratorI10tagInkDataE8IteratorD0Ev
FNDA:0,_ZN7testing8internal30ValuesInIteratorRangeGeneratorI10tagInkDataE8IteratorD2Ev
FNDA:0,_ZNK7testing8internal30ValuesInIteratorRangeGeneratorIbE8Iterator13BaseGeneratorEv
FNDA:82,_ZNK7testing8internal30ValuesInIteratorRangeGeneratorI10tagInkDataE8Iterator13BaseGeneratorEv
FNDA:0,_ZN7testing8internal30ValuesInIteratorRangeGeneratorIbE8Iterator7AdvanceEv
FNDA:40,_ZN7testing8internal30ValuesInIteratorRangeGeneratorI10tagInkDataE8Iterator7AdvanceEv
FNDA:0,_ZNK7testing8internal30ValuesInIteratorRangeGeneratorIbE8Iterator5CloneEv
FNDA:0,_ZNK7testing8internal30ValuesInIteratorRangeGeneratorI10tagInkDataE8Iterator5CloneEv
FNDA:0,_ZNK7testing8internal30ValuesInIteratorRangeGeneratorIbE8Iterator7CurrentEv
FNDA:120,_ZNK7testing8internal30ValuesInIteratorRangeGeneratorI10tagInkDataE8Iterator7CurrentEv
FNDA:0,_ZNK7testing8internal30ValuesInIteratorRangeGeneratorIbE8Iterator6EqualsERKNS0_22ParamIteratorInterfaceIbEE
FNDA:41,_ZNK7testing8internal30ValuesInIteratorRangeGeneratorI10tagInkDataE8Iterator6EqualsERKNS0_22ParamIteratorInterfaceIS2_EE
FNDA:40,_ZN7testing8internal16DefaultParamNameI10tagInkDataEENSt7__cxx1112basic_stringIcSt11char_traitsIcESaIcEEERKNS_13TestParamInfoIT_EE
FNDA:40,_ZN7testing8internal24ParameterizedTestFactoryI44RecognitionTest_recognize_parameterized_TestED0Ev
FNDA:0,_ZN7testing8internal24ParameterizedTestFactoryI44RecognitionTest_recognize_parameterized_TestED2Ev
FNDA:40,_ZN7testing8internal24ParameterizedTestFactoryI44RecognitionTest_recognize_parameterized_TestE10CreateTestEv
FNDA:1,_ZN7testing8internal15TestMetaFactoryI44RecognitionTest_recognize_parameterized_TestED0Ev
FNDA:0,_ZN7testing8internal15TestMetaFactoryI44RecognitionTest_recognize_parameterized_TestED2Ev
FNDA:40,_ZN7testing8internal15TestMetaFactoryI44RecognitionTest_recognize_parameterized_TestE17CreateTestFactoryE10tagInkData
FNDA:1,_ZN7testing8internal26ParameterizedTestSuiteInfoI15RecognitionTestED0Ev
FNDA:1,_ZN7testing8internal26ParameterizedTestSuiteInfoI15RecognitionTestED2Ev
FNDA:1,_ZN7testing8internal26ParameterizedTestSuiteInfoI15RecognitionTestEC2EPKcNS0_12CodeLocationE
FNDA:1,_ZNK7testing8internal26ParameterizedTestSuiteInfoI15RecognitionTestE16GetTestSuiteNameB5cxx11Ev
FNDA:41,_ZNK7testing8internal26ParameterizedTestSuiteInfoI15RecognitionTestE18GetTestSuiteTypeIdEv
FNDA:1,_ZN7testing8internal26ParameterizedTestSuiteInfoI15RecognitionTestE14AddTestPatternEPKcS5_PNS0_19TestMetaFactoryBaseI10tagInkDataEENS0_12CodeLocationE
FNDA:1,_ZN7testing8internal26ParameterizedTestSuiteInfoI15RecognitionTestE25AddTestSuiteInstantiationERKNSt7__cxx1112basic_stringIcSt11char_traitsIcESaIcEEEPFNS0_14ParamGeneratorI10tagInkDataEEvEPFS9_RKNS_13TestParamInfoISD_EEEPKci
FNDA:1,_ZN7testing8internal26ParameterizedTestSuiteInfoI15RecognitionTestE13RegisterTestsEv
FNDA:1,_ZN7testing8internal26ParameterizedTestSuiteInfoI15RecognitionTestE8TestInfoD2Ev
FNDA:1,_ZN7testing8internal26ParameterizedTestSuiteInfoI15RecognitionTestE8TestInfoC2EPKcS6_PNS0_19TestMetaFactoryBaseI10tagInkDataEENS0_12CodeLocationE
FNDA:40,_ZN7testing8internal26ParameterizedTestSuiteInfoI15RecognitionTestE16IsValidParamNameERKNSt7__cxx1112basic_stringIcSt11char_traitsIcESaIcEEE
FNDA:2,_ZN7testing8internal30ParameterizedTestSuiteRegistry25GetTestSuitePatternHolderI15RecognitionTestEEPNS0_26ParameterizedTestSuiteInfoIT_EEPKcNS0_12CodeLocationE
FNF:41
FNH:25
DA:59,40
DA:61,40
DA:137,120
DA:141,40
DA:151,41
DA:195,1
DA:196,41
DA:295,1
DA:296,1
DA:297,1
DA:299,1
DA:300,2
DA:302,41
DA:303,82
DA:311,42
DA:313,42
DA:314,84
DA:316,82
DA:317,82
DA:319,40
DA:322,40
DA:323,0
DA:324,0
DA:333,120
DA:334,160
DA:335,120
DA:337,41
DA:340,41
DA:344,82
DA:348,0
DA:352,0
DA:353,0
DA:376,40
DA:377,40
DA:378,40
DA:379,80
DA:394,80
DA:397,40
DA:398,40
DA:399,40
DA:400,40
DA:401,80
DA:431,1
DA:436,1
DA:438,40
DA:439,80
DA:471,1
DA:496,3
DA:506,1
DA:508,2
DA:511,1
DA:512,1
DA:515,41
DA:522,1
DA:525,4
DA:527,1
DA:530,1
DA:534,2
DA:536,1
DA:543,1
DA:547,2
DA:550,2
DA:552,1
DA:553,1
DA:554,1
DA:555,1
DA:556,1
DA:559,1
DA:560,2
DA:565,40
DA:567,41
DA:570,40
DA:572,80
DA:575,40
DA:578,0
DA:580,80
DA:582,0
DA:586,40
DA:590,400
DA:594,40
DA:602,1
DA:604,0
DA:605,0
DA:607,1
DA:612,2
DA:613,1
DA:619,2
DA:630,3
DA:631,1
DA:640,1
DA:650,40
DA:652,40
DA:656,180
DA:657,70
DA:696,2
DA:699,2
DA:700,2
DA:701,1
DA:705,0
DA:711,1
DA:712,1
DA:717,2
DA:718,2
DA:720,2
DA:722,2
LF:105
LH:95
end_of_record
SF:/home/mldev/mobis/ccNC_handwriting/selvypen/sdk/test/googletest/googletest/include/gtest/internal/gtest-port.h
FN:1112,_ZN7testing8internal27CheckedDowncastToActualTypeIKNS0_30ValuesInIteratorRangeGeneratorI10tagInkDataE8IteratorEKNS0_22ParamIteratorInterfaceIS3_EEEEPT_PT0_
FN:1112,_ZN7testing8internal27CheckedDowncastToActualTypeINS0_26ParameterizedTestSuiteInfoI15RecognitionTestEENS0_30ParameterizedTestSuiteInfoBaseEEEPT_PT0_
FN:1112,_ZN7testing8internal27CheckedDowncastToActualTypeIKNS0_30ValuesInIteratorRangeGeneratorIbE8IteratorEKNS0_22ParamIteratorInterfaceIbEEEEPT_PT0_
FNDA:0,_ZN7testing8internal27CheckedDowncastToActualTypeIKNS0_30ValuesInIteratorRangeGeneratorIbE8IteratorEKNS0_22ParamIteratorInterfaceIbEEEEPT_PT0_
FNDA:41,_ZN7testing8internal27CheckedDowncastToActualTypeIKNS0_30ValuesInIteratorRangeGeneratorI10tagInkDataE8IteratorEKNS0_22ParamIteratorInterfaceIS3_EEEEPT_PT0_
FNDA:1,_ZN7testing8internal27CheckedDowncastToActualTypeINS0_26ParameterizedTestSuiteInfoI15RecognitionTestEENS0_30ParameterizedTestSuiteInfoBaseEEEPT_PT0_
FNF:3
FNH:2
DA:909,0
DA:912,0
DA:1112,42
DA:1114,84
DA:1120,42
DA:2109,0
LF:6
LH:3
end_of_record
SF:/home/mldev/mobis/ccNC_handwriting/selvypen/sdk/test/recognition_test/data/ink_known_issue.h
DA:43,2
LF:1
LH:1
end_of_record
SF:/home/mldev/mobis/ccNC_handwriting/selvypen/sdk/test/recognition_test/recognition_test.cc
FN:7,_ZL47gtest_RecognitionRecognitionTest_EvalGenerator_v
FN:7,_ZL50gtest_RecognitionRecognitionTest_EvalGenerateName_RKN7testing13TestParamInfoI10tagInkDataEE
FN:17,_ZL14makeInputEventPKvPKi
FN:83,_ZN15RecognitionTestD0Ev
FN:83,_ZN15RecognitionTestD2Ev
FN:90,_ZN15RecognitionTest5SetUpEv
FN:93,_ZN15RecognitionTest8TearDownEv
FN:96,_ZN44RecognitionTest_recognize_parameterized_TestD0Ev
FN:96,_ZN44RecognitionTest_recognize_parameterized_TestD2Ev
FN:119,_ZN40RecognitionTest_setMaxCandidateSize_TestD2Ev
FN:119,_ZN40RecognitionTest_setMaxCandidateSize_TestD0Ev
FN:141,_GLOBAL__sub_I__ZN15RecognitionTestC2Ev
FNDA:40,_ZL50gtest_RecognitionRecognitionTest_EvalGenerateName_RKN7testing13TestParamInfoI10tagInkDataEE
FNDA:1,_ZL47gtest_RecognitionRecognitionTest_EvalGenerator_v
FNDA:41,_ZL14makeInputEventPKvPKi
FNDA:41,_ZL16getCandidateListPKv
FNDA:41,_ZN15RecognitionTestC2Ev
FNDA:0,_ZN15RecognitionTestD0Ev
FNDA:41,_ZN15RecognitionTestD2Ev
FNDA:41,_ZN15RecognitionTest5SetUpEv
FNDA:41,_ZN15RecognitionTest8TearDownEv
FNDA:40,_ZN44RecognitionTest_recognize_parameterized_TestD0Ev
FNDA:0,_ZN44RecognitionTest_recognize_parameterized_TestD2Ev
FNDA:40,_ZN44RecognitionTest_recognize_parameterized_Test8TestBodyEv
FNDA:1,_ZN44RecognitionTest_recognize_parameterized_Test13AddToRegistryEv
FNDA:1,_ZN40RecognitionTest_setMaxCandidateSize_TestD0Ev
FNDA:0,_ZN40RecognitionTest_setMaxCandidateSize_TestD2Ev
FNDA:1,_ZN40RecognitionTest_setMaxCandidateSize_Test8TestBodyEv
FNDA:1,_GLOBAL__sub_I__ZN15RecognitionTestC2Ev
FNDA:1,_Z41__static_initialization_and_destruction_0ii
FNF:18
FNH:15
DA:7,127
DA:17,41
DA:18,41
DA:21,10051
DA:23,5005
DA:24,233
DA:26,4772
DA:28,5005
DA:30,41
DA:32,41
DA:35,41
DA:36,41
DA:40,1235
DA:41,606
DA:42,606
DA:44,1800
DA:45,606
DA:46,606
DA:47,606
DA:48,606
DA:50,9
DA:52,597
DA:53,597
DA:61,597
DA:67,82
DA:68,41
DA:69,41
DA:70,82
DA:71,41
DA:72,82
DA:73,41
DA:74,82
DA:75,41
DA:76,41
DA:77,41
DA:78,41
DA:79,41
DA:80,41
DA:81,41
DA:83,82
DA:84,41
DA:85,41
DA:86,41
DA:87,41
DA:88,41
DA:90,41
DA:91,41
DA:93,41
DA:94,41
DA:96,129
DA:97,40
DA:98,40
DA:99,80
DA:100,40
DA:101,80
DA:102,40
DA:103,80
DA:104,40
DA:105,80
DA:107,40
DA:108,40
DA:109,80
DA:110,80
DA:113,80
DA:116,80
DA:117,40
DA:119,8
DA:120,1
DA:121,2
DA:122,1
DA:123,2
DA:124,1
DA:125,2
DA:126,1
DA:127,1
DA:128,2
DA:130,1
DA:131,1
DA:132,2
DA:133,2
DA:134,3
DA:135,1
DA:137,2
DA:140,2
DA:141,4
LF:85
LH:85
end_of_record
SF:/usr/include/c++/7/bits/alloc_traits.h
DA:475,597
LF:1
LH:1
end_of_record
SF:/usr/include/c++/7/bits/basic_string.h
FN:509,_ZNSt7__cxx1112basic_stringIwSt11char_traitsIwESaIwEEC2EPKwRKS3_.isra.80
FN:509,_ZNSt7__cxx1112basic_stringIcSt11char_traitsIcESaIcEEC2EPKcRKS3_.isra.77
FN:5925,_ZStplIcSt11char_traitsIcESaIcEENSt7__cxx1112basic_stringIT_T0_T1_EERKS8_PKS5_
FNDA:41,_ZNSt7__cxx1112basic_stringIwSt11char_traitsIwESaIwEEC2EPKwRKS3_.isra.80
FNDA:8,_ZNSt7__cxx1112basic_stringIcSt11char_traitsIcESaIcEEC2EPKcRKS3_.isra.77
FNDA:1,_ZStplIcSt11char_traitsIcESaIcEENSt7__cxx1112basic_stringIT_T0_T1_EERKS8_PKS5_
FNF:3
FNH:3
DA:145,49
DA:146,49
DA:148,1655
DA:149,1656
DA:168,102
DA:172,829
DA:182,970
DA:192,1499
DA:200,101
DA:206,179
DA:211,2481
DA:220,2480
DA:236,1056
DA:337,179
DA:338,39
DA:340,12
DA:420,648
DA:437,1006
DA:440,1007
DA:509,49
DA:511,147
DA:531,1
DA:534,1
DA:542,0
DA:548,1
DA:647,1416
DA:1022,81
DA:1039,70
DA:1212,1
DA:1356,41
DA:2281,121
DA:2293,80
DA:5925,1
DA:5929,1
DA:5930,1
DA:6045,1
DA:6097,532
DA:6289,160
LF:38
LH:37
end_of_record
SF:/usr/include/c++/7/bits/basic_string.tcc
FNDA:130,_ZNSt7__cxx1112basic_stringIcSt11char_traitsIcESaIcEE12_M_constructIPcEEvT_S7_St20forward_iterator_tag.isra.82
FNDA:8,_ZNSt7__cxx1112basic_stringIcSt11char_traitsIcESaIcEE12_M_constructIPKcEEvT_S8_St20forward_iterator_tag.isra.75
FNDA:0,_ZNSt7__cxx1112basic_stringIwSt11char_traitsIwESaIwEE12_M_constructIPwEEvT_S7_St20forward_iterator_tag
FNDA:41,_ZNSt7__cxx1112basic_stringIwSt11char_traitsIwESaIwEE12_M_constructIPKwEEvT_S8_St20forward_iterator_tag
FNF:4
FNH:3
DA:206,179
DA:211,179
DA:212,0
DA:215,179
DA:217,179
DA:219,101
DA:220,101
DA:225,179
DA:232,179
DA:233,179
LF:10
LH:9
end_of_record
SF:/usr/include/c++/7/bits/char_traits.h
FN:458,_ZNSt11char_traitsIwE4copyEPwPKwm
FNDA:506,_ZNSt11char_traitsIwE4copyEPwPKwm
FNF:1
FNH:1
DA:285,150
DA:320,8
DA:348,128
DA:350,128
DA:398,717
DA:431,41
DA:458,506
DA:460,506
LF:8
LH:8
end_of_record
SF:/usr/include/c++/7/bits/locale_facets.h
FN:872,_ZNKSt5ctypeIcE5widenEc
FN:1082,_ZNKSt5ctypeIcE8do_widenEc
FNDA:0,_ZNKSt5ctypeIcE5widenEc
FNDA:0,_ZNKSt5ctypeIcE8do_widenEc
FNF:2
FNH:0
DA:872,0
DA:874,0
DA:875,0
DA:876,0
DA:877,0
DA:1082,0
DA:1083,0
LF:7
LH:0
end_of_record
SF:/usr/include/c++/7/bits/move.h
DA:198,80
DA:199,80
LF:2
LH:2
end_of_record
SF:/usr/include/c++/7/bits/shared_ptr.h
DA:93,1
DA:119,1
LF:2
LH:2
end_of_record
SF:/usr/include/c++/7/bits/shared_ptr_base.h
FN:130,_ZNSt16_Sp_counted_baseILN9__gnu_cxx12_Lock_policyE2EE10_M_destroyEv
FN:147,_ZNSt16_Sp_counted_baseILN9__gnu_cxx12_Lock_policyE2EE10_M_releaseEv
FN:367,_ZNSt15_Sp_counted_ptrIPN7testing8internal23ParamGeneratorInterfaceI10tagInkDataEELN9__gnu_cxx12_Lock_policyE2EED2Ev
FN:367,_ZNSt15_Sp_counted_ptrIPKN7testing8internal2REELN9__gnu_cxx12_Lock_policyE2EED2Ev
FN:367,_ZNSt15_Sp_counted_ptrIPN7testing8internal23ParamGeneratorInterfaceIbEELN9__gnu_cxx12_Lock_policyE2EED0Ev
FN:367,_ZNSt15_Sp_counted_ptrIPN7testing8internal23ParamGeneratorInterfaceIbEELN9__gnu_cxx12_Lock_policyE2EED2Ev
FN:367,_ZNSt15_Sp_counted_ptrIPKN7testing16MatcherInterfaceIRKNSt7__cxx1112basic_stringIcSt11char_traitsIcESaIcEEEEELN9__gnu_cxx12_Lock_policyE2EED0Ev
FN:367,_ZNSt15_Sp_counted_ptrIPN7testing8internal26ParameterizedTestSuiteInfoI15RecognitionTestE8TestInfoELN9__gnu_cxx12_Lock_policyE2EED0Ev
FN:367,_ZNSt15_Sp_counted_ptrIPN7testing8internal23ParamGeneratorInterfaceI10tagInkDataEELN9__gnu_cxx12_Lock_policyE2EED0Ev
FN:367,_ZNSt15_Sp_counted_ptrIPN7testing8internal26ParameterizedTestSuiteInfoI15RecognitionTestE8TestInfoELN9__gnu_cxx12_Lock_policyE2EED2Ev
FN:367,_ZNSt15_Sp_counted_ptrIPN7testing8internal23MatcherInterfaceAdapterINSt7__cxx1112basic_stringIcSt11char_traitsIcESaIcEEEEELN9__gnu_cxx12_Lock_policyE2EED0Ev
FN:367,_ZNSt15_Sp_counted_ptrIPKN7testing8internal2REELN9__gnu_cxx12_Lock_policyE2EED0Ev
FN:367,_ZNSt15_Sp_counted_ptrIPKN7testing16MatcherInterfaceIRKNSt7__cxx1112basic_stringIcSt11char_traitsIcESaIcEEEEELN9__gnu_cxx12_Lock_policyE2EED2Ev
FN:367,_ZNSt15_Sp_counted_ptrIPN7testing8internal23MatcherInterfaceAdapterINSt7__cxx1112basic_stringIcSt11char_traitsIcESaIcEEEEELN9__gnu_cxx12_Lock_policyE2EED2Ev
FN:375,_ZNSt15_Sp_counted_ptrIPN7testing8internal26ParameterizedTestSuiteInfoI15RecognitionTestE8TestInfoELN9__gnu_cxx12_Lock_policyE2EE10_M_disposeEv
FN:375,_ZNSt15_Sp_counted_ptrIPN7testing8internal23MatcherInterfaceAdapterINSt7__cxx1112basic_stringIcSt11char_traitsIcESaIcEEEEELN9__gnu_cxx12_Lock_policyE2EE10_M_disposeEv
FN:375,_ZNSt15_Sp_counted_ptrIPKN7testing16MatcherInterfaceIRKNSt7__cxx1112basic_stringIcSt11char_traitsIcESaIcEEEEELN9__gnu_cxx12_Lock_policyE2EE10_M_disposeEv
FN:375,_ZNSt15_Sp_counted_ptrIPN7testing8internal23ParamGeneratorInterfaceI10tagInkDataEELN9__gnu_cxx12_Lock_policyE2EE10_M_disposeEv
FN:375,_ZNSt15_Sp_counted_ptrIPKN7testing8internal2REELN9__gnu_cxx12_Lock_policyE2EE10_M_disposeEv
FN:375,_ZNSt15_Sp_counted_ptrIPN7testing8internal23ParamGeneratorInterfaceIbEELN9__gnu_cxx12_Lock_policyE2EE10_M_disposeEv
FN:379,_ZNSt15_Sp_counted_ptrIPN7testing8internal23MatcherInterfaceAdapterINSt7__cxx1112basic_stringIcSt11char_traitsIcESaIcEEEEELN9__gnu_cxx12_Lock_policyE2EE10_M_destroyEv
FN:379,_ZNSt15_Sp_counted_ptrIPKN7testing8internal2REELN9__gnu_cxx12_Lock_policyE2EE10_M_destroyEv
FN:379,_ZNSt15_Sp_counted_ptrIPN7testing8internal23ParamGeneratorInterfaceI10tagInkDataEELN9__gnu_cxx12_Lock_policyE2EE10_M_destroyEv
FN:379,_ZNSt15_Sp_counted_ptrIPN7testing8internal26ParameterizedTestSuiteInfoI15RecognitionTestE8TestInfoELN9__gnu_cxx12_Lock_policyE2EE10_M_destroyEv
FN:379,_ZNSt15_Sp_counted_ptrIPN7testing8internal23ParamGeneratorInterfaceIbEELN9__gnu_cxx12_Lock_policyE2EE10_M_destroyEv
FN:379,_ZNSt15_Sp_counted_ptrIPKN7testing16MatcherInterfaceIRKNSt7__cxx1112basic_stringIcSt11char_traitsIcESaIcEEEEELN9__gnu_cxx12_Lock_policyE2EE10_M_destroyEv
FN:383,_ZNSt15_Sp_counted_ptrIPN7testing8internal26ParameterizedTestSuiteInfoI15RecognitionTestE8TestInfoELN9__gnu_cxx12_Lock_policyE2EE14_M_get_deleterERKSt9type_info
FN:383,_ZNSt15_Sp_counted_ptrIPN7testing8internal23ParamGeneratorInterfaceI10tagInkDataEELN9__gnu_cxx12_Lock_policyE2EE14_M_get_deleterERKSt9type_info
FN:403,_ZNSt15_Sp_counted_ptrIDnLN9__gnu_cxx12_Lock_policyE2EE10_M_disposeEv
FN:580,_ZNSt14__shared_countILN9__gnu_cxx12_Lock_policyE2EEC2IPN7testing8internal26ParameterizedTestSuiteInfoI15RecognitionTestE8TestInfoEEET_
FN:580,_ZNSt14__shared_countILN9__gnu_cxx12_Lock_policyE2EEC2IPN7testing8internal23ParamGeneratorInterfaceI10tagInkDataEEEET_
FN:1121,_ZNSt12__shared_ptrIKN7testing8internal23ParamGeneratorInterfaceI10tagInkDataEELN9__gnu_cxx12_Lock_policyE2EEC2ERKS8_
FN:1121,_ZNSt12__shared_ptrIN7testing8internal26ParameterizedTestSuiteInfoI15RecognitionTestE8TestInfoELN9__gnu_cxx12_Lock_policyE2EEC2ERKS8_
FNDA:0,_ZNSt16_Sp_counted_baseILN9__gnu_cxx12_Lock_policyE2EE10_M_destroyEv
FNDA:3,_ZNSt16_Sp_counted_baseILN9__gnu_cxx12_Lock_policyE2EE10_M_releaseEv
FNDA:0,_ZNSt15_Sp_counted_ptrIPKN7testing8internal2REELN9__gnu_cxx12_Lock_policyE2EED0Ev
FNDA:0,_ZNSt15_Sp_counted_ptrIPKN7testing8internal2REELN9__gnu_cxx12_Lock_policyE2EED2Ev
FNDA:0,_ZNSt15_Sp_counted_ptrIPKN7testing16MatcherInterfaceIRKNSt7__cxx1112basic_stringIcSt11char_traitsIcESaIcEEEEELN9__gnu_cxx12_Lock_policyE2EED0Ev
FNDA:0,_ZNSt15_Sp_counted_ptrIPKN7testing16MatcherInterfaceIRKNSt7__cxx1112basic_stringIcSt11char_traitsIcESaIcEEEEELN9__gnu_cxx12_Lock_policyE2EED2Ev
FNDA:0,_ZNSt15_Sp_counted_ptrIPN7testing8internal23MatcherInterfaceAdapterINSt7__cxx1112basic_stringIcSt11char_traitsIcESaIcEEEEELN9__gnu_cxx12_Lock_policyE2EED0Ev
FNDA:0,_ZNSt15_Sp_counted_ptrIPN7testing8internal23MatcherInterfaceAdapterINSt7__cxx1112basic_stringIcSt11char_traitsIcESaIcEEEEELN9__gnu_cxx12_Lock_policyE2EED2Ev
FNDA:0,_ZNSt15_Sp_counted_ptrIPN7testing8internal26ParameterizedTestSuiteInfoI15RecognitionTestE8TestInfoELN9__gnu_cxx12_Lock_policyE2EED0Ev
FNDA:0,_ZNSt15_Sp_counted_ptrIPN7testing8internal26ParameterizedTestSuiteInfoI15RecognitionTestE8TestInfoELN9__gnu_cxx12_Lock_policyE2EED2Ev
FNDA:0,_ZNSt15_Sp_counted_ptrIPN7testing8internal23ParamGeneratorInterfaceI10tagInkDataEELN9__gnu_cxx12_Lock_policyE2EED0Ev
FNDA:0,_ZNSt15_Sp_counted_ptrIPN7testing8internal23ParamGeneratorInterfaceI10tagInkDataEELN9__gnu_cxx12_Lock_policyE2EED2Ev
FNDA:0,_ZNSt15_Sp_counted_ptrIPN7testing8internal23ParamGeneratorInterfaceIbEELN9__gnu_cxx12_Lock_policyE2EED0Ev
FNDA:0,_ZNSt15_Sp_counted_ptrIPN7testing8internal23ParamGeneratorInterfaceIbEELN9__gnu_cxx12_Lock_policyE2EED2Ev
FNDA:0,_ZNSt15_Sp_counted_ptrIPKN7testing8internal2REELN9__gnu_cxx12_Lock_policyE2EE10_M_disposeEv
FNDA:0,_ZNSt15_Sp_counted_ptrIPKN7testing16MatcherInterfaceIRKNSt7__cxx1112basic_stringIcSt11char_traitsIcESaIcEEEEELN9__gnu_cxx12_Lock_policyE2EE10_M_disposeEv
FNDA:0,_ZNSt15_Sp_counted_ptrIPN7testing8internal23MatcherInterfaceAdapterINSt7__cxx1112basic_stringIcSt11char_traitsIcESaIcEEEEELN9__gnu_cxx12_Lock_policyE2EE10_M_disposeEv
FNDA:1,_ZNSt15_Sp_counted_ptrIPN7testing8internal26ParameterizedTestSuiteInfoI15RecognitionTestE8TestInfoELN9__gnu_cxx12_Lock_policyE2EE10_M_disposeEv
FNDA:1,_ZNSt15_Sp_counted_ptrIPN7testing8internal23ParamGeneratorInterfaceI10tagInkDataEELN9__gnu_cxx12_Lock_policyE2EE10_M_disposeEv
FNDA:0,_ZNSt15_Sp_counted_ptrIPN7testing8internal23ParamGeneratorInterfaceIbEELN9__gnu_cxx12_Lock_policyE2EE10_M_disposeEv
FNDA:0,_ZNSt15_Sp_counted_ptrIPKN7testing8internal2REELN9__gnu_cxx12_Lock_policyE2EE10_M_destroyEv
FNDA:0,_ZNSt15_Sp_counted_ptrIPKN7testing16MatcherInterfaceIRKNSt7__cxx1112basic_stringIcSt11char_traitsIcESaIcEEEEELN9__gnu_cxx12_Lock_policyE2EE10_M_destroyEv
FNDA:0,_ZNSt15_Sp_counted_ptrIPN7testing8internal23MatcherInterfaceAdapterINSt7__cxx1112basic_stringIcSt11char_traitsIcESaIcEEEEELN9__gnu_cxx12_Lock_policyE2EE10_M_destroyEv
FNDA:1,_ZNSt15_Sp_counted_ptrIPN7testing8internal26ParameterizedTestSuiteInfoI15RecognitionTestE8TestInfoELN9__gnu_cxx12_Lock_policyE2EE10_M_destroyEv
FNDA:1,_ZNSt15_Sp_counted_ptrIPN7testing8internal23ParamGeneratorInterfaceI10tagInkDataEELN9__gnu_cxx12_Lock_policyE2EE10_M_destroyEv
FNDA:0,_ZNSt15_Sp_counted_ptrIPN7testing8internal23ParamGeneratorInterfaceIbEELN9__gnu_cxx12_Lock_policyE2EE10_M_destroyEv
FNDA:0,_ZNSt15_Sp_counted_ptrIPN7testing8internal26ParameterizedTestSuiteInfoI15RecognitionTestE8TestInfoELN9__gnu_cxx12_Lock_policyE2EE14_M_get_deleterERKSt9type_info
FNDA:0,_ZNSt15_Sp_counted_ptrIPN7testing8internal23ParamGeneratorInterfaceI10tagInkDataEELN9__gnu_cxx12_Lock_policyE2EE14_M_get_deleterERKSt9type_info
FNDA:0,_ZNSt15_Sp_counted_ptrIDnLN9__gnu_cxx12_Lock_policyE2EE10_M_disposeEv
FNDA:1,_ZNSt14__shared_countILN9__gnu_cxx12_Lock_policyE2EEC2IPN7testing8internal23ParamGeneratorInterfaceI10tagInkDataEEEET_
FNDA:1,_ZNSt14__shared_countILN9__gnu_cxx12_Lock_policyE2EEC2IPN7testing8internal26ParameterizedTestSuiteInfoI15RecognitionTestE8TestInfoEEET_
FNDA:1,_ZNSt12__shared_ptrIN7testing8internal26ParameterizedTestSuiteInfoI15RecognitionTestE8TestInfoELN9__gnu_cxx12_Lock_policyE2EEC2ERKS8_
FNDA:0,_ZNSt12__shared_ptrIKN7testing8internal23ParamGeneratorInterfaceI10tagInkDataEELN9__gnu_cxx12_Lock_policyE2EEC2ERKS8_
FNF:33
FNH:8
DA:116,2
DA:117,2
DA:130,0
DA:131,0
DA:138,1
DA:147,3
DA:151,6
DA:154,2
DA:166,4
DA:170,2
DA:173,3
DA:367,2
DA:371,2
DA:372,2
DA:375,2
DA:376,2
DA:379,2
DA:380,2
DA:383,0
DA:384,0
DA:403,0
DA:575,1
DA:580,2
DA:584,4
DA:586,0
DA:588,0
DA:589,0
DA:591,2
DA:594,1
DA:595,2
DA:683,4
DA:684,3
DA:687,1
DA:688,1
DA:690,1
DA:712,1
DA:713,1
DA:714,1
DA:975,163
DA:1079,2
DA:1121,2
DA:1130,1
DA:1131,1
DA:1134,1
LF:44
LH:36
end_of_record
SF:/usr/include/c++/7/bits/stl_algobase.h
DA:224,208
DA:366,2
DA:367,2
DA:368,0
DA:369,2
LF:5
LH:4
end_of_record
SF:/usr/include/c++/7/bits/stl_bvector.h
FN:495,_ZNSt13_Bvector_baseISaIbEE13_M_deallocateEv
FNDA:0,_ZNSt13_Bvector_baseISaIbEE13_M_deallocateEv
FNF:1
FNH:0
DA:81,0
DA:148,0
DA:150,0
DA:151,0
DA:181,0
DA:313,0
DA:321,0
DA:444,0
DA:485,0
DA:495,0
DA:497,0
DA:499,0
DA:500,0
DA:501,0
DA:503,0
DA:504,0
DA:506,0
DA:679,0
LF:18
LH:0
end_of_record
SF:/usr/include/c++/7/bits/stl_construct.h
DA:75,695
DA:107,2840
LF:2
LH:2
end_of_record
SF:/usr/include/c++/7/bits/stl_iterator.h
DA:783,212
DA:796,40
DA:805,82
DA:872,41
DA:886,41
DA:968,209
DA:1049,2
DA:1062,615
LF:8
LH:8
end_of_record
SF:/usr/include/c++/7/bits/stl_iterator_base_funcs.h
DA:104,180
LF:1
LH:1
end_of_record
SF:/usr/include/c++/7/bits/stl_pair.h
DA:342,40
LF:1
LH:1
end_of_record
SF:/usr/include/c++/7/bits/stl_set.h
DA:271,1
DA:501,40
DA:739,80
LF:3
LH:3
end_of_record
SF:/usr/include/c++/7/bits/stl_tree.h
FN:1850,_ZNSt8_Rb_treeINSt7__cxx1112basic_stringIcSt11char_traitsIcESaIcEEES5_St9_IdentityIS5_ESt4lessIS5_ESaIS5_EE8_M_eraseEPSt13_Rb_tree_nodeIS5_E
FN:2082,_ZNSt8_Rb_treeINSt7__cxx1112basic_stringIcSt11char_traitsIcESaIcEEES5_St9_IdentityIS5_ESt4lessIS5_ESaIS5_EE16_M_insert_uniqueIRKS5_EESt4pairISt17_Rb_tree_iteratorIS5_EbEOT_
FNDA:40,_ZNSt8_Rb_treeINSt7__cxx1112basic_stringIcSt11char_traitsIcESaIcEEES5_St9_IdentityIS5_ESt4lessIS5_ESaIS5_EE17_M_construct_nodeIJRKS5_EEEvPSt13_Rb_tree_nodeIS5_EDpOT_.isra.225
FNDA:40,_ZNSt8_Rb_treeINSt7__cxx1112basic_stringIcSt11char_traitsIcESaIcEEES5_St9_IdentityIS5_ESt4lessIS5_ESaIS5_EE12_M_drop_nodeEPSt13_Rb_tree_nodeIS5_E.isra.221
FNDA:40,_ZNSt8_Rb_treeINSt7__cxx1112basic_stringIcSt11char_traitsIcESaIcEEES5_St9_IdentityIS5_ESt4lessIS5_ESaIS5_EE10_M_insert_IRKS5_NSB_11_Alloc_nodeEEESt17_Rb_tree_iteratorIS5_EPSt18_Rb_tree_node_baseSJ_OT_RT0_.isra.232
FNDA:41,_ZNSt8_Rb_treeINSt7__cxx1112basic_stringIcSt11char_traitsIcESaIcEEES5_St9_IdentityIS5_ESt4lessIS5_ESaIS5_EE8_M_eraseEPSt13_Rb_tree_nodeIS5_E
FNDA:40,_ZNSt8_Rb_treeINSt7__cxx1112basic_stringIcSt11char_traitsIcESaIcEEES5_St9_IdentityIS5_ESt4lessIS5_ESaIS5_EE24_M_get_insert_unique_posERKS5_
FNDA:40,_ZNSt8_Rb_treeINSt7__cxx1112basic_stringIcSt11char_traitsIcESaIcEEES5_St9_IdentityIS5_ESt4lessIS5_ESaIS5_EE16_M_insert_uniqueIRKS5_EESt4pairISt17_Rb_tree_iteratorIS5_EbEOT_
FNDA:40,_ZNKSt8_Rb_treeINSt7__cxx1112basic_stringIcSt11char_traitsIcESaIcEEES5_St9_IdentityIS5_ESt4lessIS5_ESaIS5_EE4findERKS5_
FNF:7
FNH:7
DA:146,1
DA:174,1
DA:175,1
DA:208,1
DA:209,1
DA:210,1
DA:211,1
DA:302,10
DA:395,40
DA:621,40
DA:630,0
DA:634,0
DA:636,40
DA:643,40
DA:656,40
DA:660,40
DA:748,80
DA:752,40
DA:949,1
DA:1740,40
DA:1749,40
DA:1750,79
DA:1755,40
DA:1757,40
DA:1758,40
DA:1850,41
DA:1854,121
DA:1856,40
DA:1857,40
DA:1858,40
DA:1861,41
DA:1887,252
DA:1888,212
DA:1889,50
DA:1891,162
DA:2028,40
DA:2032,40
DA:2035,252
DA:2039,212
DA:2042,40
DA:2044,11
DA:2045,1
DA:2049,39
DA:2050,39
DA:2051,0
DA:2082,40
DA:2090,40
DA:2093,40
DA:2096,80
DA:2098,40
DA:2101,0
DA:2533,40
DA:2536,40
DA:2538,30
DA:2539,40
LF:55
LH:51
end_of_record
SF:/usr/include/c++/7/bits/stl_uninitialized.h
FNDA:1,_ZNSt20__uninitialized_copyILb0EE13__uninit_copyIN9__gnu_cxx17__normal_iteratorIPK10tagInkDataSt6vectorIS4_SaIS4_EEEEPS4_EET0_T_SD_SC_
FNDA:2,_ZNSt20__uninitialized_copyILb0EE13__uninit_copyISt13move_iteratorIPN7testing8internal26ParameterizedTestSuiteInfoI15RecognitionTestE17InstantiationInfoEES9_EET0_T_SC_SB_
FNDA:1,_ZNSt20__uninitialized_copyILb0EE13__uninit_copyIPK10tagInkDataPS2_EET0_T_S7_S6_
FNF:3
FNH:3
DA:76,4
DA:82,1806
DA:84,4
DA:86,0
DA:89,0
DA:134,4
LF:6
LH:4
end_of_record
SF:/usr/include/c++/7/bits/stl_vector.h
FN:169,_ZNSt12_Vector_baseI10tagInkDataSaIS0_EE11_M_allocateEm.isra.112
FN:169,_ZNSt12_Vector_baseISt10shared_ptrIN7testing8internal26ParameterizedTestSuiteInfoI15RecognitionTestE8TestInfoEESaIS7_EE11_M_allocateEm.isra.165
FN:169,_ZNSt12_Vector_baseIPN7testing8internal30ParameterizedTestSuiteInfoBaseESaIS3_EE11_M_allocateEm.isra.143
FN:169,_ZNSt12_Vector_baseINSt7__cxx1112basic_stringIwSt11char_traitsIwESaIwEEESaIS5_EE11_M_allocateEm.isra.125
FN:169,_ZNSt12_Vector_baseIN7testing8internal26ParameterizedTestSuiteInfoI15RecognitionTestE17InstantiationInfoESaIS5_EE11_M_allocateEm.isra.149
FN:383,_ZNSt6vectorI10tagInkDataSaIS0_EEC2ESt16initializer_listIS0_ERKS1_
FN:411,_ZNSt6vectorI10tagInkDataSaIS0_EEC2IN9__gnu_cxx17__normal_iteratorIPKS0_S2_EEvEET_S9_RKS1_
FN:433,_ZNSt6vectorISt10shared_ptrIN7testing8internal26ParameterizedTestSuiteInfoI15RecognitionTestE8TestInfoEESaIS7_EED2Ev
FN:939,_ZNSt6vectorINSt7__cxx1112basic_stringIwSt11char_traitsIwESaIwEEESaIS5_EE9push_backERKS5_
FN:1324,_ZNSt6vectorI10tagInkDataSaIS0_EE19_M_range_initializeIN9__gnu_cxx17__normal_iteratorIPKS0_S2_EEEEvT_S9_St20forward_iterator_tag.isra.170
FN:1324,_ZNSt6vectorI10tagInkDataSaIS0_EE19_M_range_initializeIPKS0_EEvT_S6_St20forward_iterator_tag.isra.114
FN:1502,_ZNKSt6vectorISt10shared_ptrIN7testing8internal26ParameterizedTestSuiteInfoI15RecognitionTestE8TestInfoEESaIS7_EE12_M_check_lenEmPKc
FN:1502,_ZNKSt6vectorIPN7testing8internal30ParameterizedTestSuiteInfoBaseESaIS3_EE12_M_check_lenEmPKc
FN:1502,_ZNKSt6vectorIN7testing8internal26ParameterizedTestSuiteInfoI15RecognitionTestE17InstantiationInfoESaIS5_EE12_M_check_lenEmPKc
FN:1502,_ZNKSt6vectorINSt7__cxx1112basic_stringIwSt11char_traitsIwESaIwEEESaIS5_EE12_M_check_lenEmPKc
FNDA:1,_ZNSt12_Vector_baseISt10shared_ptrIN7testing8internal26ParameterizedTestSuiteInfoI15RecognitionTestE8TestInfoEESaIS7_EE11_M_allocateEm.isra.165
FNDA:1,_ZNSt12_Vector_baseIN7testing8internal26ParameterizedTestSuiteInfoI15RecognitionTestE17InstantiationInfoESaIS5_EE11_M_allocateEm.isra.149
FNDA:1,_ZNSt12_Vector_baseIPN7testing8internal30ParameterizedTestSuiteInfoBaseESaIS3_EE11_M_allocateEm.isra.143
FNDA:205,_ZNSt12_Vector_baseINSt7__cxx1112basic_stringIwSt11char_traitsIwESaIwEEESaIS5_EE11_M_allocateEm.isra.125
FNDA:2,_ZNSt12_Vector_baseI10tagInkDataSaIS0_EE11_M_allocateEm.isra.112
FNDA:1,_ZNSt6vectorI10tagInkDataSaIS0_EEC2ESt16initializer_listIS0_ERKS1_
FNDA:1,_ZNSt6vectorI10tagInkDataSaIS0_EEC2IN9__gnu_cxx17__normal_iteratorIPKS0_S2_EEvEET_S9_RKS1_
FNDA:1,_ZNSt6vectorIN7testing8internal26ParameterizedTestSuiteInfoI15RecognitionTestE17InstantiationInfoESaIS5_EED2Ev
FNDA:1,_ZNSt6vectorISt10shared_ptrIN7testing8internal26ParameterizedTestSuiteInfoI15RecognitionTestE8TestInfoEESaIS7_EED2Ev
FNDA:41,_ZNSt6vectorINSt7__cxx1112basic_stringIwSt11char_traitsIwESaIwEEESaIS5_EED2Ev
FNDA:2,_ZNSt6vectorI10tagInkDataSaIS0_EED2Ev
FNDA:597,_ZNSt6vectorINSt7__cxx1112basic_stringIwSt11char_traitsIwESaIwEEESaIS5_EE9push_backERKS5_
FNDA:1,_ZNSt6vectorI10tagInkDataSaIS0_EE19_M_range_initializeIN9__gnu_cxx17__normal_iteratorIPKS0_S2_EEEEvT_S9_St20forward_iterator_tag.isra.170
FNDA:1,_ZNSt6vectorI10tagInkDataSaIS0_EE19_M_range_initializeIPKS0_EEvT_S6_St20forward_iterator_tag.isra.114
FNDA:1,_ZNKSt6vectorISt10shared_ptrIN7testing8internal26ParameterizedTestSuiteInfoI15RecognitionTestE8TestInfoEESaIS7_EE12_M_check_lenEmPKc
FNDA:1,_ZNKSt6vectorIN7testing8internal26ParameterizedTestSuiteInfoI15RecognitionTestE17InstantiationInfoESaIS5_EE12_M_check_lenEmPKc
FNDA:1,_ZNKSt6vectorIPN7testing8internal30ParameterizedTestSuiteInfoBaseESaIS3_EE12_M_check_lenEmPKc
FNDA:205,_ZNKSt6vectorINSt7__cxx1112basic_stringIwSt11char_traitsIwESaIwEEESaIS5_EE12_M_check_lenEmPKc
FNF:18
FNH:18
DA:88,2
DA:89,43
DA:92,2
DA:93,2
DA:163,45
DA:169,210
DA:172,420
DA:179,253
DA:383,1
DA:387,1
DA:389,1
DA:411,1
DA:414,1
DA:433,45
DA:434,45
DA:435,45
DA:671,250
DA:760,0
DA:824,41
DA:825,0
DA:939,597
DA:941,597
DA:945,392
DA:948,205
DA:949,597
DA:954,3
DA:1299,1
DA:1324,2
DA:1327,2
DA:1328,2
DA:1329,2
DA:1330,2
DA:1334,2
DA:1502,208
DA:1504,416
DA:1505,0
DA:1507,416
DA:1508,208
LF:38
LH:35
end_of_record
SF:/usr/include/c++/7/bits/unique_ptr.h
FNDA:40,_ZNKSt14default_deleteIK10tagInkDataEclEPS1_.isra.203
FNDA:0,_ZNKSt14default_deleteINSt7__cxx1112basic_stringIcSt11char_traitsIcESaIcEEEEclEPS5_.isra.71
FNF:2
FNH:1
DA:72,40
DA:78,203
DA:79,40
DA:140,1
DA:147,440
DA:262,658
DA:263,0
DA:265,1
DA:370,80
DA:371,40
LF:10
LH:9
end_of_record
SF:/usr/include/c++/7/bits/vector.tcc
FN:95,_ZNSt6vectorISt10shared_ptrIN7testing8internal26ParameterizedTestSuiteInfoI15RecognitionTestE8TestInfoEESaIS7_EE12emplace_backIJS7_EEEvDpOT_
FN:95,_ZNSt6vectorIPN7testing8internal30ParameterizedTestSuiteInfoBaseESaIS3_EE12emplace_backIJS3_EEEvDpOT_
FN:394,_ZNSt6vectorIPN7testing8internal30ParameterizedTestSuiteInfoBaseESaIS3_EE17_M_realloc_insertIJS3_EEEvN9__gnu_cxx17__normal_iteratorIPS3_S5_EEDpOT_
FN:394,_ZNSt6vectorISt10shared_ptrIN7testing8internal26ParameterizedTestSuiteInfoI15RecognitionTestE8TestInfoEESaIS7_EE17_M_realloc_insertIJS7_EEEvN9__gnu_cxx17__normal_iteratorIPS7_S9_EEDpOT_
FNDA:1,_ZNSt6vectorISt10shared_ptrIN7testing8internal26ParameterizedTestSuiteInfoI15RecognitionTestE8TestInfoEESaIS7_EE12emplace_backIJS7_EEEvDpOT_
FNDA:1,_ZNSt6vectorIN7testing8internal26ParameterizedTestSuiteInfoI15RecognitionTestE17InstantiationInfoESaIS5_EE12emplace_backIJS5_EEEvDpOT_
FNDA:1,_ZNSt6vectorIPN7testing8internal30ParameterizedTestSuiteInfoBaseESaIS3_EE12emplace_backIJS3_EEEvDpOT_
FNDA:1,_ZNSt6vectorISt10shared_ptrIN7testing8internal26ParameterizedTestSuiteInfoI15RecognitionTestE8TestInfoEESaIS7_EE17_M_realloc_insertIJS7_EEEvN9__gnu_cxx17__normal_iteratorIPS7_S9_EEDpOT_
FNDA:1,_ZNSt6vectorIN7testing8internal26ParameterizedTestSuiteInfoI15RecognitionTestE17InstantiationInfoESaIS5_EE17_M_realloc_insertIJS5_EEEvN9__gnu_cxx17__normal_iteratorIPS5_S7_EEDpOT_
FNDA:1,_ZNSt6vectorIPN7testing8internal30ParameterizedTestSuiteInfoBaseESaIS3_EE17_M_realloc_insertIJS3_EEEvN9__gnu_cxx17__normal_iteratorIPS3_S5_EEDpOT_
FNDA:205,_ZNSt6vectorINSt7__cxx1112basic_stringIwSt11char_traitsIwESaIwEEESaIS5_EE17_M_realloc_insertIJRKS5_EEEvN9__gnu_cxx17__normal_iteratorIPS5_S7_EEDpOT_
FNF:7
FNH:7
DA:95,3
DA:98,3
DA:100,0
DA:102,0
DA:105,3
DA:109,3
DA:394,208
DA:403,208
DA:406,208
DA:415,208
DA:416,208
DA:426,208
DA:429,208
DA:433,208
DA:436,0
DA:438,0
DA:444,0
DA:446,207
DA:450,207
DA:451,208
DA:452,208
DA:453,208
DA:454,208
LF:23
LH:18
end_of_record
SF:/usr/include/c++/7/ext/aligned_buffer.h
DA:63,40
DA:67,532
LF:2
LH:2
end_of_record
SF:/usr/include/c++/7/ext/atomicity.h
DA:49,5
DA:53,1
DA:67,0
DA:68,0
DA:74,0
DA:81,5
DA:95,1
LF:7
LH:4
end_of_record
SF:/usr/include/c++/7/ext/new_allocator.h
FNDA:597,_ZN9__gnu_cxx13new_allocatorINSt7__cxx1112basic_stringIwSt11char_traitsIwESaIwEEEE9constructIS6_JRKS6_EEEvPT_DpOT0_.isra.102
FNF:1
FNH:1
DA:101,210
DA:102,0
DA:111,250
DA:125,751
DA:135,597
DA:136,1237
LF:6
LH:5
end_of_record
SF:/usr/include/c++/7/initializer_list
DA:79,1
LF:1
LH:1
end_of_record
SF:/usr/include/c++/7/iostream
DA:74,1
LF:1
LH:1
end_of_record
SF:/usr/include/c++/7/ostream
DA:113,0
DA:171,40
DA:202,0
DA:246,0
DA:561,0
LF:5
LH:1
end_of_record
SF:/usr/include/c++/7/sstream
FN:65,_ZNSt7__cxx1115basic_stringbufIcSt11char_traitsIcESaIcEED0Ev
FNDA:0,_ZNSt7__cxx1115basic_stringbufIcSt11char_traitsIcESaIcEED0Ev
FNDA:40,_ZNSt7__cxx1115basic_stringbufIcSt11char_traitsIcESaIcEED2Ev
FNF:2
FNH:1
DA:65,80
DA:779,40
LF:2
LH:2
end_of_record
SF:/usr/include/c++/7/streambuf
DA:198,40
LF:1
LH:1
end_of_record
SF:/usr/include/c++/7/tuple
DA:122,43
DA:123,42
LF:2
LH:2
end_of_record
SF:/usr/include/c++/7/typeinfo
DA:123,42
DA:124,0
LF:2
LH:1
end_of_record
SF:/usr/include/x86_64-linux-gnu/bits/wchar2.h
DA:42,506
DA:44,0
DA:45,0
DA:46,0
DA:48,0
DA:50,0
DA:52,506
LF:7
LH:2
end_of_record
TN:
SF:/home/mldev/mobis/ccNC_handwriting/selvypen/sdk/test/common/strutil.cc
FNDA:0,_ZN7strutil15utf8_to_wstringERKNSt7__cxx1112basic_stringIcSt11char_traitsIcESaIcEEERNS1_IwS2_IwESaIwEEE
FNDA:0,_ZN7strutil15wstring_to_utf8ERKNSt7__cxx1112basic_stringIwSt11char_traitsIwESaIwEEERNS1_IcS2_IcESaIcEEE
FNF:2
FNH:0
DA:11,0
DA:12,0
DA:13,0
DA:14,0
DA:17,0
DA:18,0
DA:19,0
DA:20,0
LF:8
LH:0
end_of_record
SF:/usr/include/c++/7/bits/basic_string.h
FN:1460,_ZNSt7__cxx1112basic_stringIwSt11char_traitsIwESaIwEE6assignIPKcvEERS4_T_S9_
FNDA:0,_ZNSt7__cxx1112basic_stringIwSt11char_traitsIwESaIwEE6assignIPKcvEERS4_T_S9_
FNF:1
FNH:0
DA:145,0
DA:146,0
DA:148,0
DA:149,0
DA:168,1204
DA:172,5826
DA:182,0
DA:192,0
DA:200,1204
DA:206,5826
DA:211,0
DA:220,0
DA:236,0
DA:337,5826
DA:338,3478
DA:340,2348
DA:367,0
DA:368,0
DA:420,0
DA:429,0
DA:440,0
DA:534,0
DA:542,0
DA:548,0
DA:604,0
DA:647,0
DA:817,0
DA:833,0
DA:959,0
DA:1060,0
DA:1136,0
DA:1212,0
DA:1460,0
DA:1461,0
DA:2081,0
DA:2293,0
LF:36
LH:7
end_of_record
SF:/usr/include/c++/7/bits/basic_string.tcc
FNDA:0,_ZNSt7__cxx1112basic_stringIcSt11char_traitsIcESaIcEE12_M_constructIPKwEEvT_S8_St20forward_iterator_tag.isra.49
FNDA:0,_ZNSt7__cxx1112basic_stringIwSt11char_traitsIwESaIwEE12_M_constructIPKcEEvT_S8_St20forward_iterator_tag.isra.46
FNDA:0,_ZNSt7__cxx1112basic_stringIcSt11char_traitsIcESaIcEE12_M_constructIPcEEvT_S7_St20forward_iterator_tag.isra.42
FNDA:5826,_ZNSt7__cxx1112basic_stringIwSt11char_traitsIwESaIwEE12_M_constructIPwEEvT_S7_St20forward_iterator_tag
FNDA:0,_ZNSt7__cxx1112basic_stringIcSt11char_traitsIcESaIcEE19_M_replace_dispatchIPKwEERS4_N9__gnu_cxx17__normal_iteratorIPKcS4_EESD_T_SE_St12__false_type.isra.51
FNDA:0,_ZNSt7__cxx1112basic_stringIwSt11char_traitsIwESaIwEE19_M_replace_dispatchIPKcEERS4_N9__gnu_cxx17__normal_iteratorIPKwS4_EESD_T_SE_St12__false_type.isra.48
FNF:6
FNH:1
DA:206,5826
DA:211,5826
DA:212,0
DA:215,5826
DA:217,5826
DA:219,1204
DA:220,1204
DA:225,5826
DA:232,5826
DA:233,5826
DA:379,0
DA:385,0
DA:386,0
DA:387,0
LF:14
LH:9
end_of_record
SF:/usr/include/c++/7/bits/char_traits.h
FN:458,_ZNSt11char_traitsIwE4copyEPwPKwm
FNDA:2348,_ZNSt11char_traitsIwE4copyEPwPKwm
FNF:1
FNH:1
DA:285,0
DA:348,0
DA:350,0
DA:398,9304
DA:458,2348
DA:460,2348
LF:6
LH:3
end_of_record
SF:/usr/include/c++/7/bits/codecvt.h
FN:116,_ZNKSt23__codecvt_abstract_baseIwc11__mbstate_tE3outERS0_PKwS4_RS4_PcS6_RS6_
FN:196,_ZNKSt23__codecvt_abstract_baseIwc11__mbstate_tE2inERS0_PKcS4_RS4_PwS6_RS6_
FNDA:0,_ZNKSt23__codecvt_abstract_baseIwc11__mbstate_tE3outERS0_PKwS4_RS4_PcS6_RS6_
FNDA:0,_ZNKSt23__codecvt_abstract_baseIwc11__mbstate_tE2inERS0_PKcS4_RS4_PwS6_RS6_
FNF:2
FNH:0
DA:116,0
DA:122,0
DA:196,0
DA:202,0
DA:220,0
LF:5
LH:0
end_of_record
SF:/usr/include/c++/7/bits/locale_conv.h
FNDA:0,_ZSt16__do_str_codecvtINSt7__cxx1112basic_stringIcSt11char_traitsIcESaIcEEEwSt7codecvtIwc11__mbstate_tES7_MS8_KFNSt12codecvt_base6resultERS7_PKwSD_RSD_PcSF_RSF_EEbPKT0_SL_RT_RKT1_RT2_RmT3_
FNDA:0,_ZSt16__do_str_codecvtINSt7__cxx1112basic_stringIwSt11char_traitsIwESaIwEEEcSt7codecvtIwc11__mbstate_tES7_MS8_KFNSt12codecvt_base6resultERS7_PKcSD_RSD_PwSF_RSF_EEbPKT0_SL_RT_RKT1_RT2_RmT3_
FNDA:0,_ZNSt7__cxx1115wstring_convertISt12codecvt_utf8IwLm1114111ELSt12codecvt_mode0EEwSaIwESaIcEEC2EPS3_
FNDA:0,_ZNSt7__cxx1115wstring_convertISt12codecvt_utf8IwLm1114111ELSt12codecvt_mode0EEwSaIwESaIcEED2Ev
FNDA:0,_ZNSt7__cxx1115wstring_convertISt12codecvt_utf8IwLm1114111ELSt12codecvt_mode0EEwSaIwESaIcEE10from_bytesEPKcS8_
FNDA:0,_ZNSt7__cxx1115wstring_convertISt12codecvt_utf8IwLm1114111ELSt12codecvt_mode0EEwSaIwESaIcEE8to_bytesEPKwS8_
FNF:6
FNH:0
DA:55,0
DA:59,0
DA:62,0
DA:63,0
DA:67,0
DA:68,0
DA:73,0
DA:74,0
DA:75,0
DA:76,0
DA:78,0
DA:80,0
DA:81,0
DA:83,0
DA:85,0
DA:86,0
DA:89,0
DA:91,0
DA:92,0
DA:97,0
DA:116,0
DA:118,0
DA:145,0
DA:147,0
DA:184,0
DA:186,0
DA:187,0
DA:188,0
DA:221,0
DA:244,0
DA:248,0
DA:250,0
DA:251,0
DA:253,0
DA:255,0
DA:256,0
DA:258,0
DA:280,0
DA:284,0
DA:286,0
DA:287,0
DA:289,0
DA:292,0
DA:294,0
LF:44
LH:0
end_of_record
SF:/usr/include/c++/7/bits/stl_iterator.h
DA:961,0
DA:968,0
LF:2
LH:0
end_of_record
SF:/usr/include/c++/7/bits/stl_iterator_base_funcs.h
DA:104,5826
LF:1
LH:1
end_of_record
SF:/usr/include/c++/7/bits/unique_ptr.h
DA:78,0
DA:140,0
DA:147,0
DA:262,0
DA:265,0
LF:5
LH:0
end_of_record
SF:/usr/include/c++/7/codecvt
FN:169,_ZNSt12codecvt_utf8IwLm1114111ELSt12codecvt_mode0EED0Ev
FN:169,_ZNSt12codecvt_utf8IwLm1114111ELSt12codecvt_mode0EED2Ev
FNDA:0,_ZNSt12codecvt_utf8IwLm1114111ELSt12codecvt_mode0EED0Ev
FNDA:0,_ZNSt12codecvt_utf8IwLm1114111ELSt12codecvt_mode0EED2Ev
FNF:2
FNH:0
DA:169,0
LF:1
LH:0
end_of_record
SF:/usr/include/c++/7/ext/new_allocator.h
DA:125,0
LF:1
LH:0
end_of_record
SF:/usr/include/c++/7/tuple
DA:122,0
LF:1
LH:0
end_of_record
SF:/usr/include/x86_64-linux-gnu/bits/wchar2.h
DA:42,2348
DA:44,0
DA:45,0
DA:46,0
DA:48,0
DA:50,0
DA:52,2348
LF:7
LH:2
end_of_record
TN:
SF:/home/mldev/mobis/ccNC_handwriting/selvypen/sdk/test/googletest/googletest/include/gtest/gtest.h
DA:2485,2
LF:1
LH:1
end_of_record
SF:/home/mldev/mobis/ccNC_handwriting/selvypen/sdk/test/recognition_test/main.cc
FN:3,main
FN:6,_GLOBAL__sub_I_main
FNDA:2,main
FNDA:2,_GLOBAL__sub_I_main
FNF:2
FNH:2
DA:3,2
DA:4,2
DA:6,4
LF:3
LH:3
end_of_record
SF:/usr/include/c++/7/iostream
DA:74,2
LF:1
LH:1
end_of_record
TN:
SF:/home/mldev/mobis/ccNC_handwriting/selvypen/sdk/test/common/strutil.cc
FNDA:0,_ZN7strutil15utf8_to_wstringERKNSt7__cxx1112basic_stringIcSt11char_traitsIcESaIcEEERNS1_IwS2_IwESaIwEEE
FNDA:0,_ZN7strutil15wstring_to_utf8ERKNSt7__cxx1112basic_stringIwSt11char_traitsIwESaIwEEERNS1_IcS2_IcESaIcEEE
FNF:2
FNH:0
DA:11,0
DA:12,0
DA:13,0
DA:14,0
DA:17,0
DA:18,0
DA:19,0
DA:20,0
LF:8
LH:0
end_of_record
SF:/usr/include/c++/7/bits/basic_string.h
FN:1460,_ZNSt7__cxx1112basic_stringIwSt11char_traitsIwESaIwEE6assignIPKcvEERS4_T_S9_
FNDA:0,_ZNSt7__cxx1112basic_stringIwSt11char_traitsIwESaIwEE6assignIPKcvEERS4_T_S9_
FNF:1
FNH:0
DA:145,0
DA:146,0
DA:148,0
DA:149,0
DA:168,2772
DA:172,3208
DA:182,0
DA:192,0
DA:200,2772
DA:206,3208
DA:211,0
DA:220,0
DA:236,0
DA:337,3208
DA:338,140
DA:340,3068
DA:367,0
DA:368,0
DA:420,0
DA:429,0
DA:440,0
DA:534,0
DA:542,0
DA:548,0
DA:604,0
DA:647,0
DA:817,0
DA:833,0
DA:959,0
DA:1060,0
DA:1136,0
DA:1212,0
DA:1460,0
DA:1461,0
DA:2081,0
DA:2293,0
LF:36
LH:7
end_of_record
SF:/usr/include/c++/7/bits/basic_string.tcc
FNDA:0,_ZNSt7__cxx1112basic_stringIcSt11char_traitsIcESaIcEE12_M_constructIPKwEEvT_S8_St20forward_iterator_tag.isra.49
FNDA:0,_ZNSt7__cxx1112basic_stringIwSt11char_traitsIwESaIwEE12_M_constructIPKcEEvT_S8_St20forward_iterator_tag.isra.46
FNDA:0,_ZNSt7__cxx1112basic_stringIcSt11char_traitsIcESaIcEE12_M_constructIPcEEvT_S7_St20forward_iterator_tag.isra.42
FNDA:3208,_ZNSt7__cxx1112basic_stringIwSt11char_traitsIwESaIwEE12_M_constructIPwEEvT_S7_St20forward_iterator_tag
FNDA:0,_ZNSt7__cxx1112basic_stringIcSt11char_traitsIcESaIcEE19_M_replace_dispatchIPKwEERS4_N9__gnu_cxx17__normal_iteratorIPKcS4_EESD_T_SE_St12__false_type.isra.51
FNDA:0,_ZNSt7__cxx1112basic_stringIwSt11char_traitsIwESaIwEE19_M_replace_dispatchIPKcEERS4_N9__gnu_cxx17__normal_iteratorIPKwS4_EESD_T_SE_St12__false_type.isra.48
FNF:6
FNH:1
DA:206,3208
DA:211,3208
DA:212,0
DA:215,3208
DA:217,3208
DA:219,2772
DA:220,2772
DA:225,3208
DA:232,3208
DA:233,3208
DA:379,0
DA:385,0
DA:386,0
DA:387,0
LF:14
LH:9
end_of_record
SF:/usr/include/c++/7/bits/char_traits.h
FN:458,_ZNSt11char_traitsIwE4copyEPwPKwm
FNDA:3068,_ZNSt11char_traitsIwE4copyEPwPKwm
FNF:1
FNH:1
DA:285,0
DA:348,0
DA:350,0
DA:398,3348
DA:458,3068
DA:460,3068
LF:6
LH:3
end_of_record
SF:/usr/include/c++/7/bits/codecvt.h
FN:116,_ZNKSt23__codecvt_abstract_baseIwc11__mbstate_tE3outERS0_PKwS4_RS4_PcS6_RS6_
FN:196,_ZNKSt23__codecvt_abstract_baseIwc11__mbstate_tE2inERS0_PKcS4_RS4_PwS6_RS6_
FNDA:0,_ZNKSt23__codecvt_abstract_baseIwc11__mbstate_tE3outERS0_PKwS4_RS4_PcS6_RS6_
FNDA:0,_ZNKSt23__codecvt_abstract_baseIwc11__mbstate_tE2inERS0_PKcS4_RS4_PwS6_RS6_
FNF:2
FNH:0
DA:116,0
DA:122,0
DA:196,0
DA:202,0
DA:220,0
LF:5
LH:0
end_of_record
SF:/usr/include/c++/7/bits/locale_conv.h
FNDA:0,_ZSt16__do_str_codecvtINSt7__cxx1112basic_stringIcSt11char_traitsIcESaIcEEEwSt7codecvtIwc11__mbstate_tES7_MS8_KFNSt12codecvt_base6resultERS7_PKwSD_RSD_PcSF_RSF_EEbPKT0_SL_RT_RKT1_RT2_RmT3_
FNDA:0,_ZSt16__do_str_codecvtINSt7__cxx1112basic_stringIwSt11char_traitsIwESaIwEEEcSt7codecvtIwc11__mbstate_tES7_MS8_KFNSt12codecvt_base6resultERS7_PKcSD_RSD_PwSF_RSF_EEbPKT0_SL_RT_RKT1_RT2_RmT3_
FNDA:0,_ZNSt7__cxx1115wstring_convertISt12codecvt_utf8IwLm1114111ELSt12codecvt_mode0EEwSaIwESaIcEEC2EPS3_
FNDA:0,_ZNSt7__cxx1115wstring_convertISt12codecvt_utf8IwLm1114111ELSt12codecvt_mode0EEwSaIwESaIcEED2Ev
FNDA:0,_ZNSt7__cxx1115wstring_convertISt12codecvt_utf8IwLm1114111ELSt12codecvt_mode0EEwSaIwESaIcEE10from_bytesEPKcS8_
FNDA:0,_ZNSt7__cxx1115wstring_convertISt12codecvt_utf8IwLm1114111ELSt12codecvt_mode0EEwSaIwESaIcEE8to_bytesEPKwS8_
FNF:6
FNH:0
DA:55,0
DA:59,0
DA:62,0
DA:63,0
DA:67,0
DA:68,0
DA:73,0
DA:74,0
DA:75,0
DA:76,0
DA:78,0
DA:80,0
DA:81,0
DA:83,0
DA:85,0
DA:86,0
DA:89,0
DA:91,0
DA:92,0
DA:97,0
DA:116,0
DA:118,0
DA:145,0
DA:147,0
DA:184,0
DA:186,0
DA:187,0
DA:188,0
DA:221,0
DA:244,0
DA:248,0
DA:250,0
DA:251,0
DA:253,0
DA:255,0
DA:256,0
DA:258,0
DA:280,0
DA:284,0
DA:286,0
DA:287,0
DA:289,0
DA:292,0
DA:294,0
LF:44
LH:0
end_of_record
SF:/usr/include/c++/7/bits/stl_iterator.h
DA:961,0
DA:968,0
LF:2
LH:0
end_of_record
SF:/usr/include/c++/7/bits/stl_iterator_base_funcs.h
DA:104,3208
LF:1
LH:1
end_of_record
SF:/usr/include/c++/7/bits/unique_ptr.h
DA:78,0
DA:140,0
DA:147,0
DA:262,0
DA:265,0
LF:5
LH:0
end_of_record
SF:/usr/include/c++/7/codecvt
FN:169,_ZNSt12codecvt_utf8IwLm1114111ELSt12codecvt_mode0EED2Ev
FN:169,_ZNSt12codecvt_utf8IwLm1114111ELSt12codecvt_mode0EED0Ev
FNDA:0,_ZNSt12codecvt_utf8IwLm1114111ELSt12codecvt_mode0EED0Ev
FNDA:0,_ZNSt12codecvt_utf8IwLm1114111ELSt12codecvt_mode0EED2Ev
FNF:2
FNH:0
DA:169,0
LF:1
LH:0
end_of_record
SF:/usr/include/c++/7/ext/new_allocator.h
DA:125,0
LF:1
LH:0
end_of_record
SF:/usr/include/c++/7/tuple
DA:122,0
LF:1
LH:0
end_of_record
SF:/usr/include/x86_64-linux-gnu/bits/wchar2.h
DA:42,3068
DA:44,0
DA:45,0
DA:46,0
DA:48,0
DA:50,0
DA:52,3068
LF:7
LH:2
end_of_record
TN:
SF:/home/mldev/mobis/ccNC_handwriting/selvypen/sdk/test/api_test/main.cc
FN:3,main
FN:6,_GLOBAL__sub_I_main
FNDA:4,main
FNDA:4,_GLOBAL__sub_I_main
FNF:2
FNH:2
DA:3,4
DA:4,4
DA:6,8
LF:3
LH:3
end_of_record
SF:/home/mldev/mobis/ccNC_handwriting/selvypen/sdk/test/googletest/googletest/include/gtest/gtest.h
DA:2485,4
LF:1
LH:1
end_of_record
SF:/usr/include/c++/7/iostream
DA:74,4
LF:1
LH:1
end_of_record
TN:
SF:/home/mldev/mobis/ccNC_handwriting/selvypen/sdk/test/api_test/api_test.cc
FN:7,_ZL14makeInputEventPKvPKi
FN:22,_ZL16getCandidateListPKv
FN:57,_ZN7ApiTest5SetUpEv
FN:61,_ZN7ApiTest8TearDownEv
FN:427,_Z6loggeriRKNSt7__cxx1112basic_stringIcSt11char_traitsIcESaIcEEE
FN:1524,_ZN34ApiTest_addLanguage_invalid_1_Test8TestBodyEv
FN:1616,_Z41__static_initialization_and_destruction_0ii
FN:1616,_GLOBAL__sub_I__ZN7ApiTest5SetUpEv
FNDA:18,_ZL14makeInputEventPKvPKi
FNDA:11,_ZL16getCandidateListPKv
FNDA:94,_ZN7ApiTest5SetUpEv
FNDA:94,_ZN7ApiTest8TearDownEv
FNDA:1,_ZN33ApiTest_get_revision_invalid_TestD0Ev
FNDA:0,_ZN33ApiTest_get_revision_invalid_TestD2Ev
FNDA:1,_ZN33ApiTest_get_revision_invalid_Test8TestBodyEv
FNDA:1,_ZN25ApiTest_get_revision_TestD0Ev
FNDA:0,_ZN25ApiTest_get_revision_TestD2Ev
FNDA:1,_ZN25ApiTest_get_revision_Test8TestBodyEv
FNDA:1,_ZN29ApiTest_create_invalid_2_TestD0Ev
FNDA:0,_ZN29ApiTest_create_invalid_2_TestD2Ev
FNDA:1,_ZN29ApiTest_create_invalid_2_Test8TestBodyEv
FNDA:1,_ZN29ApiTest_create_invalid_3_TestD0Ev
FNDA:0,_ZN29ApiTest_create_invalid_3_TestD2Ev
FNDA:1,_ZN29ApiTest_create_invalid_3_Test8TestBodyEv
FNDA:1,_ZN19ApiTest_create_TestD0Ev
FNDA:0,_ZN19ApiTest_create_TestD2Ev
FNDA:1,_ZN19ApiTest_create_Test8TestBodyEv
FNDA:1,_ZN22ApiTest_re_create_TestD0Ev
FNDA:0,_ZN22ApiTest_re_create_TestD2Ev
FNDA:1,_ZN22ApiTest_re_create_Test8TestBodyEv
FNDA:1,_ZN18ApiTest_close_TestD0Ev
FNDA:0,_ZN18ApiTest_close_TestD2Ev
FNDA:1,_ZN18ApiTest_close_Test8TestBodyEv
FNDA:1,_ZN21ApiTest_re_close_TestD0Ev
FNDA:0,_ZN21ApiTest_re_close_TestD2Ev
FNDA:1,_ZN21ApiTest_re_close_Test8TestBodyEv
FNDA:1,_ZN35ApiTest_setAttribute_invalid_1_TestD0Ev
FNDA:0,_ZN35ApiTest_setAttribute_invalid_1_TestD2Ev
FNDA:1,_ZN35ApiTest_setAttribute_invalid_1_Test8TestBodyEv
FNDA:1,_ZN35ApiTest_setAttribute_invalid_2_TestD0Ev
FNDA:0,_ZN35ApiTest_setAttribute_invalid_2_TestD2Ev
FNDA:1,_ZN35ApiTest_setAttribute_invalid_2_Test8TestBodyEv
FNDA:1,_ZN35ApiTest_setAttribute_invalid_3_TestD0Ev
FNDA:0,_ZN35ApiTest_setAttribute_invalid_3_TestD2Ev
FNDA:1,_ZN35ApiTest_setAttribute_invalid_3_Test8TestBodyEv
FNDA:1,_ZN35ApiTest_setAttribute_invalid_4_TestD0Ev
FNDA:0,_ZN35ApiTest_setAttribute_invalid_4_TestD2Ev
FNDA:1,_ZN35ApiTest_setAttribute_invalid_4_Test8TestBodyEv
FNDA:1,_ZN35ApiTest_setAttribute_invalid_6_TestD0Ev
FNDA:0,_ZN35ApiTest_setAttribute_invalid_6_TestD2Ev
FNDA:1,_ZN35ApiTest_setAttribute_invalid_6_Test8TestBodyEv
FNDA:1,_ZN35ApiTest_setAttribute_invalid_7_TestD0Ev
FNDA:0,_ZN35ApiTest_setAttribute_invalid_7_TestD2Ev
FNDA:1,_ZN35ApiTest_setAttribute_invalid_7_Test8TestBodyEv
FNDA:1,_ZN35ApiTest_setAttribute_invalid_8_TestD0Ev
FNDA:0,_ZN35ApiTest_setAttribute_invalid_8_TestD2Ev
FNDA:1,_ZN35ApiTest_setAttribute_invalid_8_Test8TestBodyEv
FNDA:1,_ZN35ApiTest_setAttribute_invalid_9_TestD0Ev
FNDA:0,_ZN35ApiTest_setAttribute_invalid_9_TestD2Ev
FNDA:1,_ZN35ApiTest_setAttribute_invalid_9_Test8TestBodyEv
FNDA:1,_ZN25ApiTest_setAttribute_TestD0Ev
FNDA:0,_ZN25ApiTest_setAttribute_TestD2Ev
FNDA:1,_ZN25ApiTest_setAttribute_Test8TestBodyEv
FNDA:1,_ZN32ApiTest_recognize_invalid_1_TestD0Ev
FNDA:0,_ZN32ApiTest_recognize_invalid_1_TestD2Ev
FNDA:1,_ZN32ApiTest_recognize_invalid_1_Test8TestBodyEv
FNDA:1,_ZN32ApiTest_recognize_invalid_2_TestD0Ev
FNDA:0,_ZN32ApiTest_recognize_invalid_2_TestD2Ev
FNDA:1,_ZN32ApiTest_recognize_invalid_2_Test8TestBodyEv
FNDA:1,_ZN32ApiTest_recognize_invalid_3_TestD0Ev
FNDA:0,_ZN32ApiTest_recognize_invalid_3_TestD2Ev
FNDA:1,_ZN32ApiTest_recognize_invalid_3_Test8TestBodyEv
FNDA:1,_ZN30ApiTest_recognize_english_TestD0Ev
FNDA:0,_ZN30ApiTest_recognize_english_TestD2Ev
FNDA:1,_ZN30ApiTest_recognize_english_Test8TestBodyEv
FNDA:1,_ZN29ApiTest_recognize_korean_TestD0Ev
FNDA:0,_ZN29ApiTest_recognize_korean_TestD2Ev
FNDA:1,_ZN29ApiTest_recognize_korean_Test8TestBodyEv
FNDA:1,_ZN29ApiTest_recognize_number_TestD0Ev
FNDA:0,_ZN29ApiTest_recognize_number_TestD2Ev
FNDA:1,_ZN29ApiTest_recognize_number_Test8TestBodyEv
FNDA:1,_ZN30ApiTest_recognize_gesture_TestD0Ev
FNDA:0,_ZN30ApiTest_recognize_gesture_TestD2Ev
FNDA:1,_ZN30ApiTest_recognize_gesture_Test8TestBodyEv
FNDA:1,_ZN31ApiTest_setParam_invalid_1_TestD0Ev
FNDA:0,_ZN31ApiTest_setParam_invalid_1_TestD2Ev
FNDA:1,_ZN31ApiTest_setParam_invalid_1_Test8TestBodyEv
FNDA:1,_ZN30ApiTest_setParam_logLevel_TestD0Ev
FNDA:0,_ZN30ApiTest_setParam_logLevel_TestD2Ev
FNDA:1,_ZN30ApiTest_setParam_logLevel_Test8TestBodyEv
FNDA:1,_Z6loggeriRKNSt7__cxx1112basic_stringIcSt11char_traitsIcESaIcEEE
FNDA:1,_ZN30ApiTest_setParam_callback_TestD0Ev
FNDA:0,_ZN30ApiTest_setParam_callback_TestD2Ev
FNDA:1,_ZN30ApiTest_setParam_callback_Test8TestBodyEv
FNDA:1,_ZN31ApiTest_getParam_invalid_1_TestD0Ev
FNDA:0,_ZN31ApiTest_getParam_invalid_1_TestD2Ev
FNDA:1,_ZN31ApiTest_getParam_invalid_1_Test8TestBodyEv
FNDA:1,_ZN21ApiTest_getParam_TestD0Ev
FNDA:0,_ZN21ApiTest_getParam_TestD2Ev
FNDA:1,_ZN21ApiTest_getParam_Test8TestBodyEv
FNDA:1,_ZN33ApiTest_getDueDate_invalid_1_TestD0Ev
FNDA:0,_ZN33ApiTest_getDueDate_invalid_1_TestD2Ev
FNDA:1,_ZN33ApiTest_getDueDate_invalid_1_Test8TestBodyEv
FNDA:1,_ZN33ApiTest_getDueDate_invalid_2_TestD0Ev
FNDA:0,_ZN33ApiTest_getDueDate_invalid_2_TestD2Ev
FNDA:1,_ZN33ApiTest_getDueDate_invalid_2_Test8TestBodyEv
FNDA:1,_ZN23ApiTest_getDueDate_TestD0Ev
FNDA:0,_ZN23ApiTest_getDueDate_TestD2Ev
FNDA:1,_ZN23ApiTest_getDueDate_Test8TestBodyEv
FNDA:1,_ZN45ApiTest_setExternalLibraryPath_invalid_1_TestD0Ev
FNDA:0,_ZN45ApiTest_setExternalLibraryPath_invalid_1_TestD2Ev
FNDA:1,_ZN45ApiTest_setExternalLibraryPath_invalid_1_Test8TestBodyEv
FNDA:1,_ZN45ApiTest_setExternalLibraryPath_invalid_2_TestD0Ev
FNDA:0,_ZN45ApiTest_setExternalLibraryPath_invalid_2_TestD2Ev
FNDA:1,_ZN45ApiTest_setExternalLibraryPath_invalid_2_Test8TestBodyEv
FNDA:1,_ZN35ApiTest_setExternalLibraryPath_TestD0Ev
FNDA:0,_ZN35ApiTest_setExternalLibraryPath_TestD2Ev
FNDA:1,_ZN35ApiTest_setExternalLibraryPath_Test8TestBodyEv
FNDA:1,_ZN46ApiTest_setExternalResourcePath_invalid_1_TestD0Ev
FNDA:0,_ZN46ApiTest_setExternalResourcePath_invalid_1_TestD2Ev
FNDA:1,_ZN46ApiTest_setExternalResourcePath_invalid_1_Test8TestBodyEv
FNDA:1,_ZN46ApiTest_setExternalResourcePath_invalid_2_TestD0Ev
FNDA:0,_ZN46ApiTest_setExternalResourcePath_invalid_2_TestD2Ev
FNDA:1,_ZN46ApiTest_setExternalResourcePath_invalid_2_Test8TestBodyEv
FNDA:1,_ZN36ApiTest_setExternalResourcePath_TestD0Ev
FNDA:0,_ZN36ApiTest_setExternalResourcePath_TestD2Ev
FNDA:1,_ZN36ApiTest_setExternalResourcePath_Test8TestBodyEv
FNDA:1,_ZN28ApiTest_createInkObject_TestD0Ev
FNDA:0,_ZN28ApiTest_createInkObject_TestD2Ev
FNDA:1,_ZN28ApiTest_createInkObject_Test8TestBodyEv
FNDA:1,_ZN31ApiTest_addPoint_invalid_1_TestD0Ev
FNDA:0,_ZN31ApiTest_addPoint_invalid_1_TestD2Ev
FNDA:1,_ZN31ApiTest_addPoint_invalid_1_Test8TestBodyEv
FNDA:1,_ZN31ApiTest_addPoint_invalid_2_TestD0Ev
FNDA:0,_ZN31ApiTest_addPoint_invalid_2_TestD2Ev
FNDA:1,_ZN31ApiTest_addPoint_invalid_2_Test8TestBodyEv
FNDA:1,_ZN31ApiTest_addPoint_invalid_4_TestD0Ev
FNDA:0,_ZN31ApiTest_addPoint_invalid_4_TestD2Ev
FNDA:1,_ZN31ApiTest_addPoint_invalid_4_Test8TestBodyEv
FNDA:1,_ZN21ApiTest_addPoint_TestD0Ev
FNDA:0,_ZN21ApiTest_addPoint_TestD2Ev
FNDA:1,_ZN21ApiTest_addPoint_Test8TestBodyEv
FNDA:1,_ZN32ApiTest_endStroke_invalid_1_TestD0Ev
FNDA:0,_ZN32ApiTest_endStroke_invalid_1_TestD2Ev
FNDA:1,_ZN32ApiTest_endStroke_invalid_1_Test8TestBodyEv
FNDA:1,_ZN32ApiTest_endStroke_invalid_2_TestD0Ev
FNDA:0,_ZN32ApiTest_endStroke_invalid_2_TestD2Ev
FNDA:1,_ZN32ApiTest_endStroke_invalid_2_Test8TestBodyEv
FNDA:1,_ZN22ApiTest_endStroke_TestD0Ev
FNDA:0,_ZN22ApiTest_endStroke_TestD2Ev
FNDA:1,_ZN22ApiTest_endStroke_Test8TestBodyEv
FNDA:1,_ZN31ApiTest_inkClear_invalid_1_TestD0Ev
FNDA:0,_ZN31ApiTest_inkClear_invalid_1_TestD2Ev
FNDA:1,_ZN31ApiTest_inkClear_invalid_1_Test8TestBodyEv
FNDA:1,_ZN31ApiTest_inkClear_invalid_2_TestD0Ev
FNDA:0,_ZN31ApiTest_inkClear_invalid_2_TestD2Ev
FNDA:1,_ZN31ApiTest_inkClear_invalid_2_Test8TestBodyEv
FNDA:1,_ZN21ApiTest_inkClear_TestD0Ev
FNDA:0,_ZN21ApiTest_inkClear_TestD2Ev
FNDA:1,_ZN21ApiTest_inkClear_Test8TestBodyEv
FNDA:1,_ZN34ApiTest_getInkPoint_invalid_1_TestD0Ev
FNDA:0,_ZN34ApiTest_getInkPoint_invalid_1_TestD2Ev
FNDA:1,_ZN34ApiTest_getInkPoint_invalid_1_Test8TestBodyEv
FNDA:1,_ZN34ApiTest_getInkPoint_invalid_2_TestD0Ev
FNDA:0,_ZN34ApiTest_getInkPoint_invalid_2_TestD2Ev
FNDA:1,_ZN34ApiTest_getInkPoint_invalid_2_Test8TestBodyEv
FNDA:1,_ZN34ApiTest_getInkPoint_invalid_3_TestD0Ev
FNDA:0,_ZN34ApiTest_getInkPoint_invalid_3_TestD2Ev
FNDA:1,_ZN34ApiTest_getInkPoint_invalid_3_Test8TestBodyEv
FNDA:1,_ZN34ApiTest_getInkPoint_invalid_4_TestD0Ev
FNDA:0,_ZN34ApiTest_getInkPoint_invalid_4_TestD2Ev
FNDA:1,_ZN34ApiTest_getInkPoint_invalid_4_Test8TestBodyEv
FNDA:1,_ZN34ApiTest_getInkPoint_invalid_5_TestD0Ev
FNDA:0,_ZN34ApiTest_getInkPoint_invalid_5_TestD2Ev
FNDA:1,_ZN34ApiTest_getInkPoint_invalid_5_Test8TestBodyEv
FNDA:1,_ZN34ApiTest_getInkPoint_invalid_6_TestD0Ev
FNDA:0,_ZN34ApiTest_getInkPoint_invalid_6_TestD2Ev
FNDA:1,_ZN34ApiTest_getInkPoint_invalid_6_Test8TestBodyEv
FNDA:1,_ZN24ApiTest_getInkPoint_TestD0Ev
FNDA:0,_ZN24ApiTest_getInkPoint_TestD2Ev
FNDA:1,_ZN24ApiTest_getInkPoint_Test8TestBodyEv
FNDA:1,_ZN34ApiTest_getInkCount_invalid_1_TestD0Ev
FNDA:0,_ZN34ApiTest_getInkCount_invalid_1_TestD2Ev
FNDA:1,_ZN34ApiTest_getInkCount_invalid_1_Test8TestBodyEv
FNDA:1,_ZN34ApiTest_getInkCount_invalid_2_TestD0Ev
FNDA:0,_ZN34ApiTest_getInkCount_invalid_2_TestD2Ev
FNDA:1,_ZN34ApiTest_getInkCount_invalid_2_Test8TestBodyEv
FNDA:1,_ZN34ApiTest_getInkCount_invalid_3_TestD0Ev
FNDA:0,_ZN34ApiTest_getInkCount_invalid_3_TestD2Ev
FNDA:1,_ZN34ApiTest_getInkCount_invalid_3_Test8TestBodyEv
FNDA:1,_ZN24ApiTest_getInkCount_TestD0Ev
FNDA:0,_ZN24ApiTest_getInkCount_TestD2Ev
FNDA:1,_ZN24ApiTest_getInkCount_Test8TestBodyEv
FNDA:1,_ZN31ApiTest_createResultObject_TestD0Ev
FNDA:0,_ZN31ApiTest_createResultObject_TestD2Ev
FNDA:1,_ZN31ApiTest_createResultObject_Test8TestBodyEv
FNDA:1,_ZN34ApiTest_getLineSize_invalid_1_TestD0Ev
FNDA:0,_ZN34ApiTest_getLineSize_invalid_1_TestD2Ev
FNDA:1,_ZN34ApiTest_getLineSize_invalid_1_Test8TestBodyEv
FNDA:1,_ZN30ApiTest_getLine_invalid_1_TestD0Ev
FNDA:0,_ZN30ApiTest_getLine_invalid_1_TestD2Ev
FNDA:1,_ZN30ApiTest_getLine_invalid_1_Test8TestBodyEv
FNDA:1,_ZN30ApiTest_getLine_invalid_2_TestD0Ev
FNDA:0,_ZN30ApiTest_getLine_invalid_2_TestD2Ev
FNDA:1,_ZN30ApiTest_getLine_invalid_2_Test8TestBodyEv
FNDA:1,_ZN35ApiTest_getBlockSize_invalid_1_TestD0Ev
FNDA:0,_ZN35ApiTest_getBlockSize_invalid_1_TestD2Ev
FNDA:1,_ZN35ApiTest_getBlockSize_invalid_1_Test8TestBodyEv
FNDA:1,_ZN31ApiTest_getBlock_invalid_1_TestD0Ev
FNDA:0,_ZN31ApiTest_getBlock_invalid_1_TestD2Ev
FNDA:1,_ZN31ApiTest_getBlock_invalid_1_Test8TestBodyEv
FNDA:1,_ZN31ApiTest_getBlock_invalid_2_TestD0Ev
FNDA:0,_ZN31ApiTest_getBlock_invalid_2_TestD2Ev
FNDA:1,_ZN31ApiTest_getBlock_invalid_2_Test8TestBodyEv
FNDA:1,_ZN36ApiTest_getStrokeSize_invalid_1_TestD0Ev
FNDA:0,_ZN36ApiTest_getStrokeSize_invalid_1_TestD2Ev
FNDA:1,_ZN36ApiTest_getStrokeSize_invalid_1_Test8TestBodyEv
FNDA:1,_ZN36ApiTest_getStrokeSize_invalid_2_TestD0Ev
FNDA:0,_ZN36ApiTest_getStrokeSize_invalid_2_TestD2Ev
FNDA:1,_ZN36ApiTest_getStrokeSize_invalid_2_Test8TestBodyEv
FNDA:1,_ZN26ApiTest_getStrokeSize_TestD0Ev
FNDA:0,_ZN26ApiTest_getStrokeSize_TestD2Ev
FNDA:1,_ZN26ApiTest_getStrokeSize_Test8TestBodyEv
FNDA:1,_ZN39ApiTest_getStrokeIndices_invalid_1_TestD0Ev
FNDA:0,_ZN39ApiTest_getStrokeIndices_invalid_1_TestD2Ev
FNDA:1,_ZN39ApiTest_getStrokeIndices_invalid_1_Test8TestBodyEv
FNDA:1,_ZN33ApiTest_getStrokeIndices_kor_TestD0Ev
FNDA:0,_ZN33ApiTest_getStrokeIndices_kor_TestD2Ev
FNDA:1,_ZN33ApiTest_getStrokeIndices_kor_Test8TestBodyEv
FNDA:1,_ZN33ApiTest_getStrokeIndices_eng_TestD0Ev
FNDA:0,_ZN33ApiTest_getStrokeIndices_eng_TestD2Ev
FNDA:1,_ZN33ApiTest_getStrokeIndices_eng_Test8TestBodyEv
FNDA:1,_ZN36ApiTest_getStrokeIndices_number_TestD0Ev
FNDA:0,_ZN36ApiTest_getStrokeIndices_number_TestD2Ev
FNDA:1,_ZN36ApiTest_getStrokeIndices_number_Test8TestBodyEv
FNDA:1,_ZN41ApiTest_getCandidateScores_invalid_1_TestD0Ev
FNDA:0,_ZN41ApiTest_getCandidateScores_invalid_1_TestD2Ev
FNDA:1,_ZN41ApiTest_getCandidateScores_invalid_1_Test8TestBodyEv
FNDA:1,_ZN41ApiTest_getCandidateScores_invalid_2_TestD0Ev
FNDA:0,_ZN41ApiTest_getCandidateScores_invalid_2_TestD2Ev
FNDA:1,_ZN41ApiTest_getCandidateScores_invalid_2_Test8TestBodyEv
FNDA:1,_ZN31ApiTest_getCandidateScores_TestD0Ev
FNDA:0,_ZN31ApiTest_getCandidateScores_TestD2Ev
FNDA:1,_ZN31ApiTest_getCandidateScores_Test8TestBodyEv
FNDA:1,_ZN35ApiTest_getCandidate_invalid_1_TestD0Ev
FNDA:0,_ZN35ApiTest_getCandidate_invalid_1_TestD2Ev
FNDA:1,_ZN35ApiTest_getCandidate_invalid_1_Test8TestBodyEv
FNDA:1,_ZN25ApiTest_getCandidate_TestD0Ev
FNDA:0,_ZN25ApiTest_getCandidate_TestD2Ev
FNDA:1,_ZN25ApiTest_getCandidate_Test8TestBodyEv
FNDA:1,_ZN39ApiTest_getCandidateSize_invalid_1_TestD0Ev
FNDA:0,_ZN39ApiTest_getCandidateSize_invalid_1_TestD2Ev
FNDA:1,_ZN39ApiTest_getCandidateSize_invalid_1_Test8TestBodyEv
FNDA:1,_ZN39ApiTest_setCandidateSize_invalid_1_TestD0Ev
FNDA:0,_ZN39ApiTest_setCandidateSize_invalid_1_TestD2Ev
FNDA:1,_ZN39ApiTest_setCandidateSize_invalid_1_Test8TestBodyEv
FNDA:1,_ZN41ApiTest_setRecognitionMode_invalid_1_TestD0Ev
FNDA:0,_ZN41ApiTest_setRecognitionMode_invalid_1_TestD2Ev
FNDA:1,_ZN41ApiTest_setRecognitionMode_invalid_1_Test8TestBodyEv
FNDA:1,_ZN41ApiTest_setRecognitionMode_invalid_2_TestD0Ev
FNDA:0,_ZN41ApiTest_setRecognitionMode_invalid_2_TestD2Ev
FNDA:1,_ZN41ApiTest_setRecognitionMode_invalid_2_Test8TestBodyEv
FNDA:1,_ZN31ApiTest_setRecognitionMode_TestD0Ev
FNDA:0,_ZN31ApiTest_setRecognitionMode_TestD2Ev
FNDA:1,_ZN31ApiTest_setRecognitionMode_Test8TestBodyEv
FNDA:1,_ZN29ApiTest_setCandidateSize_TestD0Ev
FNDA:0,_ZN29ApiTest_setCandidateSize_TestD2Ev
FNDA:1,_ZN29ApiTest_setCandidateSize_Test8TestBodyEv
FNDA:1,_ZN37ApiTest_setUserCharSet_invalid_1_TestD0Ev
FNDA:0,_ZN37ApiTest_setUserCharSet_invalid_1_TestD2Ev
FNDA:1,_ZN37ApiTest_setUserCharSet_invalid_1_Test8TestBodyEv
FNDA:1,_ZN27ApiTest_setUserCharSet_TestD0Ev
FNDA:0,_ZN27ApiTest_setUserCharSet_TestD2Ev
FNDA:1,_ZN27ApiTest_setUserCharSet_Test8TestBodyEv
FNDA:1,_ZN34ApiTest_addLanguage_invalid_1_TestD0Ev
FNDA:0,_ZN34ApiTest_addLanguage_invalid_1_TestD2Ev
FNDA:1,_ZN34ApiTest_addLanguage_invalid_1_Test8TestBodyEv
FNDA:1,_ZN24ApiTest_addLanguage_TestD0Ev
FNDA:0,_ZN24ApiTest_addLanguage_TestD2Ev
FNDA:1,_ZN24ApiTest_addLanguage_Test8TestBodyEv
FNDA:1,_ZN38ApiTest_getLanguageSize_invalid_1_TestD0Ev
FNDA:0,_ZN38ApiTest_getLanguageSize_invalid_1_TestD2Ev
FNDA:1,_ZN38ApiTest_getLanguageSize_invalid_1_Test8TestBodyEv
FNDA:1,_ZN38ApiTest_getLanguageSize_invalid_2_TestD0Ev
FNDA:0,_ZN38ApiTest_getLanguageSize_invalid_2_TestD2Ev
FNDA:1,_ZN38ApiTest_getLanguageSize_invalid_2_Test8TestBodyEv
FNDA:1,_ZN28ApiTest_getLanguageSize_TestD0Ev
FNDA:0,_ZN28ApiTest_getLanguageSize_TestD2Ev
FNDA:1,_ZN28ApiTest_getLanguageSize_Test8TestBodyEv
FNDA:1,_ZN36ApiTest_clearLanguage_invalid_1_TestD0Ev
FNDA:0,_ZN36ApiTest_clearLanguage_invalid_1_TestD2Ev
FNDA:1,_ZN36ApiTest_clearLanguage_invalid_1_Test8TestBodyEv
FNDA:1,_ZN26ApiTest_clearLanguage_TestD0Ev
FNDA:0,_ZN26ApiTest_clearLanguage_TestD2Ev
FNDA:1,_ZN26ApiTest_clearLanguage_Test8TestBodyEv
FNDA:1,_GLOBAL__sub_I__ZN7ApiTest5SetUpEv
FNDA:1,_Z41__static_initialization_and_destruction_0ii
FNF:289
FNH:195
DA:7,18
DA:8,18
DA:11,4568
DA:13,2275
DA:14,136
DA:16,2139
DA:18,2275
DA:20,18
DA:22,11
DA:25,11
DA:26,11
DA:30,55
DA:31,32
DA:32,32
DA:34,96
DA:35,42
DA:36,42
DA:37,42
DA:38,42
DA:40,10
DA:42,32
DA:43,32
DA:51,22
DA:57,94
DA:58,94
DA:59,94
DA:61,94
DA:62,94
DA:63,94
DA:65,10
DA:66,1
DA:67,2
DA:68,1
DA:70,10
DA:71,1
DA:72,1
DA:73,2
DA:75,1
DA:76,1
DA:77,1
DA:78,1
DA:79,1
DA:87,10
DA:88,1
DA:89,2
DA:90,1
DA:92,10
DA:93,1
DA:94,2
DA:95,1
DA:97,10
DA:98,1
DA:99,2
DA:100,1
DA:102,10
DA:103,1
DA:104,2
DA:106,1
DA:107,2
DA:108,1
DA:110,10
DA:111,1
DA:112,2
DA:114,1
DA:115,2
DA:116,1
DA:118,10
DA:119,1
DA:120,2
DA:121,1
DA:122,2
DA:124,1
DA:125,2
DA:126,1
DA:128,10
DA:129,1
DA:130,2
DA:131,1
DA:133,10
DA:135,1
DA:136,2
DA:137,1
DA:139,10
DA:140,1
DA:141,1
DA:142,2
DA:143,1
DA:144,1
DA:146,10
DA:147,1
DA:148,2
DA:149,1
DA:150,1
DA:151,2
DA:152,1
DA:153,1
DA:167,10
DA:168,1
DA:169,2
DA:170,1
DA:171,2
DA:172,1
DA:173,1
DA:174,2
DA:175,1
DA:176,2
DA:177,1
DA:178,1
DA:180,10
DA:181,1
DA:182,2
DA:183,1
DA:184,2
DA:185,1
DA:186,1
DA:187,2
DA:188,1
DA:189,2
DA:190,1
DA:191,2
DA:192,1
DA:193,1
DA:195,10
DA:196,1
DA:197,2
DA:198,1
DA:199,2
DA:200,1
DA:201,1
DA:202,2
DA:203,1
DA:204,2
DA:205,1
DA:206,2
DA:207,1
DA:208,1
DA:210,10
DA:211,1
DA:212,2
DA:213,1
DA:214,2
DA:215,1
DA:216,2
DA:217,1
DA:218,1
DA:219,2
DA:220,1
DA:221,2
DA:222,1
DA:223,2
DA:224,1
DA:225,1
DA:227,10
DA:228,1
DA:229,2
DA:230,1
DA:231,2
DA:232,1
DA:233,1
DA:234,2
DA:235,1
DA:236,2
DA:237,1
DA:238,2
DA:239,1
DA:240,1
DA:242,10
DA:243,1
DA:244,2
DA:245,1
DA:247,10
DA:248,1
DA:249,2
DA:250,1
DA:251,2
DA:252,1
DA:254,10
DA:255,1
DA:256,2
DA:257,1
DA:258,2
DA:259,1
DA:260,1
DA:261,2
DA:262,1
DA:263,2
DA:264,1
DA:265,2
DA:266,1
DA:267,1
DA:268,1
DA:269,2
DA:270,1
DA:271,1
DA:272,1
DA:273,1
DA:275,10
DA:276,1
DA:277,2
DA:278,1
DA:279,2
DA:280,1
DA:281,1
DA:282,2
DA:283,1
DA:284,2
DA:285,1
DA:286,2
DA:287,1
DA:288,1
DA:289,1
DA:290,1
DA:291,2
DA:292,2
DA:293,1
DA:295,2
DA:298,2
DA:299,1
DA:300,1
DA:301,1
DA:302,1
DA:304,10
DA:305,1
DA:306,2
DA:307,1
DA:308,2
DA:309,1
DA:310,1
DA:311,2
DA:312,1
DA:313,2
DA:314,1
DA:315,2
DA:316,1
DA:317,1
DA:318,1
DA:319,1
DA:320,2
DA:321,2
DA:322,1
DA:324,2
DA:327,2
DA:328,1
DA:329,1
DA:330,1
DA:331,1
DA:333,10
DA:334,1
DA:335,2
DA:336,1
DA:337,2
DA:338,1
DA:339,1
DA:340,2
DA:341,1
DA:342,2
DA:343,1
DA:344,2
DA:345,1
DA:346,1
DA:347,1
DA:348,1
DA:349,2
DA:350,2
DA:351,1
DA:353,2
DA:356,2
DA:357,1
DA:358,1
DA:359,1
DA:360,1
DA:362,10
DA:363,1
DA:364,2
DA:365,1
DA:366,2
DA:367,1
DA:368,1
DA:369,2
DA:370,1
DA:371,2
DA:372,1
DA:373,2
DA:374,1
DA:375,2
DA:376,1
DA:377,1
DA:379,1
DA:382,1
DA:385,17
DA:386,8
DA:387,8
DA:388,8
DA:389,16
DA:390,16
DA:391,8
DA:392,16
DA:393,8
DA:395,16
DA:397,1
DA:398,1
DA:399,1
DA:400,1
DA:402,10
DA:403,1
DA:404,2
DA:405,1
DA:414,10
DA:415,1
DA:417,11
DA:418,5
DA:419,10
DA:420,5
DA:421,5
DA:422,10
DA:423,5
DA:425,1
DA:427,1
DA:428,1
DA:429,1
DA:431,10
DA:432,1
DA:433,2
DA:435,1
DA:436,2
DA:437,1
DA:439,10
DA:440,1
DA:441,2
DA:442,1
DA:444,10
DA:445,1
DA:446,1
DA:447,2
DA:449,1
DA:450,1
DA:451,2
DA:452,2
DA:453,1
DA:455,10
DA:456,1
DA:457,2
DA:458,1
DA:460,10
DA:461,1
DA:462,1
DA:463,2
DA:464,1
DA:466,10
DA:467,1
DA:468,1
DA:469,2
DA:470,1
DA:471,2
DA:472,1
DA:474,10
DA:475,1
DA:476,2
DA:477,1
DA:479,10
DA:480,1
DA:481,2
DA:482,1
DA:484,10
DA:485,1
DA:486,2
DA:487,1
DA:489,10
DA:490,1
DA:491,2
DA:492,1
DA:494,9
DA:495,1
DA:496,2
DA:497,1
DA:499,10
DA:500,1
DA:501,2
DA:502,1
DA:504,10
DA:506,1
DA:507,2
DA:509,1
DA:510,2
DA:511,1
DA:512,2
DA:513,1
DA:514,1
DA:516,10
DA:517,1
DA:518,2
DA:519,1
DA:521,10
DA:523,1
DA:524,1
DA:525,2
DA:526,1
DA:527,1
DA:540,10
DA:541,1
DA:542,1
DA:543,1
DA:544,2
DA:545,1
DA:546,2
DA:547,1
DA:549,1
DA:550,2
DA:551,1
DA:552,2
DA:553,1
DA:554,2
DA:555,1
DA:556,2
DA:557,1
DA:558,2
DA:559,1
DA:560,2
DA:561,1
DA:562,2
DA:563,1
DA:564,2
DA:566,1
DA:567,1
DA:569,10
DA:570,1
DA:571,2
DA:572,1
DA:573,2
DA:574,1
DA:575,2
DA:576,1
DA:577,1
DA:579,10
DA:580,1
DA:581,2
DA:582,1
DA:584,10
DA:586,1
DA:587,1
DA:588,2
DA:589,1
DA:590,1
DA:592,10
DA:593,1
DA:594,2
DA:595,1
DA:596,2
DA:597,1
DA:598,2
DA:599,1
DA:600,1
DA:602,10
DA:603,1
DA:604,2
DA:605,1
DA:607,10
DA:609,1
DA:610,1
DA:611,2
DA:612,1
DA:613,1
DA:615,10
DA:616,1
DA:617,2
DA:618,1
DA:619,2
DA:620,1
DA:621,2
DA:622,1
DA:623,1
DA:625,10
DA:627,1
DA:628,1
DA:629,1
DA:630,2
DA:631,1
DA:633,10
DA:635,1
DA:636,1
DA:637,2
DA:638,1
DA:639,1
DA:641,10
DA:643,1
DA:644,1
DA:645,1
DA:646,1
DA:647,2
DA:648,1
DA:649,1
DA:651,10
DA:652,1
DA:653,2
DA:654,1
DA:655,2
DA:659,1
DA:660,1
DA:661,2
DA:662,1
DA:663,1
DA:665,10
DA:666,1
DA:667,2
DA:668,1
DA:669,2
DA:672,1
DA:673,1
DA:674,1
DA:675,2
DA:676,1
DA:677,1
DA:679,10
DA:680,1
DA:681,2
DA:682,1
DA:683,2
DA:684,1
DA:685,2
DA:686,1
DA:687,2
DA:688,1
DA:689,2
DA:692,1
DA:693,1
DA:694,1
DA:695,2
DA:696,1
DA:697,1
DA:699,10
DA:700,1
DA:701,2
DA:702,1
DA:703,2
DA:704,1
DA:705,1
DA:706,1
DA:707,1
DA:708,1
DA:709,1
DA:710,1
DA:711,1
DA:712,1
DA:713,1
DA:714,2
DA:715,2
DA:718,1
DA:719,1
DA:720,1
DA:721,2
DA:722,2
DA:723,2
DA:726,1
DA:727,2
DA:728,2
DA:729,2
DA:732,1
DA:733,2
DA:734,2
DA:735,2
DA:739,1
DA:740,2
DA:741,2
DA:742,2
DA:745,1
DA:746,2
DA:747,2
DA:748,2
DA:751,1
DA:752,2
DA:753,2
DA:754,2
DA:758,1
DA:759,2
DA:760,2
DA:761,2
DA:762,1
DA:763,1
DA:765,10
DA:766,1
DA:767,2
DA:768,1
DA:770,10
DA:771,1
DA:772,2
DA:773,1
DA:774,2
DA:775,1
DA:776,2
DA:777,1
DA:778,1
DA:780,10
DA:781,1
DA:782,2
DA:783,1
DA:784,2
DA:785,1
DA:786,1
DA:787,2
DA:788,2
DA:789,1
DA:790,1
DA:792,10
DA:793,1
DA:794,2
DA:795,1
DA:796,2
DA:797,1
DA:798,1
DA:799,2
DA:800,2
DA:803,1
DA:804,1
DA:805,1
DA:806,2
DA:807,2
DA:810,1
DA:811,1
DA:812,1
DA:813,1
DA:814,2
DA:815,2
DA:818,1
DA:819,1
DA:820,1
DA:821,1
DA:822,1
DA:823,2
DA:824,2
DA:827,1
DA:828,1
DA:829,1
DA:830,1
DA:831,1
DA:832,1
DA:833,2
DA:834,2
DA:837,1
DA:838,1
DA:839,1
DA:840,1
DA:841,1
DA:842,1
DA:843,1
DA:844,1
DA:845,1
DA:846,2
DA:847,2
DA:850,1
DA:851,1
DA:852,1
DA:853,1
DA:854,1
DA:855,1
DA:856,1
DA:857,1
DA:858,1
DA:859,1
DA:860,1
DA:861,1
DA:862,1
DA:863,1
DA:864,2
DA:865,2
DA:866,1
DA:867,1
DA:869,10
DA:871,1
DA:872,2
DA:874,1
DA:875,2
DA:876,1
DA:877,2
DA:878,1
DA:879,1
DA:881,10
DA:882,1
DA:883,2
DA:884,1
DA:886,10
DA:887,1
DA:888,2
DA:889,1
DA:891,10
DA:892,1
DA:893,2
DA:894,1
DA:895,2
DA:897,1
DA:898,2
DA:899,1
DA:900,1
DA:902,10
DA:903,1
DA:904,2
DA:905,1
DA:907,10
DA:908,1
DA:909,2
DA:910,1
DA:912,10
DA:913,1
DA:914,2
DA:915,1
DA:916,2
DA:918,1
DA:919,2
DA:920,1
DA:921,2
DA:922,1
DA:923,1
DA:925,10
DA:926,1
DA:927,2
DA:928,1
DA:930,10
DA:931,1
DA:932,2
DA:933,1
DA:934,2
DA:936,1
DA:937,2
DA:938,1
DA:939,2
DA:940,1
DA:941,2
DA:942,1
DA:943,1
DA:945,10
DA:946,1
DA:947,2
DA:948,1
DA:949,2
DA:950,1
DA:951,1
DA:952,2
DA:953,1
DA:954,2
DA:955,1
DA:956,2
DA:957,1
DA:958,1
DA:959,1
DA:960,1
DA:961,2
DA:963,1
DA:965,1
DA:966,1
DA:967,7
DA:968,4
DA:969,4
DA:971,10
DA:972,4
DA:973,4
DA:974,4
DA:975,8
DA:976,4
DA:977,4
DA:979,1
DA:981,3
DA:982,3
DA:990,3
DA:993,1
DA:995,2
DA:998,2
DA:999,1
DA:1000,1
DA:1001,1
DA:1002,1
DA:1004,10
DA:1006,1
DA:1007,2
DA:1008,1
DA:1010,10
DA:1011,1
DA:1012,2
DA:1013,1
DA:1014,2
DA:1015,1
DA:1016,1
DA:1017,2
DA:1018,1
DA:1019,2
DA:1020,1
DA:1021,2
DA:1022,1
DA:1023,1
DA:1024,1
DA:1025,1
DA:1026,2
DA:1028,1
DA:1030,1
DA:1031,1
DA:1032,7
DA:1033,4
DA:1034,4
DA:1036,10
DA:1037,4
DA:1038,4
DA:1039,4
DA:1040,8
DA:1041,4
DA:1042,4
DA:1043,4
DA:1044,8
DA:1045,4
DA:1046,8
DA:1047,4
DA:1048,172
DA:1049,168
DA:1051,4
DA:1052,4
DA:1053,4
DA:1055,1
DA:1057,3
DA:1058,3
DA:1066,3
DA:1069,1
DA:1071,2
DA:1074,2
DA:1075,1
DA:1076,1
DA:1077,1
DA:1078,1
DA:1080,10
DA:1081,1
DA:1082,2
DA:1083,1
DA:1084,2
DA:1085,1
DA:1086,1
DA:1087,2
DA:1088,1
DA:1089,2
DA:1090,1
DA:1091,2
DA:1092,1
DA:1093,1
DA:1094,1
DA:1095,1
DA:1096,2
DA:1098,1
DA:1100,1
DA:1101,1
DA:1102,21
DA:1103,10
DA:1104,10
DA:1106,30
DA:1107,10
DA:1108,10
DA:1109,10
DA:1110,20
DA:1111,10
DA:1112,10
DA:1113,10
DA:1114,20
DA:1115,10
DA:1116,20
DA:1117,10
DA:1118,70
DA:1119,60
DA:1121,10
DA:1122,10
DA:1123,10
DA:1125,0
DA:1127,10
DA:1128,10
DA:1136,10
DA:1139,1
DA:1141,2
DA:1144,2
DA:1145,1
DA:1146,1
DA:1147,1
DA:1148,1
DA:1150,10
DA:1151,1
DA:1152,2
DA:1153,1
DA:1154,2
DA:1155,1
DA:1156,1
DA:1157,2
DA:1158,1
DA:1159,2
DA:1160,1
DA:1161,2
DA:1162,1
DA:1163,1
DA:1164,1
DA:1165,1
DA:1166,2
DA:1168,1
DA:1170,1
DA:1171,1
DA:1172,3
DA:1173,2
DA:1174,2
DA:1176,4
DA:1177,2
DA:1178,2
DA:1179,2
DA:1180,4
DA:1181,2
DA:1182,2
DA:1183,2
DA:1184,4
DA:1185,2
DA:1186,4
DA:1187,2
DA:1188,14
DA:1189,12
DA:1191,2
DA:1192,2
DA:1193,2
DA:1195,1
DA:1197,1
DA:1198,1
DA:1206,1
DA:1209,1
DA:1211,2
DA:1214,2
DA:1215,1
DA:1216,1
DA:1217,1
DA:1218,1
DA:1220,10
DA:1222,1
DA:1223,2
DA:1224,1
DA:1226,10
DA:1227,1
DA:1228,2
DA:1229,1
DA:1230,2
DA:1231,1
DA:1232,1
DA:1233,2
DA:1234,1
DA:1235,2
DA:1236,1
DA:1237,2
DA:1238,1
DA:1239,1
DA:1240,1
DA:1241,1
DA:1242,2
DA:1244,1
DA:1246,1
DA:1247,1
DA:1248,3
DA:1249,2
DA:1250,2
DA:1252,4
DA:1253,2
DA:1254,2
DA:1255,2
DA:1256,2
DA:1258,2
DA:1259,4
DA:1260,2
DA:1261,4
DA:1262,2
DA:1263,2
DA:1265,1
DA:1267,1
DA:1268,1
DA:1276,1
DA:1279,1
DA:1281,2
DA:1284,2
DA:1285,1
DA:1286,1
DA:1287,1
DA:1288,1
DA:1290,10
DA:1291,1
DA:1292,2
DA:1293,1
DA:1294,2
DA:1295,1
DA:1296,1
DA:1297,2
DA:1298,1
DA:1299,2
DA:1300,1
DA:1301,2
DA:1302,1
DA:1303,1
DA:1304,1
DA:1305,1
DA:1306,2
DA:1308,1
DA:1310,1
DA:1311,1
DA:1312,7
DA:1313,4
DA:1314,4
DA:1316,10
DA:1317,4
DA:1318,4
DA:1319,4
DA:1320,4
DA:1322,4
DA:1323,8
DA:1324,4
DA:1325,8
DA:1326,28
DA:1327,12
DA:1329,4
DA:1330,4
DA:1332,1
DA:1334,3
DA:1335,3
DA:1343,3
DA:1346,1
DA:1348,2
DA:1351,2
DA:1352,1
DA:1353,1
DA:1354,1
DA:1355,1
DA:1357,10
DA:1359,1
DA:1360,1
DA:1361,2
DA:1362,1
DA:1364,10
DA:1365,1
DA:1366,2
DA:1367,1
DA:1368,2
DA:1369,1
DA:1370,1
DA:1371,2
DA:1372,1
DA:1373,2
DA:1374,1
DA:1375,2
DA:1376,1
DA:1377,1
DA:1378,1
DA:1379,1
DA:1380,2
DA:1382,1
DA:1384,1
DA:1385,1
DA:1386,7
DA:1387,4
DA:1388,8
DA:1389,4
DA:1390,8
DA:1391,4
DA:1393,10
DA:1394,4
DA:1395,4
DA:1396,4
DA:1397,4
DA:1399,1
DA:1401,3
DA:1402,6
[...]
DA:37,0
DA:38,0
DA:42,123
LF:16
LH:2
end_of_record
SF:/usr/include/c++/7/bits/basic_string.h
DA:168,0
DA:172,0
DA:176,0
DA:200,0
DA:206,0
DA:337,0
LF:6
LH:0
end_of_record
SF:/usr/include/c++/7/bits/basic_string.tcc
FN:206,_ZNSt7__cxx1112basic_stringIcSt11char_traitsIcESaIcEE12_M_constructIPKcEEvT_S8_St20forward_iterator_tag
FNDA:0,_ZNSt7__cxx1112basic_stringIcSt11char_traitsIcESaIcEE12_M_constructIPKcEEvT_S8_St20forward_iterator_tag
FNF:1
FNH:0
DA:206,0
DA:211,0
DA:212,0
DA:215,0
DA:217,0
DA:219,0
DA:220,0
DA:232,0
DA:233,0
LF:9
LH:0
end_of_record
SF:/usr/include/c++/7/bits/char_traits.h
DA:285,0
DA:348,0
DA:350,0
LF:3
LH:0
end_of_record
SF:/usr/include/c++/7/bits/stl_iterator_base_funcs.h
DA:104,0
LF:1
LH:0
end_of_record
SF:/usr/include/c++/7/iostream
DA:74,41
LF:1
LH:1
end_of_record
TN:
SF:/home/mldev/boost/boost_1_69_0/boost/smart_ptr/detail/shared_count.hpp
DA:121,82
DA:426,246
DA:432,82
DA:437,82
DA:471,123
DA:472,82
LF:6
LH:6
end_of_record
SF:/home/mldev/boost/boost_1_69_0/boost/smart_ptr/detail/sp_counted_base_std_atomic.hpp
FN:107,_ZN5boost6detail15sp_counted_base7releaseEv
FN:121,_ZN5boost6detail15sp_counted_base12weak_releaseEv
FNDA:164,_ZN5boost6detail15sp_counted_base7releaseEv
FNDA:0,_ZN5boost6detail15sp_counted_base12weak_releaseEv
FNF:2
FNH:1
DA:107,164
DA:109,164
DA:111,0
DA:112,0
DA:114,164
DA:121,0
DA:123,0
DA:125,0
DA:127,0
LF:9
LH:3
end_of_record
SF:/home/mldev/boost/boost_1_69_0/boost/smart_ptr/shared_ptr.hpp
FN:547,_ZN5boost10shared_ptrISt3mapINSt7__cxx1112basic_stringIcSt11char_traitsIcESaIcEEENS0_IN6diotek9DataBlockEEESt4lessIS7_ESaISt4pairIKS7_SA_EEEEaSERKSI_
FN:547,_ZN5boost10shared_ptrIN6diotek3hwr19InternalSettingBaseEEaSERKS4_
FNDA:41,_ZN5boost10shared_ptrIN6diotek3hwr19InternalSettingBaseEEaSERKS4_
FNDA:41,_ZN5boost10shared_ptrISt3mapINSt7__cxx1112basic_stringIcSt11char_traitsIcESaIcEEENS0_IN6diotek9DataBlockEEESt4lessIS7_ESaISt4pairIKS7_SA_EEEEaSERKSI_
FNF:2
FNH:2
DA:341,41
DA:352,82
DA:422,82
DA:547,82
DA:550,82
DA:734,404
LF:6
LH:6
end_of_record
SF:/home/mldev/mobis/ccNC_handwriting/selvypen/sdk/src/base/common/include/common/module/module_base.h
DA:25,41
LF:1
LH:1
end_of_record
SF:/home/mldev/mobis/ccNC_handwriting/selvypen/sdk/src/base/common/include/common/type/data_block.h
DA:43,82
LF:1
LH:1
end_of_record
SF:/home/mldev/mobis/ccNC_handwriting/selvypen/sdk/src/base/common/include/common/type/hwr_candidate.h
FN:20,_ZN6diotek3hwr9CandidateC2ERKS1_
FN:20,_ZN6diotek3hwr9CandidateC2EOS1_
FN:20,_ZN6diotek3hwr9CandidateD2Ev
FNDA:615,_ZN6diotek3hwr9CandidateC2EOS1_
FNDA:1194,_ZN6diotek3hwr9CandidateC2ERKS1_
FNDA:1253,_ZN6diotek3hwr9CandidateD2Ev
FNF:3
FNH:3
DA:20,6124
DA:26,82
LF:2
LH:2
end_of_record
SF:/home/mldev/mobis/ccNC_handwriting/selvypen/sdk/src/base/common/include/common/type/trace.h
FN:320,_ZNK6diotek3hwr9TraceBaseINS0_5PointEE12GetPointSizeEv
FN:377,_ZN6diotek3hwr11SegmentBaseIKNS0_9TraceBaseINS0_5PointEEENS4_10ConstRangeEEC2ERS5_i
FN:382,_ZN6diotek3hwr11SegmentBaseIKNS0_9TraceBaseINS0_5PointEEENS4_10ConstRangeEED0Ev
FN:382,_ZN6diotek3hwr11SegmentBaseIKNS0_9TraceBaseINS0_5PointEEENS4_10ConstRangeEED2Ev
FN:385,_ZN6diotek3hwr11SegmentBaseIKNS0_9TraceBaseINS0_5PointEEENS4_10ConstRangeEE6UpdateERS5_
FN:416,_ZNK6diotek3hwr9TraceBaseINS0_5PointEE13GetStrokeSizeEv
FN:499,_ZN6diotek3hwr9TraceBaseINS0_5PointEE12GetPointSizeERKNS3_10ConstRangeE
FNDA:41,_ZNK6diotek3hwr9TraceBaseINS0_5PointEE12GetPointSizeEv
FNDA:41,_ZN6diotek3hwr11SegmentBaseIKNS0_9TraceBaseINS0_5PointEEENS4_10ConstRangeEEC2ERS5_i
FNDA:0,_ZN6diotek3hwr11SegmentBaseIKNS0_9TraceBaseINS0_5PointEEENS4_10ConstRangeEED0Ev
FNDA:0,_ZN6diotek3hwr11SegmentBaseIKNS0_9TraceBaseINS0_5PointEEENS4_10ConstRangeEED2Ev
FNDA:41,_ZN6diotek3hwr11SegmentBaseIKNS0_9TraceBaseINS0_5PointEEENS4_10ConstRangeEE6UpdateERS5_
FNDA:41,_ZNK6diotek3hwr9TraceBaseINS0_5PointEE13GetStrokeSizeEv
FNDA:41,_ZN6diotek3hwr9TraceBaseINS0_5PointEE12GetPointSizeERKNS3_10ConstRangeE
FNF:7
FNH:5
DA:41,82
DA:67,82
DA:68,82
DA:69,82
DA:184,14933
DA:200,425
DA:320,41
DA:321,41
DA:377,41
DA:378,82
DA:379,41
DA:380,41
DA:382,0
DA:385,41
DA:389,82
DA:391,41
DA:392,9969
DA:393,5197
DA:394,233
DA:395,0
DA:398,0
DA:399,4964
DA:400,41
DA:413,41
DA:416,41
DA:419,10051
DA:420,5005
DA:421,10161
DA:422,233
DA:425,41
DA:499,41
DA:500,41
DA:502,10051
DA:503,5005
DA:504,233
DA:506,4772
DA:508,41
LF:37
LH:34
end_of_record
SF:/home/mldev/mobis/ccNC_handwriting/selvypen/sdk/src/base/port/include/porting/allocator.h
DA:48,0
DA:52,0
DA:56,0
LF:3
LH:0
end_of_record
SF:/home/mldev/mobis/ccNC_handwriting/selvypen/sdk/src/base/port/include/porting/array.h
FN:111,_ZN6diotek12MutableArrayINS_3hwr9TraceBaseINS1_5PointEE10ConstRangeEED2Ev
FN:111,_ZN6diotek12MutableArrayINS_3hwr9TraceBaseINS1_5PointEE10ConstRangeEED0Ev
FN:137,_ZN6diotek12MutableArrayINS_3hwr9TraceBaseINS1_5PointEE10ConstRangeEE3EndEv
FN:194,_ZNK6diotek12MutableArrayINS_3hwr5PointEE4BackEv
FN:481,_ZN6diotek12MutableArrayINS_3hwr9TraceBaseINS1_5PointEE10ConstRangeEE4InitEv
FN:490,_ZN6diotek12MutableArrayINS_3hwr9TraceBaseINS1_5PointEE10ConstRangeEE8AllocateEm
FN:517,_ZN6diotek12MutableArrayINS_3hwr9TraceBaseINS1_5PointEE10ConstRangeEE7DestroyEv
FN:526,_ZN6diotek12MutableArrayINS_3hwr9TraceBaseINS1_5PointEE10ConstRangeEE16DestroyAllocDataEv
FN:535,_ZN6diotek12MutableArrayINS_3hwr9TraceBaseINS1_5PointEE10ConstRangeEE7ReserveEm
FN:569,_ZN6diotek12MutableArrayINS_3hwr9TraceBaseINS1_5PointEE10ConstRangeEE6ResizeEmRKS5_
FN:590,_ZN6diotek12MutableArrayINS_3hwr9TraceBaseINS1_5PointEE10ConstRangeEE8DownsizeEm
FNDA:0,_ZN6diotek12MutableArrayINS_3hwr9TraceBaseINS1_5PointEE10ConstRangeEED0Ev
FNDA:0,_ZN6diotek12MutableArrayINS_3hwr9TraceBaseINS1_5PointEE10ConstRangeEED2Ev
FNDA:82,_ZN6diotek12MutableArrayINS_3hwr9TraceBaseINS1_5PointEE10ConstRangeEE3EndEv
FNDA:4964,_ZNK6diotek12MutableArrayINS_3hwr5PointEE4BackEv
FNDA:41,_ZN6diotek12MutableArrayINS_3hwr9TraceBaseINS1_5PointEE10ConstRangeEE4InitEv
FNDA:0,_ZN6diotek12MutableArrayINS_3hwr9TraceBaseINS1_5PointEE10ConstRangeEE8AllocateEm
FNDA:0,_ZN6diotek12MutableArrayINS_3hwr9TraceBaseINS1_5PointEE10ConstRangeEE7DestroyEv
FNDA:0,_ZN6diotek12MutableArrayINS_3hwr9TraceBaseINS1_5PointEE10ConstRangeEE16DestroyAllocDataEv
FNDA:0,_ZN6diotek12MutableArrayINS_3hwr9TraceBaseINS1_5PointEE10ConstRangeEE7ReserveEm
FNDA:0,_ZN6diotek12MutableArrayINS_3hwr9TraceBaseINS1_5PointEE10ConstRangeEE6ResizeEmRKS5_
FNDA:0,_ZN6diotek12MutableArrayINS_3hwr9TraceBaseINS1_5PointEE10ConstRangeEE8DownsizeEm
FNF:11
FNH:3
DA:56,41
DA:57,41
DA:111,0
DA:112,41
DA:113,41
DA:117,82
DA:124,41
DA:130,10092
DA:137,82
DA:138,82
DA:140,82
DA:144,82
DA:152,41
DA:194,4964
DA:195,4964
DA:196,4964
DA:208,41
DA:481,41
DA:482,41
DA:483,41
DA:484,41
DA:485,41
DA:486,41
DA:487,41
DA:490,0
DA:491,0
DA:492,0
DA:493,0
DA:494,0
DA:495,0
DA:500,0
DA:501,0
DA:503,0
DA:517,0
DA:520,0
DA:523,0
DA:526,0
DA:527,0
DA:528,0
DA:530,0
DA:532,0
DA:535,0
DA:536,0
DA:537,0
DA:540,0
DA:541,0
DA:543,0
DA:544,0
DA:545,0
DA:547,0
DA:548,0
DA:553,0
DA:554,0
DA:555,0
DA:557,0
DA:558,0
DA:569,0
DA:570,0
DA:571,0
DA:572,0
DA:573,0
DA:574,0
DA:579,0
DA:580,0
DA:582,0
DA:584,0
DA:590,0
DA:591,0
DA:594,0
DA:597,0
DA:599,0
LF:71
LH:23
end_of_record
SF:/home/mldev/mobis/ccNC_handwriting/selvypen/sdk/src/base/port/include/porting/library/base.h
FN:35,_ZN6diotek11BuiltinBasedlEPv
FNDA:0,_ZN6diotek11BuiltinBasedlEPv
FNF:1
FNH:0
DA:35,0
DA:36,0
DA:37,0
LF:3
LH:0
end_of_record
SF:/home/mldev/mobis/ccNC_handwriting/selvypen/sdk/src/external_engine/hanwang/src/freestylus/freestylus_wrapper.cc
FN:22,_ZN6diotek3hwr17FreestylusWrapperC2Ev
FN:29,_ZN6diotek3hwr17FreestylusWrapperD2Ev
FN:29,_ZN6diotek3hwr17FreestylusWrapperD0Ev
FN:44,_ZN6diotek3hwr17FreestylusWrapper10InitializeERKN5boost10shared_ptrINS0_19InternalSettingBaseEEERKNS3_ISt3mapINSt7__cxx1112basic_stringIcSt11char_traitsIcESaIcEEENS3_INS_9DataBlockEEESt4lessISE_ESaISt4pairIKSE_SG_EEEEE
FN:148,_ZN6diotek3hwr17FreestylusWrapper8InitDataEv
FN:176,_ZN6diotek3hwr17FreestylusWrapper3RunERKNS0_9TraceBaseINS0_5PointEEEPNS_13ModuleDataMapINSt7__cxx1112basic_stringIcSt11char_traitsIcESaIcEEEEEPSt6vectorISG_INS0_9CandidateESaISH_EESaISJ_EE
FN:193,_ZN6diotek3hwr17FreestylusWrapper9RecognizeERKNS0_9TraceBaseINS0_5PointEEERSt6vectorIS7_INS0_9CandidateESaIS8_EESaISA_EE
FN:209,_ZN6diotek3hwr17FreestylusWrapper6SetInkERKNS0_9TraceBaseINS0_5PointEEE
FN:232,_ZN6diotek3hwr17FreestylusWrapper13ConvertResultEmRSt6vectorIS2_INS0_9CandidateESaIS3_EESaIS5_EE
FN:269,_ZN6diotek3hwr17FreestylusWrapper12SymbolFilterEw
FN:290,_ZN6diotek3hwr17FreestylusWrapper11ConvertModeEv
FN:350,_Z41__static_initialization_and_destruction_0ii
FN:350,_GLOBAL__sub_I_freestylus_wrapper.cc
FNDA:41,_ZN6diotek3hwr17FreestylusWrapperC2Ev
FNDA:41,_ZN6diotek3hwr17FreestylusWrapperD0Ev
FNDA:41,_ZN6diotek3hwr17FreestylusWrapperD2Ev
FNDA:41,_ZN6diotek3hwr17FreestylusWrapper10InitializeERKN5boost10shared_ptrINS0_19InternalSettingBaseEEERKNS3_ISt3mapINSt7__cxx1112basic_stringIcSt11char_traitsIcESaIcEEENS3_INS_9DataBlockEEESt4lessISE_ESaISt4pairIKSE_SG_EEEEE
FNDA:41,_ZN6diotek3hwr17FreestylusWrapper8InitDataEv
FNDA:41,_ZN6diotek3hwr17FreestylusWrapper3RunERKNS0_9TraceBaseINS0_5PointEEEPNS_13ModuleDataMapINSt7__cxx1112basic_stringIcSt11char_traitsIcESaIcEEEEEPSt6vectorISG_INS0_9CandidateESaISH_EESaISJ_EE
FNDA:41,_ZN6diotek3hwr17FreestylusWrapper9RecognizeERKNS0_9TraceBaseINS0_5PointEEERSt6vectorIS7_INS0_9CandidateESaIS8_EESaISA_EE
FNDA:41,_ZN6diotek3hwr17FreestylusWrapper6SetInkERKNS0_9TraceBaseINS0_5PointEEE
FNDA:41,_ZN6diotek3hwr17FreestylusWrapper13ConvertResultEmRSt6vectorIS2_INS0_9CandidateESaIS3_EESaIS5_EE
FNDA:1281,_ZN6diotek3hwr17FreestylusWrapper12SymbolFilterEw
FNDA:41,_ZN6diotek3hwr17FreestylusWrapper11ConvertModeEv
FNDA:41,_GLOBAL__sub_I_freestylus_wrapper.cc
FNDA:41,_Z41__static_initialization_and_destruction_0ii
FNF:13
FNH:13
DA:22,41
DA:26,82
DA:27,41
DA:29,123
DA:30,41
DA:31,41
DA:33,41
DA:34,41
DA:36,41
DA:37,41
DA:39,41
DA:40,41
DA:42,82
DA:44,41
DA:46,41
DA:47,41
DA:49,41
DA:53,41
DA:57,41
DA:66,41
DA:68,41
DA:73,41
DA:74,41
DA:79,41
DA:80,41
DA:86,41
DA:91,41
DA:96,41
DA:100,9
DA:103,9
DA:104,0
DA:106,0
DA:117,82
DA:119,0
DA:123,41
DA:125,41
DA:126,82
DA:133,82
DA:134,0
DA:135,0
DA:136,0
DA:141,41
DA:144,41
DA:145,41
DA:148,41
DA:153,41
DA:157,41
DA:161,41
DA:163,41
DA:164,0
DA:167,41
DA:168,41
DA:169,41
DA:170,0
DA:176,41
DA:180,41
DA:181,0
DA:184,41
DA:185,41
DA:188,41
DA:189,205
DA:190,41
DA:193,41
DA:198,41
DA:200,41
DA:201,41
DA:205,41
DA:206,41
DA:209,41
DA:210,41
DA:211,0
DA:214,41
DA:217,123
DA:218,41
DA:219,14933
DA:220,4964
DA:221,4964
DA:222,4964
DA:224,41
DA:225,41
DA:226,41
DA:228,41
DA:229,41
DA:232,41
DA:234,41
DA:235,41
DA:236,82
DA:237,41
DA:241,41
DA:242,41
DA:244,41
DA:246,3751
DA:247,2457
DA:248,615
DA:249,41
DA:250,36
DA:254,574
DA:255,13
DA:257,561
DA:259,561
DA:261,1281
DA:262,1263
DA:265,41
DA:269,1281
DA:270,1281
DA:271,1223
DA:272,1223
DA:273,1223
DA:274,1223
DA:275,1220
DA:276,1220
DA:277,1205
DA:283,152
DA:287,18
DA:290,41
DA:291,41
DA:293,41
DA:294,9
DA:296,9
DA:300,32
DA:301,32
DA:304,32
DA:307,32
DA:308,0
DA:310,32
DA:311,0
DA:315,0
DA:316,0
DA:319,0
DA:320,0
DA:322,0
DA:323,0
DA:328,0
DA:330,0
DA:333,41
DA:334,3
DA:336,41
DA:337,10
DA:339,41
DA:340,3
DA:342,41
DA:343,3
DA:346,41
DA:350,123
LF:144
LH:124
end_of_record
SF:/usr/include/c++/7/bits/atomic_base.h
DA:514,82
DA:524,164
LF:2
LH:2
end_of_record
SF:/usr/include/c++/7/bits/basic_string.h
DA:148,1235
DA:149,1235
DA:168,0
DA:172,602
DA:176,3330
DA:182,1194
DA:192,1253
DA:200,0
DA:206,0
DA:220,1458
DA:236,1194
DA:337,0
DA:340,0
DA:420,41
DA:437,1194
DA:440,1194
DA:647,0
DA:841,76
DA:921,691
DA:927,1194
DA:6097,164
LF:21
LH:15
end_of_record
SF:/usr/include/c++/7/bits/basic_string.tcc
FN:206,_ZNSt7__cxx1112basic_stringIwSt11char_traitsIwESaIwEE12_M_constructIPwEEvT_S7_St20forward_iterator_tag
FN:206,_ZNSt7__cxx1112basic_stringIcSt11char_traitsIcESaIcEE12_M_constructIPKcEEvT_S8_St20forward_iterator_tag
FNDA:0,_ZNSt7__cxx1112basic_stringIwSt11char_traitsIwESaIwEE12_M_constructIPwEEvT_S7_St20forward_iterator_tag
FNDA:0,_ZNSt7__cxx1112basic_stringIcSt11char_traitsIcESaIcEE12_M_constructIPKcEEvT_S8_St20forward_iterator_tag
FNF:2
FNH:0
DA:206,0
DA:211,0
DA:212,0
DA:215,0
DA:217,0
DA:219,0
DA:220,0
DA:232,0
DA:233,0
LF:9
LH:0
end_of_record
SF:/usr/include/c++/7/bits/char_traits.h
FN:458,_ZNSt11char_traitsIwE4copyEPwPKwm
FNDA:494,_ZNSt11char_traitsIwE4copyEPwPKwm
FNF:1
FNH:1
DA:285,0
DA:348,0
DA:350,0
DA:398,602
DA:458,494
DA:460,494
LF:6
LH:3
end_of_record
SF:/usr/include/c++/7/bits/move.h
DA:198,2460
DA:199,3690
DA:200,3772
LF:3
LH:3
end_of_record
SF:/usr/include/c++/7/bits/predefined_ops.h
DA:241,1376
LF:1
LH:1
end_of_record
SF:/usr/include/c++/7/bits/stl_algo.h
FN:112,_ZSt9__find_ifIN9__gnu_cxx17__normal_iteratorIPKwNSt7__cxx1112basic_stringIwSt11char_traitsIwESaIwEEEEENS0_5__ops16_Iter_equals_valIS2_EEET_SE_SE_T0_St26random_access_iterator_tag
FN:3899,_ZSt4findIN9__gnu_cxx17__normal_iteratorIPKwNSt7__cxx1112basic_stringIwSt11char_traitsIwESaIwEEEEEwET_SB_SB_RKT0_
FNDA:76,_ZSt9__find_ifIN9__gnu_cxx17__normal_iteratorIPKwNSt7__cxx1112basic_stringIwSt11char_traitsIwESaIwEEEEENS0_5__ops16_Iter_equals_valIS2_EEET_SE_SE_T0_St26random_access_iterator_tag
FNDA:76,_ZSt4findIN9__gnu_cxx17__normal_iteratorIPKwNSt7__cxx1112basic_stringIwSt11char_traitsIwESaIwEEEEEwET_SB_SB_RKT0_
FNF:2
FNH:2
DA:112,76
DA:116,76
DA:118,666
DA:120,353
DA:121,27
DA:124,326
DA:125,0
DA:128,326
DA:129,9
DA:132,317
DA:133,22
DA:137,18
DA:139,18
DA:140,18
DA:141,0
DA:143,18
DA:144,18
DA:145,0
DA:147,18
DA:148,18
DA:149,0
DA:151,18
DA:153,18
DA:162,76
DA:3899,76
DA:3908,76
LF:26
LH:22
end_of_record
SF:/usr/include/c++/7/bits/stl_algobase.h
FN:420,_ZSt14__copy_move_a2ILb0EN9__gnu_cxx17__normal_iteratorIPKjSt6vectorIjSaIjEEEEPjET1_T0_SA_S9_
FNDA:2388,_ZSt14__copy_move_a2ILb0EN9__gnu_cxx17__normal_iteratorIPKjSt6vectorIjSaIjEEEEPjET1_T0_SA_S9_
FNF:1
FNH:1
DA:224,246
DA:366,2388
DA:367,2388
DA:368,0
DA:369,2388
DA:420,2388
DA:422,2388
DA:424,2388
DA:456,2388
LF:9
LH:8
end_of_record
SF:/usr/include/c++/7/bits/stl_construct.h
DA:75,1212
DA:98,1212
DA:107,2752
LF:3
LH:3
end_of_record
SF:/usr/include/c++/7/bits/stl_function.h
DA:891,164
LF:1
LH:1
end_of_record
SF:/usr/include/c++/7/bits/stl_iterator.h
FN:986,_ZSt12__niter_baseIPKjSt6vectorIjSaIjEEET_N9__gnu_cxx17__normal_iteratorIS5_T0_EE
FNDA:4776,_ZSt12__niter_baseIPKjSt6vectorIjSaIjEEET_N9__gnu_cxx17__normal_iteratorIS5_T0_EE
FNF:1
FNH:1
DA:783,246
DA:805,1897
DA:886,714
DA:968,340
DA:986,4776
DA:987,4776
DA:1049,82
DA:1062,615
LF:8
LH:8
end_of_record
SF:/usr/include/c++/7/bits/stl_iterator_base_funcs.h
DA:104,0
LF:1
LH:0
end_of_record
SF:/usr/include/c++/7/bits/stl_map.h
DA:1163,82
LF:1
LH:1
end_of_record
SF:/usr/include/c++/7/bits/stl_tree.h
FN:1867,_ZNSt8_Rb_treeINSt7__cxx1112basic_stringIcSt11char_traitsIcESaIcEEESt4pairIKS5_N5boost10shared_ptrIN6diotek9DataBlockEEEESt10_Select1stISD_ESt4lessIS5_ESaISD_EE14_M_lower_boundEPSt13_Rb_tree_nodeISD_EPSt18_Rb_tree_node_baseRS7_
FN:2520,_ZNSt8_Rb_treeINSt7__cxx1112basic_stringIcSt11char_traitsIcESaIcEEESt4pairIKS5_N5boost10shared_ptrIN6diotek9DataBlockEEEESt10_Select1stISD_ESt4lessIS5_ESaISD_EE4findERS7_
FNDA:82,_ZNSt8_Rb_treeINSt7__cxx1112basic_stringIcSt11char_traitsIcESaIcEEESt4pairIKS5_N5boost10shared_ptrIN6diotek9DataBlockEEEESt10_Select1stISD_ESt4lessIS5_ESaISD_EE14_M_lower_boundEPSt13_Rb_tree_nodeISD_EPSt18_Rb_tree_node_baseRS7_
FNDA:82,_ZNSt8_Rb_treeINSt7__cxx1112basic_stringIcSt11char_traitsIcESaIcEEESt4pairIKS5_N5boost10shared_ptrIN6diotek9DataBlockEEEESt10_Select1stISD_ESt4lessIS5_ESaISD_EE4findERS7_
FNF:2
FNH:2
DA:737,82
DA:748,82
DA:764,82
DA:772,0
DA:969,82
DA:1867,82
DA:1871,164
DA:1872,82
DA:1876,82
DA:2520,82
DA:2523,82
DA:2525,82
DA:2526,123
LF:13
LH:12
end_of_record
SF:/usr/include/c++/7/bits/stl_uninitialized.h
FN:76,_ZNSt20__uninitialized_copyILb0EE13__uninit_copyISt13move_iteratorIPSt6vectorIN6diotek3hwr9CandidateESaIS6_EEES9_EET0_T_SC_SB_
FN:76,_ZNSt20__uninitialized_copyILb0EE13__uninit_copyIN9__gnu_cxx17__normal_iteratorIPKN6diotek3hwr9CandidateESt6vectorIS6_SaIS6_EEEEPS6_EET0_T_SF_SE_
FNDA:41,_ZNSt20__uninitialized_copyILb0EE13__uninit_copyIN9__gnu_cxx17__normal_iteratorIPKN6diotek3hwr9CandidateESt6vectorIS6_SaIS6_EEEEPS6_EET0_T_SF_SE_
FNDA:82,_ZNSt20__uninitialized_copyILb0EE13__uninit_copyISt13move_iteratorIPSt6vectorIN6diotek3hwr9CandidateESaIS6_EEES9_EET0_T_SC_SB_
FNF:2
FNH:2
DA:76,123
DA:82,2957
DA:84,123
DA:86,0
DA:89,0
DA:134,123
LF:6
LH:4
end_of_record
SF:/usr/include/c++/7/bits/stl_vector.h
FN:169,_ZNSt12_Vector_baseIN6diotek3hwr9CandidateESaIS2_EE11_M_allocateEm
FN:169,_ZNSt12_Vector_baseISt6vectorIN6diotek3hwr9CandidateESaIS3_EESaIS5_EE11_M_allocateEm
FN:169,_ZNSt12_Vector_baseIjSaIjEE11_M_allocateEm
FN:326,_ZNSt6vectorIjSaIjEEC2ERKS1_
FN:326,_ZNSt6vectorIN6diotek3hwr9CandidateESaIS2_EEC2ERKS4_
FN:433,_ZNSt6vectorIN6diotek3hwr9CandidateESaIS2_EED2Ev
FN:939,_ZNSt6vectorIN6diotek3hwr9CandidateESaIS2_EE9push_backERKS2_
FN:939,_ZNSt6vectorIS_IN6diotek3hwr9CandidateESaIS2_EESaIS4_EE9push_backERKS4_
FN:1502,_ZNKSt6vectorIS_IN6diotek3hwr9CandidateESaIS2_EESaIS4_EE12_M_check_lenEmPKc
FN:1502,_ZNKSt6vectorIN6diotek3hwr9CandidateESaIS2_EE12_M_check_lenEmPKc
FNDA:2388,_ZNSt12_Vector_baseIjSaIjEE11_M_allocateEm
FNDA:41,_ZNSt12_Vector_baseISt6vectorIN6diotek3hwr9CandidateESaIS3_EESaIS5_EE11_M_allocateEm
FNDA:246,_ZNSt12_Vector_baseIN6diotek3hwr9CandidateESaIS2_EE11_M_allocateEm
FNDA:41,_ZNSt6vectorIN6diotek3hwr9CandidateESaIS2_EEC2ERKS4_
FNDA:2388,_ZNSt6vectorIjSaIjEEC2ERKS1_
FNDA:41,_ZNSt6vectorIN6diotek3hwr9CandidateESaIS2_EED2Ev
FNDA:41,_ZNSt6vectorIS_IN6diotek3hwr9CandidateESaIS2_EESaIS4_EE9push_backERKS4_
FNDA:597,_ZNSt6vectorIN6diotek3hwr9CandidateESaIS2_EE9push_backERKS2_
FNDA:41,_ZNKSt6vectorIS_IN6diotek3hwr9CandidateESaIS2_EESaIS4_EE12_M_check_lenEmPKc
FNDA:205,_ZNKSt6vectorIN6diotek3hwr9CandidateESaIS2_EE12_M_check_lenEmPKc
FNF:10
FNH:10
DA:88,123
DA:89,123
DA:92,2429
DA:93,2429
DA:97,1230
DA:99,1230
DA:163,41
DA:169,2675
DA:172,5350
DA:179,2793
DA:187,2429
DA:188,2429
DA:189,2429
DA:326,2429
DA:328,2429
DA:330,2429
DA:334,2429
DA:433,41
DA:434,2547
DA:435,2547
DA:573,2429
DA:591,2429
DA:671,2675
DA:939,638
DA:941,638
DA:945,392
DA:948,246
DA:949,638
DA:1248,41
DA:1502,246
DA:1504,246
DA:1505,0
DA:1507,492
DA:1508,246
DA:1518,41
DA:1519,41
LF:36
LH:35
end_of_record
SF:/usr/include/c++/7/bits/vector.tcc
FN:394,_ZNSt6vectorIN6diotek3hwr9CandidateESaIS2_EE17_M_realloc_insertIJRKS2_EEEvN9__gnu_cxx17__normal_iteratorIPS2_S4_EEDpOT_
FN:394,_ZNSt6vectorIS_IN6diotek3hwr9CandidateESaIS2_EESaIS4_EE17_M_realloc_insertIJRKS4_EEEvN9__gnu_cxx17__normal_iteratorIPS4_S6_EEDpOT_
FNDA:41,_ZNSt6vectorIS_IN6diotek3hwr9CandidateESaIS2_EESaIS4_EE17_M_realloc_insertIJRKS4_EEEvN9__gnu_cxx17__normal_iteratorIPS4_S6_EEDpOT_
FNDA:205,_ZNSt6vectorIN6diotek3hwr9CandidateESaIS2_EE17_M_realloc_insertIJRKS2_EEEvN9__gnu_cxx17__normal_iteratorIPS2_S4_EEDpOT_
FNF:2
FNH:2
DA:394,246
DA:403,246
DA:406,246
DA:415,246
DA:416,246
DA:426,246
DA:429,246
DA:433,246
DA:436,0
DA:438,0
DA:444,0
DA:446,246
DA:450,246
DA:451,246
DA:452,246
DA:453,246
DA:454,246
LF:17
LH:14
end_of_record
SF:/usr/include/c++/7/ext/new_allocator.h
DA:101,287
DA:102,0
DA:111,287
DA:125,461
DA:136,638
DA:140,0
LF:6
LH:4
end_of_record
SF:/usr/include/c++/7/iostream
DA:74,41
LF:1
LH:1
end_of_record
SF:/usr/include/x86_64-linux-gnu/bits/string_fortified.h
DA:71,205
LF:1
LH:1
end_of_record
SF:/usr/include/x86_64-linux-gnu/bits/wchar2.h
DA:42,494
DA:44,0
DA:45,0
DA:46,0
DA:48,0
DA:50,0
DA:52,494
LF:7
LH:2
end_of_record
TN:
SF:/home/mldev/mobis/ccNC_handwriting/selvypen/sdk/src/external_engine/hanwang/src/freestylus/freestylus_dl.cc
FN:14,DynamicEngineCreate
FN:18,DynamicEngineDestroy
FN:20,_Z41__static_initialization_and_destruction_0ii
FN:20,_GLOBAL__sub_I_freestylus_dl.cc
FNDA:41,DynamicEngineCreate
FNDA:41,DynamicEngineDestroy
FNDA:41,_GLOBAL__sub_I_freestylus_dl.cc
FNDA:41,_Z41__static_initialization_and_destruction_0ii
FNF:4
FNH:4
DA:14,41
DA:15,41
DA:18,41
DA:19,41
DA:20,164
LF:5
LH:5
end_of_record
SF:/usr/include/c++/7/iostream
DA:74,41
LF:1
LH:1
end_of_record
