<?xml version="1.0" ?>
<!DOCTYPE coverage
  SYSTEM 'http://cobertura.sourceforge.net/xml/coverage-04.dtd'>
<coverage branch-rate="0.509487666034" branches-covered="537" branches-valid="1054" complexity="0.0" line-rate="0.916824196597" lines-covered="485" lines-valid="529" timestamp="1689136395" version="gcovr 3.4">
<sources>
<source>.</source>
</sources>
<packages>
<package branch-rate="0.455813953488" complexity="0.0" line-rate="0.803680981595" name="src.external_engine.hanwang.src.freestylus">
<classes>
<class branch-rate="0.25" complexity="0.0" filename="src/external_engine/hanwang/src/freestylus/chinese_wrapper.cc" line-rate="0.142857142857" name="chinese_wrapper_cc">
<methods/>
<lines>
<line branch="false" hits="41" number="15"/>
<line branch="false" hits="0" number="17"/>
<line branch="true" condition-coverage="0% (0/2)" hits="0" number="18">
<conditions>
<condition coverage="0%" number="0" type="jump"/>
</conditions>
</line>
<line branch="false" hits="0" number="21"/>
<line branch="true" condition-coverage="0% (0/2)" hits="0" number="22">
<conditions>
<condition coverage="0%" number="0" type="jump"/>
</conditions>
</line>
<line branch="false" hits="0" number="25"/>
<line branch="false" hits="0" number="27"/>
<line branch="false" hits="0" number="28"/>
<line branch="false" hits="0" number="31"/>
<line branch="false" hits="0" number="33"/>
<line branch="false" hits="0" number="34"/>
<line branch="false" hits="0" number="37"/>
<line branch="false" hits="0" number="38"/>
<line branch="true" condition-coverage="50% (2/4)" hits="123" number="42">
<conditions>
<condition coverage="50%" number="0" type="jump"/>
</conditions>
</line>
</lines>
</class>
<class branch-rate="0.5" complexity="0.0" filename="src/external_engine/hanwang/src/freestylus/freestylus_dl.cc" line-rate="1.0" name="freestylus_dl_cc">
<methods/>
<lines>
<line branch="false" hits="41" number="14"/>
<line branch="true" condition-coverage="50% (1/2)" hits="41" number="15">
<conditions>
<condition coverage="50%" number="0" type="jump"/>
</conditions>
</line>
<line branch="false" hits="41" number="18"/>
<line branch="true" condition-coverage="50% (1/2)" hits="41" number="19">
<conditions>
<condition coverage="50%" number="0" type="jump"/>
</conditions>
</line>
<line branch="true" condition-coverage="50% (2/4)" hits="164" number="20">
<conditions>
<condition coverage="50%" number="0" type="jump"/>
</conditions>
</line>
</lines>
</class>
<class branch-rate="0.462311557789" complexity="0.0" filename="src/external_engine/hanwang/src/freestylus/freestylus_wrapper.cc" line-rate="0.861111111111" name="freestylus_wrapper_cc">
<methods/>
<lines>
<line branch="false" hits="41" number="22"/>
<line branch="false" hits="82" number="26"/>
<line branch="false" hits="41" number="27"/>
<line branch="false" hits="123" number="29"/>
<line branch="true" condition-coverage="50% (1/2)" hits="41" number="30">
<conditions>
<condition coverage="50%" number="0" type="jump"/>
</conditions>
</line>
<line branch="false" hits="41" number="31"/>
<line branch="true" condition-coverage="50% (1/2)" hits="41" number="33">
<conditions>
<condition coverage="50%" number="0" type="jump"/>
</conditions>
</line>
<line branch="false" hits="41" number="34"/>
<line branch="true" condition-coverage="50% (1/2)" hits="41" number="36">
<conditions>
<condition coverage="50%" number="0" type="jump"/>
</conditions>
</line>
<line branch="false" hits="41" number="37"/>
<line branch="true" condition-coverage="50% (1/2)" hits="41" number="39">
<conditions>
<condition coverage="50%" number="0" type="jump"/>
</conditions>
</line>
<line branch="false" hits="41" number="40"/>
<line branch="false" hits="82" number="42"/>
<line branch="false" hits="41" number="44"/>
<line branch="false" hits="41" number="46"/>
<line branch="false" hits="41" number="47"/>
<line branch="false" hits="41" number="49"/>
<line branch="false" hits="41" number="53"/>
<line branch="true" condition-coverage="50% (1/2)" hits="41" number="57">
<conditions>
<condition coverage="50%" number="0" type="jump"/>
</conditions>
</line>
<line branch="false" hits="41" number="66"/>
<line branch="true" condition-coverage="50% (1/2)" hits="41" number="68">
<conditions>
<condition coverage="50%" number="0" type="jump"/>
</conditions>
</line>
<line branch="false" hits="41" number="73"/>
<line branch="true" condition-coverage="50% (1/2)" hits="41" number="74">
<conditions>
<condition coverage="50%" number="0" type="jump"/>
</conditions>
</line>
<line branch="false" hits="41" number="79"/>
<line branch="true" condition-coverage="50% (1/2)" hits="41" number="80">
<conditions>
<condition coverage="50%" number="0" type="jump"/>
</conditions>
</line>
<line branch="false" hits="41" number="86"/>
<line branch="true" condition-coverage="50% (1/2)" hits="41" number="91">
<conditions>
<condition coverage="50%" number="0" type="jump"/>
</conditions>
</line>
<line branch="true" condition-coverage="66% (2/3)" hits="41" number="96">
<conditions>
<condition coverage="66%" number="0" type="jump"/>
</conditions>
</line>
<line branch="false" hits="9" number="100"/>
<line branch="false" hits="9" number="103"/>
<line branch="false" hits="0" number="104"/>
<line branch="false" hits="0" number="106"/>
<line branch="true" condition-coverage="50% (2/4)" hits="82" number="117">
<conditions>
<condition coverage="50%" number="0" type="jump"/>
</conditions>
</line>
<line branch="true" condition-coverage="0% (0/18)" hits="0" number="119">
<conditions>
<condition coverage="0%" number="0" type="jump"/>
</conditions>
</line>
<line branch="false" hits="41" number="123"/>
<line branch="true" condition-coverage="50% (1/2)" hits="41" number="125">
<conditions>
<condition coverage="50%" number="0" type="jump"/>
</conditions>
</line>
<line branch="true" condition-coverage="50% (1/2)" hits="82" number="126">
<conditions>
<condition coverage="50%" number="0" type="jump"/>
</conditions>
</line>
<line branch="true" condition-coverage="50% (2/4)" hits="82" number="133">
<conditions>
<condition coverage="50%" number="0" type="jump"/>
</conditions>
</line>
<line branch="true" condition-coverage="0% (0/2)" hits="0" number="134">
<conditions>
<condition coverage="0%" number="0" type="jump"/>
</conditions>
</line>
<line branch="true" condition-coverage="0% (0/2)" hits="0" number="135">
<conditions>
<condition coverage="0%" number="0" type="jump"/>
</conditions>
</line>
<line branch="false" hits="0" number="136"/>
<line branch="true" condition-coverage="50% (1/2)" hits="41" number="141">
<conditions>
<condition coverage="50%" number="0" type="jump"/>
</conditions>
</line>
<line branch="false" hits="41" number="144"/>
<line branch="false" hits="41" number="145"/>
<line branch="false" hits="41" number="148"/>
<line branch="true" condition-coverage="50% (1/2)" hits="41" number="153">
<conditions>
<condition coverage="50%" number="0" type="jump"/>
</conditions>
</line>
<line branch="true" condition-coverage="50% (1/2)" hits="41" number="157">
<conditions>
<condition coverage="50%" number="0" type="jump"/>
</conditions>
</line>
<line branch="false" hits="41" number="161"/>
<line branch="true" condition-coverage="50% (1/2)" hits="41" number="163">
<conditions>
<condition coverage="50%" number="0" type="jump"/>
</conditions>
</line>
<line branch="false" hits="0" number="164"/>
<line branch="false" hits="41" number="167"/>
<line branch="false" hits="41" number="168"/>
<line branch="true" condition-coverage="50% (1/2)" hits="41" number="169">
<conditions>
<condition coverage="50%" number="0" type="jump"/>
</conditions>
</line>
<line branch="false" hits="0" number="170"/>
<line branch="false" hits="41" number="176"/>
<line branch="true" condition-coverage="50% (1/2)" hits="41" number="180">
<conditions>
<condition coverage="50%" number="0" type="jump"/>
</conditions>
</line>
<line branch="false" hits="0" number="181"/>
<line branch="false" hits="41" number="184"/>
<line branch="true" condition-coverage="50% (1/2)" hits="41" number="185">
<conditions>
<condition coverage="50%" number="0" type="jump"/>
</conditions>
</line>
<line branch="false" hits="41" number="188"/>
<line branch="true" condition-coverage="38% (7/18)" hits="205" number="189">
<conditions>
<condition coverage="38%" number="0" type="jump"/>
</conditions>
</line>
<line branch="false" hits="41" number="190"/>
<line branch="false" hits="41" number="193"/>
<line branch="false" hits="41" number="198"/>
<line branch="false" hits="41" number="200"/>
<line branch="true" condition-coverage="50% (1/2)" hits="41" number="201">
<conditions>
<condition coverage="50%" number="0" type="jump"/>
</conditions>
</line>
<line branch="false" hits="41" number="205"/>
<line branch="false" hits="41" number="206"/>
<line branch="false" hits="41" number="209"/>
<line branch="true" condition-coverage="50% (1/2)" hits="41" number="210">
<conditions>
<condition coverage="50%" number="0" type="jump"/>
</conditions>
</line>
<line branch="false" hits="0" number="211"/>
<line branch="false" hits="41" number="214"/>
<line branch="true" condition-coverage="75% (3/4)" hits="123" number="217">
<conditions>
<condition coverage="75%" number="0" type="jump"/>
</conditions>
</line>
<line branch="false" hits="41" number="218"/>
<line branch="true" condition-coverage="75% (3/4)" hits="14933" number="219">
<conditions>
<condition coverage="75%" number="0" type="jump"/>
</conditions>
</line>
<line branch="false" hits="4964" number="220"/>
<line branch="false" hits="4964" number="221"/>
<line branch="false" hits="4964" number="222"/>
<line branch="false" hits="41" number="224"/>
<line branch="false" hits="41" number="225"/>
<line branch="false" hits="41" number="226"/>
<line branch="false" hits="41" number="228"/>
<line branch="false" hits="41" number="229"/>
<line branch="false" hits="41" number="232"/>
<line branch="false" hits="41" number="234"/>
<line branch="false" hits="41" number="235"/>
<line branch="false" hits="82" number="236"/>
<line branch="true" condition-coverage="50% (1/2)" hits="41" number="237">
<conditions>
<condition coverage="50%" number="0" type="jump"/>
</conditions>
</line>
<line branch="false" hits="41" number="241"/>
<line branch="false" hits="41" number="242"/>
<line branch="false" hits="41" number="244"/>
<line branch="true" condition-coverage="50% (1/2)" hits="3751" number="246">
<conditions>
<condition coverage="50%" number="0" type="jump"/>
</conditions>
</line>
<line branch="true" condition-coverage="100% (2/2)" hits="2457" number="247">
<conditions>
<condition coverage="100%" number="0" type="jump"/>
</conditions>
</line>
<line branch="true" condition-coverage="100% (2/2)" hits="615" number="248">
<conditions>
<condition coverage="100%" number="0" type="jump"/>
</conditions>
</line>
<line branch="true" condition-coverage="100% (2/2)" hits="41" number="249">
<conditions>
<condition coverage="100%" number="0" type="jump"/>
</conditions>
</line>
<line branch="true" condition-coverage="50% (1/2)" hits="36" number="250">
<conditions>
<condition coverage="50%" number="0" type="jump"/>
</conditions>
</line>
<line branch="true" condition-coverage="100% (2/2)" hits="574" number="254">
<conditions>
<condition coverage="100%" number="0" type="jump"/>
</conditions>
</line>
<line branch="false" hits="13" number="255"/>
<line branch="true" condition-coverage="50% (1/2)" hits="561" number="257">
<conditions>
<condition coverage="50%" number="0" type="jump"/>
</conditions>
</line>
<line branch="false" hits="561" number="259"/>
<line branch="true" condition-coverage="75% (3/4)" hits="1281" number="261">
<conditions>
<condition coverage="75%" number="0" type="jump"/>
</conditions>
</line>
<line branch="true" condition-coverage="50% (1/2)" hits="1263" number="262">
<conditions>
<condition coverage="50%" number="0" type="jump"/>
</conditions>
</line>
<line branch="true" condition-coverage="50% (1/2)" hits="41" number="265">
<conditions>
<condition coverage="50%" number="0" type="jump"/>
</conditions>
</line>
<line branch="false" hits="1281" number="269"/>
<line branch="true" condition-coverage="100% (2/2)" hits="1281" number="270">
<conditions>
<condition coverage="100%" number="0" type="jump"/>
</conditions>
</line>
<line branch="true" condition-coverage="50% (2/4)" hits="1223" number="271">
<conditions>
<condition coverage="50%" number="0" type="jump"/>
</conditions>
</line>
<line branch="true" condition-coverage="50% (2/4)" hits="1223" number="272">
<conditions>
<condition coverage="50%" number="0" type="jump"/>
</conditions>
</line>
<line branch="true" condition-coverage="50% (3/6)" hits="1223" number="273">
<conditions>
<condition coverage="50%" number="0" type="jump"/>
</conditions>
</line>
<line branch="true" condition-coverage="100% (2/2)" hits="1223" number="274">
<conditions>
<condition coverage="100%" number="0" type="jump"/>
</conditions>
</line>
<line branch="true" condition-coverage="50% (1/2)" hits="1220" number="275">
<conditions>
<condition coverage="50%" number="0" type="jump"/>
</conditions>
</line>
<line branch="true" condition-coverage="100% (2/2)" hits="1220" number="276">
<conditions>
<condition coverage="100%" number="0" type="jump"/>
</conditions>
</line>
<line branch="true" condition-coverage="50% (1/2)" hits="1205" number="277">
<conditions>
<condition coverage="50%" number="0" type="jump"/>
</conditions>
</line>
<line branch="true" condition-coverage="100% (2/2)" hits="152" number="283">
<conditions>
<condition coverage="100%" number="0" type="jump"/>
</conditions>
</line>
<line branch="false" hits="18" number="287"/>
<line branch="false" hits="41" number="290"/>
<line branch="false" hits="41" number="291"/>
<line branch="true" condition-coverage="50% (2/4)" hits="41" number="293">
<conditions>
<condition coverage="50%" number="0" type="jump"/>
</conditions>
</line>
<line branch="false" hits="9" number="294"/>
<line branch="true" condition-coverage="50% (1/2)" hits="9" number="296">
<conditions>
<condition coverage="50%" number="0" type="jump"/>
</conditions>
</line>
<line branch="false" hits="32" number="300"/>
<line branch="true" condition-coverage="100% (2/2)" hits="32" number="301">
<conditions>
<condition coverage="100%" number="0" type="jump"/>
</conditions>
</line>
<line branch="true" condition-coverage="100% (2/2)" hits="32" number="304">
<conditions>
<condition coverage="100%" number="0" type="jump"/>
</conditions>
</line>
<line branch="true" condition-coverage="50% (1/2)" hits="32" number="307">
<conditions>
<condition coverage="50%" number="0" type="jump"/>
</conditions>
</line>
<line branch="false" hits="0" number="308"/>
<line branch="true" condition-coverage="50% (1/2)" hits="32" number="310">
<conditions>
<condition coverage="50%" number="0" type="jump"/>
</conditions>
</line>
<line branch="false" hits="0" number="311"/>
<line branch="false" hits="0" number="315"/>
<line branch="true" condition-coverage="0% (0/2)" hits="0" number="316">
<conditions>
<condition coverage="0%" number="0" type="jump"/>
</conditions>
</line>
<line branch="true" condition-coverage="0% (0/2)" hits="0" number="319">
<conditions>
<condition coverage="0%" number="0" type="jump"/>
</conditions>
</line>
<line branch="false" hits="0" number="320"/>
<line branch="true" condition-coverage="0% (0/2)" hits="0" number="322">
<conditions>
<condition coverage="0%" number="0" type="jump"/>
</conditions>
</line>
<line branch="false" hits="0" number="323"/>
<line branch="true" condition-coverage="0% (0/18)" hits="0" number="328">
<conditions>
<condition coverage="0%" number="0" type="jump"/>
</conditions>
</line>
<line branch="false" hits="0" number="330"/>
<line branch="true" condition-coverage="100% (2/2)" hits="41" number="333">
<conditions>
<condition coverage="100%" number="0" type="jump"/>
</conditions>
</line>
<line branch="false" hits="3" number="334"/>
<line branch="true" condition-coverage="100% (2/2)" hits="41" number="336">
<conditions>
<condition coverage="100%" number="0" type="jump"/>
</conditions>
</line>
<line branch="false" hits="10" number="337"/>
<line branch="true" condition-coverage="100% (2/2)" hits="41" number="339">
<conditions>
<condition coverage="100%" number="0" type="jump"/>
</conditions>
</line>
<line branch="false" hits="3" number="340"/>
<line branch="true" condition-coverage="100% (2/2)" hits="41" number="342">
<conditions>
<condition coverage="100%" number="0" type="jump"/>
</conditions>
</line>
<line branch="false" hits="3" number="343"/>
<line branch="false" hits="41" number="346"/>
<line branch="true" condition-coverage="50% (2/4)" hits="123" number="350">
<conditions>
<condition coverage="50%" number="0" type="jump"/>
</conditions>
</line>
</lines>
</class>
</classes>
</package>
<package branch-rate="0.0" complexity="0.0" line-rate="1.0" name="src.wrapper.include">
<classes>
<class branch-rate="0.0" complexity="0.0" filename="src/wrapper/include/language_converter.h" line-rate="1.0" name="language_converter_h">
<methods/>
<lines>
<line branch="false" hits="219" number="21"/>
</lines>
</class>
</classes>
</package>
<package branch-rate="0.523241954708" complexity="0.0" line-rate="0.967123287671" name="src.wrapper.src">
<classes>
<class branch-rate="0.522411128284" complexity="0.0" filename="src/wrapper/src/dhwr_impl.cc" line-rate="0.972392638037" name="dhwr_impl_cc">
<methods/>
<lines>
<line branch="false" hits="257" number="37"/>
<line branch="false" hits="94" number="38"/>
<line branch="false" hits="3" number="40"/>
<line branch="false" hits="3" number="41"/>
<line branch="false" hits="94" number="42"/>
<line branch="false" hits="94" number="43"/>
<line branch="false" hits="94" number="44"/>
<line branch="false" hits="94" number="45"/>
<line branch="false" hits="3" number="62"/>
<line branch="false" hits="3" number="63"/>
<line branch="false" hits="3" number="72"/>
<line branch="false" hits="3" number="73"/>
<line branch="false" hits="143" number="79"/>
<line branch="true" condition-coverage="100% (2/2)" hits="143" number="80">
<conditions>
<condition coverage="100%" number="0" type="jump"/>
</conditions>
</line>
<line branch="false" hits="141" number="83"/>
<line branch="false" hits="141" number="84"/>
<line branch="false" hits="141" number="105"/>
<line branch="true" condition-coverage="100% (2/2)" hits="141" number="106">
<conditions>
<condition coverage="100%" number="0" type="jump"/>
</conditions>
</line>
<line branch="false" hits="139" number="110"/>
<line branch="false" hits="139" number="111"/>
<line branch="true" condition-coverage="55% (10/18)" hits="698" number="112">
<conditions>
<condition coverage="55%" number="0" type="jump"/>
</conditions>
</line>
<line branch="true" condition-coverage="50% (2/4)" hits="278" number="113">
<conditions>
<condition coverage="50%" number="0" type="jump"/>
</conditions>
</line>
<line branch="true" condition-coverage="100% (2/2)" hits="139" number="114">
<conditions>
<condition coverage="100%" number="0" type="jump"/>
</conditions>
</line>
<line branch="true" condition-coverage="38% (7/18)" hits="20" number="115">
<conditions>
<condition coverage="38%" number="0" type="jump"/>
</conditions>
</line>
<line branch="false" hits="4" number="116"/>
<line branch="false" hits="135" number="119"/>
<line branch="false" hits="135" number="120"/>
<line branch="true" condition-coverage="50% (2/4)" hits="135" number="121">
<conditions>
<condition coverage="50%" number="0" type="jump"/>
</conditions>
</line>
<line branch="false" hits="0" number="122"/>
<line branch="true" condition-coverage="0% (0/18)" hits="0" number="123">
<conditions>
<condition coverage="0%" number="0" type="jump"/>
</conditions>
</line>
<line branch="false" hits="0" number="124"/>
<line branch="false" hits="235" number="129"/>
<line branch="true" condition-coverage="100% (2/2)" hits="235" number="130">
<conditions>
<condition coverage="100%" number="0" type="jump"/>
</conditions>
</line>
<line branch="false" hits="135" number="134"/>
<line branch="false" hits="135" number="135"/>
<line branch="false" hits="135" number="137"/>
<line branch="false" hits="135" number="138"/>
<line branch="false" hits="135" number="139"/>
<line branch="false" hits="83" number="142"/>
<line branch="true" condition-coverage="66% (4/6)" hits="83" number="151">
<conditions>
<condition coverage="66%" number="0" type="jump"/>
</conditions>
</line>
<line branch="true" condition-coverage="38% (7/18)" hits="405" number="155">
<conditions>
<condition coverage="38%" number="0" type="jump"/>
</conditions>
</line>
<line branch="true" condition-coverage="100% (2/2)" hits="81" number="156">
<conditions>
<condition coverage="100%" number="0" type="jump"/>
</conditions>
</line>
<line branch="false" hits="79" number="162"/>
<line branch="false" hits="79" number="163"/>
<line branch="true" condition-coverage="100% (2/2)" hits="79" number="164">
<conditions>
<condition coverage="100%" number="0" type="jump"/>
</conditions>
</line>
<line branch="false" hits="77" number="165"/>
<line branch="true" condition-coverage="100% (2/2)" hits="19187" number="166">
<conditions>
<condition coverage="100%" number="0" type="jump"/>
</conditions>
</line>
<line branch="false" hits="9555" number="167"/>
<line branch="false" hits="9555" number="168"/>
<line branch="true" condition-coverage="50% (1/2)" hits="9555" number="169">
<conditions>
<condition coverage="50%" number="0" type="jump"/>
</conditions>
</line>
<line branch="true" condition-coverage="50% (1/2)" hits="38220" number="170">
<conditions>
<condition coverage="50%" number="0" type="jump"/>
</conditions>
</line>
<line branch="true" condition-coverage="50% (1/2)" hits="38220" number="171">
<conditions>
<condition coverage="50%" number="0" type="jump"/>
</conditions>
</line>
<line branch="true" condition-coverage="50% (1/2)" hits="77" number="173">
<conditions>
<condition coverage="50%" number="0" type="jump"/>
</conditions>
</line>
<line branch="true" condition-coverage="38% (7/18)" hits="462" number="174">
<conditions>
<condition coverage="38%" number="0" type="jump"/>
</conditions>
</line>
<line branch="true" condition-coverage="100% (2/2)" hits="79" number="177">
<conditions>
<condition coverage="100%" number="0" type="jump"/>
</conditions>
</line>
<line branch="false" hits="16" number="178"/>
<line branch="true" condition-coverage="50% (1/2)" hits="16" number="182">
<conditions>
<condition coverage="50%" number="0" type="jump"/>
</conditions>
</line>
<line branch="true" condition-coverage="88% (8/9)" hits="16" number="184">
<conditions>
<condition coverage="88%" number="0" type="jump"/>
</conditions>
</line>
<line branch="false" hits="2" number="185"/>
<line branch="false" hits="2" number="187"/>
<line branch="false" hits="2" number="188"/>
<line branch="false" hits="2" number="190"/>
<line branch="false" hits="2" number="191"/>
<line branch="false" hits="2" number="193"/>
<line branch="false" hits="2" number="194"/>
<line branch="false" hits="2" number="196"/>
<line branch="false" hits="2" number="197"/>
<line branch="false" hits="2" number="199"/>
<line branch="false" hits="2" number="200"/>
<line branch="false" hits="2" number="202"/>
<line branch="false" hits="2" number="203"/>
<line branch="false" hits="2" number="205"/>
<line branch="false" hits="2" number="206"/>
<line branch="false" hits="2" number="208"/>
<line branch="true" condition-coverage="50% (1/2)" hits="16" number="213">
<conditions>
<condition coverage="50%" number="0" type="jump"/>
</conditions>
</line>
<line branch="false" hits="16" number="214"/>
<line branch="true" condition-coverage="50% (1/2)" hits="16" number="217">
<conditions>
<condition coverage="50%" number="0" type="jump"/>
</conditions>
</line>
<line branch="false" hits="16" number="218"/>
<line branch="true" condition-coverage="50% (1/2)" hits="16" number="219">
<conditions>
<condition coverage="50%" number="0" type="jump"/>
</conditions>
</line>
<line branch="true" condition-coverage="50% (1/2)" hits="16" number="220">
<conditions>
<condition coverage="50%" number="0" type="jump"/>
</conditions>
</line>
<line branch="true" condition-coverage="50% (1/2)" hits="63" number="225">
<conditions>
<condition coverage="50%" number="0" type="jump"/>
</conditions>
</line>
<line branch="false" hits="63" number="228"/>
<line branch="false" hits="63" number="229"/>
<line branch="true" condition-coverage="100% (2/2)" hits="63" number="231">
<conditions>
<condition coverage="100%" number="0" type="jump"/>
</conditions>
</line>
<line branch="false" hits="61" number="235"/>
<line branch="true" condition-coverage="50% (1/2)" hits="61" number="236">
<conditions>
<condition coverage="50%" number="0" type="jump"/>
</conditions>
</line>
<line branch="false" hits="61" number="237"/>
<line branch="false" hits="61" number="238"/>
<line branch="true" condition-coverage="50% (1/2)" hits="61" number="239">
<conditions>
<condition coverage="50%" number="0" type="jump"/>
</conditions>
</line>
<line branch="false" hits="61" number="240"/>
<line branch="false" hits="61" number="241"/>
<line branch="true" condition-coverage="50% (1/2)" hits="61" number="242">
<conditions>
<condition coverage="50%" number="0" type="jump"/>
</conditions>
</line>
<line branch="false" hits="61" number="245"/>
<line branch="false" hits="61" number="246"/>
<line branch="true" condition-coverage="100% (2/2)" hits="383" number="248">
<conditions>
<condition coverage="100%" number="0" type="jump"/>
</conditions>
</line>
<line branch="false" hits="161" number="249"/>
<line branch="false" hits="161" number="250"/>
<line branch="true" condition-coverage="50% (1/2)" hits="161" number="251">
<conditions>
<condition coverage="50%" number="0" type="jump"/>
</conditions>
</line>
<line branch="true" condition-coverage="100% (2/2)" hits="161" number="252">
<conditions>
<condition coverage="100%" number="0" type="jump"/>
</conditions>
</line>
<line branch="true" condition-coverage="50% (1/2)" hits="100" number="253">
<conditions>
<condition coverage="50%" number="0" type="jump"/>
</conditions>
</line>
<line branch="true" condition-coverage="38% (7/18)" hits="366" number="256">
<conditions>
<condition coverage="38%" number="0" type="jump"/>
</conditions>
</line>
<line branch="false" hits="6" number="264"/>
<line branch="true" condition-coverage="100% (2/2)" hits="6" number="265">
<conditions>
<condition coverage="100%" number="0" type="jump"/>
</conditions>
</line>
<line branch="true" condition-coverage="100% (2/2)" hits="4" number="269">
<conditions>
<condition coverage="100%" number="0" type="jump"/>
</conditions>
</line>
<line branch="true" condition-coverage="50% (1/2)" hits="2" number="273">
<conditions>
<condition coverage="50%" number="0" type="jump"/>
</conditions>
</line>
<line branch="false" hits="0" number="277"/>
<line branch="false" hits="18" number="280"/>
<line branch="true" condition-coverage="38% (7/18)" hits="90" number="281">
<conditions>
<condition coverage="38%" number="0" type="jump"/>
</conditions>
</line>
<line branch="true" condition-coverage="100% (2/2)" hits="18" number="282">
<conditions>
<condition coverage="100%" number="0" type="jump"/>
</conditions>
</line>
<line branch="true" condition-coverage="50% (3/6)" hits="28" number="286">
<conditions>
<condition coverage="50%" number="0" type="jump"/>
</conditions>
</line>
<line branch="true" condition-coverage="66% (2/3)" hits="14" number="287">
<conditions>
<condition coverage="66%" number="0" type="jump"/>
</conditions>
</line>
<line branch="true" condition-coverage="83% (5/6)" hits="12" number="291">
<conditions>
<condition coverage="83%" number="0" type="jump"/>
</conditions>
</line>
<line branch="true" condition-coverage="50% (3/6)" hits="8" number="293">
<conditions>
<condition coverage="50%" number="0" type="jump"/>
</conditions>
</line>
<line branch="false" hits="4" number="294"/>
<line branch="true" condition-coverage="50% (3/6)" hits="4" number="296">
<conditions>
<condition coverage="50%" number="0" type="jump"/>
</conditions>
</line>
<line branch="false" hits="2" number="297"/>
<line branch="true" condition-coverage="50% (3/6)" hits="4" number="299">
<conditions>
<condition coverage="50%" number="0" type="jump"/>
</conditions>
</line>
<line branch="false" hits="2" number="300"/>
<line branch="true" condition-coverage="50% (3/6)" hits="4" number="302">
<conditions>
<condition coverage="50%" number="0" type="jump"/>
</conditions>
</line>
<line branch="false" hits="2" number="303"/>
<line branch="true" condition-coverage="50% (3/6)" hits="4" number="305">
<conditions>
<condition coverage="50%" number="0" type="jump"/>
</conditions>
</line>
<line branch="false" hits="2" number="306"/>
<line branch="true" condition-coverage="38% (7/18)" hits="60" number="310">
<conditions>
<condition coverage="38%" number="0" type="jump"/>
</conditions>
</line>
<line branch="false" hits="2" number="314"/>
<line branch="false" hits="2" number="315"/>
<line branch="true" condition-coverage="50% (1/2)" hits="2" number="316">
<conditions>
<condition coverage="50%" number="0" type="jump"/>
</conditions>
</line>
<line branch="true" condition-coverage="50% (3/6)" hits="4" number="317">
<conditions>
<condition coverage="50%" number="0" type="jump"/>
</conditions>
</line>
<line branch="true" condition-coverage="50% (3/6)" hits="4" number="318">
<conditions>
<condition coverage="50%" number="0" type="jump"/>
</conditions>
</line>
<line branch="false" hits="16" number="328"/>
<line branch="true" condition-coverage="38% (7/18)" hits="80" number="329">
<conditions>
<condition coverage="38%" number="0" type="jump"/>
</conditions>
</line>
<line branch="true" condition-coverage="100% (2/2)" hits="16" number="330">
<conditions>
<condition coverage="100%" number="0" type="jump"/>
</conditions>
</line>
<line branch="true" condition-coverage="50% (1/2)" hits="14" number="334">
<conditions>
<condition coverage="50%" number="0" type="jump"/>
</conditions>
</line>
<line branch="false" hits="14" number="335"/>
<line branch="true" condition-coverage="50% (3/6)" hits="28" number="337">
<conditions>
<condition coverage="50%" number="0" type="jump"/>
</conditions>
</line>
<line branch="true" condition-coverage="100% (5/5)" hits="14" number="338">
<conditions>
<condition coverage="100%" number="0" type="jump"/>
</conditions>
</line>
<line branch="false" hits="6" number="339"/>
<line branch="false" hits="6" number="340"/>
<line branch="false" hits="6" number="341"/>
<line branch="false" hits="2" number="342"/>
<line branch="false" hits="2" number="343"/>
<line branch="false" hits="2" number="344"/>
<line branch="false" hits="2" number="345"/>
<line branch="false" hits="2" number="346"/>
<line branch="false" hits="2" number="347"/>
<line branch="false" hits="2" number="348"/>
<line branch="false" hits="2" number="349"/>
<line branch="false" hits="2" number="350"/>
<line branch="false" hits="49" number="362"/>
<line branch="true" condition-coverage="100% (2/2)" hits="49" number="363">
<conditions>
<condition coverage="100%" number="0" type="jump"/>
</conditions>
</line>
<line branch="true" condition-coverage="38% (7/18)" hits="235" number="366">
<conditions>
<condition coverage="38%" number="0" type="jump"/>
</conditions>
</line>
<line branch="false" hits="47" number="368"/>
<line branch="false" hits="81" number="371"/>
<line branch="true" condition-coverage="100% (2/2)" hits="81" number="372">
<conditions>
<condition coverage="100%" number="0" type="jump"/>
</conditions>
</line>
<line branch="true" condition-coverage="38% (7/18)" hits="395" number="375">
<conditions>
<condition coverage="38%" number="0" type="jump"/>
</conditions>
</line>
<line branch="false" hits="79" number="377"/>
<line branch="false" hits="101" number="410"/>
<line branch="true" condition-coverage="100% (2/2)" hits="101" number="411">
<conditions>
<condition coverage="100%" number="0" type="jump"/>
</conditions>
</line>
<line branch="false" hits="89" number="414"/>
<line branch="false" hits="89" number="415"/>
<line branch="false" hits="99" number="418"/>
<line branch="false" hits="99" number="419"/>
<line branch="false" hits="99" number="420"/>
<line branch="false" hits="9130" number="422"/>
<line branch="true" condition-coverage="100% (2/2)" hits="9130" number="423">
<conditions>
<condition coverage="100%" number="0" type="jump"/>
</conditions>
</line>
<line branch="true" condition-coverage="100% (2/2)" hits="9126" number="427">
<conditions>
<condition coverage="100%" number="0" type="jump"/>
</conditions>
</line>
<line branch="true" condition-coverage="38% (7/18)" hits="10" number="428">
<conditions>
<condition coverage="38%" number="0" type="jump"/>
</conditions>
</line>
<line branch="false" hits="2" number="429"/>
<line branch="false" hits="9124" number="433"/>
<line branch="false" hits="531" number="436"/>
<line branch="true" condition-coverage="100% (2/2)" hits="531" number="437">
<conditions>
<condition coverage="100%" number="0" type="jump"/>
</conditions>
</line>
<line branch="false" hits="527" number="441"/>
<line branch="false" hits="527" number="443"/>
<line branch="false" hits="115" number="446"/>
<line branch="true" condition-coverage="100% (2/2)" hits="115" number="447">
<conditions>
<condition coverage="100%" number="0" type="jump"/>
</conditions>
</line>
<line branch="false" hits="111" number="451"/>
<line branch="false" hits="111" number="452"/>
<line branch="false" hits="9581" number="455"/>
<line branch="true" condition-coverage="100% (2/2)" hits="9581" number="456">
<conditions>
<condition coverage="100%" number="0" type="jump"/>
</conditions>
</line>
<line branch="true" condition-coverage="50% (2/4)" hits="9575" number="461">
<conditions>
<condition coverage="50%" number="0" type="jump"/>
</conditions>
</line>
<line branch="false" hits="9575" number="464"/>
<line branch="true" condition-coverage="100% (2/2)" hits="9575" number="465">
<conditions>
<condition coverage="100%" number="0" type="jump"/>
</conditions>
</line>
<line branch="true" condition-coverage="50% (1/2)" hits="9569" number="467">
<conditions>
<condition coverage="50%" number="0" type="jump"/>
</conditions>
</line>
<line branch="true" condition-coverage="100% (2/2)" hits="9569" number="468">
<conditions>
<condition coverage="100%" number="0" type="jump"/>
</conditions>
</line>
<line branch="false" hits="509" number="469"/>
<line branch="false" hits="509" number="470"/>
<line branch="false" hits="9060" number="472"/>
<line branch="false" hits="9060" number="473"/>
<line branch="false" hits="101" number="478"/>
<line branch="true" condition-coverage="100% (2/2)" hits="101" number="479">
<conditions>
<condition coverage="100%" number="0" type="jump"/>
</conditions>
</line>
<line branch="false" hits="97" number="483"/>
<line branch="false" hits="97" number="484"/>
<line branch="true" condition-coverage="38% (7/18)" hits="485" number="485">
<conditions>
<condition coverage="38%" number="0" type="jump"/>
</conditions>
</line>
<line branch="false" hits="97" number="486"/>
<line branch="false" hits="75" number="492"/>
<line branch="true" condition-coverage="100% (2/2)" hits="75" number="493">
<conditions>
<condition coverage="100%" number="0" type="jump"/>
</conditions>
</line>
<line branch="false" hits="73" number="496"/>
<line branch="false" hits="73" number="497"/>
<line branch="false" hits="73" number="500"/>
<line branch="false" hits="73" number="501"/>
<line branch="false" hits="73" number="502"/>
<line branch="false" hits="140" number="504"/>
<line branch="true" condition-coverage="100% (2/2)" hits="140" number="505">
<conditions>
<condition coverage="100%" number="0" type="jump"/>
</conditions>
</line>
<line branch="false" hits="138" number="509"/>
<line branch="false" hits="138" number="510"/>
<line branch="false" hits="807" number="513"/>
<line branch="true" condition-coverage="100% (2/2)" hits="807" number="514">
<conditions>
<condition coverage="100%" number="0" type="jump"/>
</conditions>
</line>
<line branch="false" hits="805" number="518"/>
<line branch="true" condition-coverage="100% (2/2)" hits="805" number="519">
<conditions>
<condition coverage="100%" number="0" type="jump"/>
</conditions>
</line>
<line branch="false" hits="791" number="522"/>
<line branch="false" hits="793" number="525"/>
<line branch="true" condition-coverage="100% (2/2)" hits="793" number="526">
<conditions>
<condition coverage="100%" number="0" type="jump"/>
</conditions>
</line>
<line branch="false" hits="791" number="530"/>
<line branch="false" hits="791" number="531"/>
<line branch="false" hits="817" number="534"/>
<line branch="true" condition-coverage="100% (2/2)" hits="817" number="535">
<conditions>
<condition coverage="100%" number="0" type="jump"/>
</conditions>
</line>
<line branch="true" condition-coverage="50% (1/2)" hits="811" number="539">
<conditions>
<condition coverage="50%" number="0" type="jump"/>
</conditions>
</line>
<line branch="false" hits="811" number="542"/>
<line branch="false" hits="44" number="545"/>
<line branch="true" condition-coverage="100% (2/2)" hits="44" number="546">
<conditions>
<condition coverage="100%" number="0" type="jump"/>
</conditions>
</line>
<line branch="false" hits="40" number="550"/>
<line branch="false" hits="66" number="553"/>
<line branch="true" condition-coverage="100% (2/2)" hits="66" number="554">
<conditions>
<condition coverage="100%" number="0" type="jump"/>
</conditions>
</line>
<line branch="false" hits="64" number="558"/>
<line branch="false" hits="64" number="559"/>
<line branch="true" condition-coverage="100% (2/2)" hits="64" number="560">
<conditions>
<condition coverage="100%" number="0" type="jump"/>
</conditions>
</line>
<line branch="true" condition-coverage="100% (2/2)" hits="512" number="564">
<conditions>
<condition coverage="100%" number="0" type="jump"/>
</conditions>
</line>
<line branch="false" hits="480" number="565"/>
<line branch="false" hits="26" number="570"/>
<line branch="true" condition-coverage="100% (2/2)" hits="26" number="571">
<conditions>
<condition coverage="100%" number="0" type="jump"/>
</conditions>
</line>
<line branch="false" hits="24" number="575"/>
<line branch="true" condition-coverage="100% (2/2)" hits="24" number="576">
<conditions>
<condition coverage="100%" number="0" type="jump"/>
</conditions>
</line>
<line branch="false" hits="12" number="580"/>
<line branch="true" condition-coverage="100% (2/2)" hits="12" number="583">
<conditions>
<condition coverage="100%" number="0" type="jump"/>
</conditions>
</line>
<line branch="true" condition-coverage="100% (2/2)" hits="56" number="617">
<conditions>
<condition coverage="100%" number="0" type="jump"/>
</conditions>
</line>
<line branch="true" condition-coverage="50% (1/2)" hits="24" number="618">
<conditions>
<condition coverage="50%" number="0" type="jump"/>
</conditions>
</line>
<line branch="false" hits="0" number="619"/>
<line branch="false" hits="48" number="621"/>
<line branch="false" hits="813" number="627"/>
<line branch="true" condition-coverage="100% (2/2)" hits="813" number="628">
<conditions>
<condition coverage="100%" number="0" type="jump"/>
</conditions>
</line>
<line branch="false" hits="811" number="632"/>
<line branch="false" hits="784" number="654"/>
<line branch="true" condition-coverage="100% (2/2)" hits="784" number="656">
<conditions>
<condition coverage="100%" number="0" type="jump"/>
</conditions>
</line>
<line branch="true" condition-coverage="38% (7/18)" hits="10" number="657">
<conditions>
<condition coverage="38%" number="0" type="jump"/>
</conditions>
</line>
<line branch="false" hits="2" number="658"/>
<line branch="true" condition-coverage="50% (1/2)" hits="782" number="662">
<conditions>
<condition coverage="50%" number="0" type="jump"/>
</conditions>
</line>
<line branch="true" condition-coverage="0% (0/18)" hits="0" number="663">
<conditions>
<condition coverage="0%" number="0" type="jump"/>
</conditions>
</line>
<line branch="false" hits="0" number="664"/>
<line branch="true" condition-coverage="100% (2/2)" hits="782" number="667">
<conditions>
<condition coverage="100%" number="0" type="jump"/>
</conditions>
</line>
<line branch="false" hits="770" number="684"/>
<line branch="false" hits="770" number="685"/>
<line branch="false" hits="83" number="691"/>
<line branch="true" condition-coverage="100% (2/2)" hits="83" number="692">
<conditions>
<condition coverage="100%" number="0" type="jump"/>
</conditions>
</line>
<line branch="true" condition-coverage="50% (1/2)" hits="77" number="695">
<conditions>
<condition coverage="50%" number="0" type="jump"/>
</conditions>
</line>
<line branch="false" hits="77" number="698"/>
<line branch="false" hits="77" number="700"/>
<line branch="false" hits="77" number="701"/>
<line branch="true" condition-coverage="100% (2/2)" hits="215" number="703">
<conditions>
<condition coverage="100%" number="0" type="jump"/>
</conditions>
</line>
<line branch="true" condition-coverage="100% (2/2)" hits="146" number="704">
<conditions>
<condition coverage="100%" number="0" type="jump"/>
</conditions>
</line>
<line branch="false" hits="4" number="705"/>
<line branch="true" condition-coverage="50% (1/2)" hits="8" number="706">
<conditions>
<condition coverage="50%" number="0" type="jump"/>
</conditions>
</line>
<line branch="true" condition-coverage="75% (3/4)" hits="4" number="707">
<conditions>
<condition coverage="75%" number="0" type="jump"/>
</conditions>
</line>
<line branch="false" hits="75" number="714"/>
<line branch="false" hits="75" number="715"/>
<line branch="true" condition-coverage="75% (3/4)" hits="75" number="717">
<conditions>
<condition coverage="75%" number="0" type="jump"/>
</conditions>
</line>
<line branch="true" condition-coverage="38% (7/18)" hits="20" number="718">
<conditions>
<condition coverage="38%" number="0" type="jump"/>
</conditions>
</line>
<line branch="false" hits="4" number="719"/>
<line branch="true" condition-coverage="50% (1/2)" hits="71" number="722">
<conditions>
<condition coverage="50%" number="0" type="jump"/>
</conditions>
</line>
<line branch="true" condition-coverage="50% (5/10)" hits="284" number="726">
<conditions>
<condition coverage="50%" number="0" type="jump"/>
</conditions>
</line>
<line branch="true" condition-coverage="75% (3/4)" hits="71" number="743">
<conditions>
<condition coverage="75%" number="0" type="jump"/>
</conditions>
</line>
<line branch="true" condition-coverage="38% (7/18)" hits="10" number="744">
<conditions>
<condition coverage="38%" number="0" type="jump"/>
</conditions>
</line>
<line branch="false" hits="2" number="745"/>
<line branch="true" condition-coverage="50% (1/2)" hits="69" number="748">
<conditions>
<condition coverage="50%" number="0" type="jump"/>
</conditions>
</line>
<line branch="true" condition-coverage="100% (2/2)" hits="69" number="749">
<conditions>
<condition coverage="100%" number="0" type="jump"/>
</conditions>
</line>
<line branch="true" condition-coverage="38% (7/18)" hits="70" number="750">
<conditions>
<condition coverage="38%" number="0" type="jump"/>
</conditions>
</line>
<line branch="true" condition-coverage="50% (1/2)" hits="55" number="752">
<conditions>
<condition coverage="50%" number="0" type="jump"/>
</conditions>
</line>
<line branch="true" condition-coverage="50% (1/2)" hits="69" number="755">
<conditions>
<condition coverage="50%" number="0" type="jump"/>
</conditions>
</line>
<line branch="true" condition-coverage="50% (1/2)" hits="69" number="756">
<conditions>
<condition coverage="50%" number="0" type="jump"/>
</conditions>
</line>
<line branch="true" condition-coverage="50% (2/4)" hits="69" number="757">
<conditions>
<condition coverage="50%" number="0" type="jump"/>
</conditions>
</line>
<line branch="true" condition-coverage="0% (0/18)" hits="0" number="758">
<conditions>
<condition coverage="0%" number="0" type="jump"/>
</conditions>
</line>
<line branch="false" hits="0" number="759"/>
<line branch="true" condition-coverage="50% (1/2)" hits="69" number="761">
<conditions>
<condition coverage="50%" number="0" type="jump"/>
</conditions>
</line>
<line branch="false" hits="95" number="765"/>
<line branch="true" condition-coverage="100% (2/2)" hits="95" number="766">
<conditions>
<condition coverage="100%" number="0" type="jump"/>
</conditions>
</line>
<line branch="false" hits="91" number="769"/>
<line branch="false" hits="91" number="770"/>
<line branch="true" condition-coverage="50% (1/2)" hits="91" number="772">
<conditions>
<condition coverage="50%" number="0" type="jump"/>
</conditions>
</line>
<line branch="false" hits="91" number="775"/>
<line branch="false" hits="91" number="776"/>
<line branch="false" hits="91" number="777"/>
<line branch="false" hits="91" number="778"/>
<line branch="false" hits="95" number="781"/>
<line branch="true" condition-coverage="100% (2/2)" hits="95" number="782">
<conditions>
<condition coverage="100%" number="0" type="jump"/>
</conditions>
</line>
<line branch="false" hits="91" number="785"/>
<line branch="false" hits="91" number="786"/>
<line branch="false" hits="91" number="787"/>
<line branch="false" hits="87" number="790"/>
<line branch="true" condition-coverage="100% (2/2)" hits="87" number="791">
<conditions>
<condition coverage="100%" number="0" type="jump"/>
</conditions>
</line>
<line branch="false" hits="83" number="794"/>
<line branch="true" condition-coverage="100% (2/2)" hits="83" number="795">
<conditions>
<condition coverage="100%" number="0" type="jump"/>
</conditions>
</line>
<line branch="false" hits="2" number="796"/>
<line branch="true" condition-coverage="100% (2/2)" hits="81" number="797">
<conditions>
<condition coverage="100%" number="0" type="jump"/>
</conditions>
</line>
<line branch="false" hits="2" number="798"/>
<line branch="false" hits="79" number="800"/>
<line branch="false" hits="7" number="805"/>
<line branch="true" condition-coverage="100% (2/2)" hits="7" number="806">
<conditions>
<condition coverage="100%" number="0" type="jump"/>
</conditions>
</line>
<line branch="false" hits="5" number="809"/>
<line branch="false" hits="5" number="810"/>
<line branch="false" hits="4" number="813"/>
<line branch="true" condition-coverage="100% (2/2)" hits="4" number="814">
<conditions>
<condition coverage="100%" number="0" type="jump"/>
</conditions>
</line>
<line branch="true" condition-coverage="100% (2/2)" hits="30" number="820">
<conditions>
<condition coverage="100%" number="0" type="jump"/>
</conditions>
</line>
<line branch="false" hits="14" number="821"/>
<line branch="false" hits="14" number="822"/>
<line branch="true" condition-coverage="50% (1/2)" hits="2" number="824">
<conditions>
<condition coverage="50%" number="0" type="jump"/>
</conditions>
</line>
<line branch="false" hits="81" number="828"/>
<line branch="true" condition-coverage="100% (2/2)" hits="81" number="829">
<conditions>
<condition coverage="100%" number="0" type="jump"/>
</conditions>
</line>
<line branch="false" hits="79" number="832"/>
<line branch="false" hits="79" number="833"/>
<line branch="false" hits="79" number="834"/>
<line branch="false" hits="10" number="837"/>
<line branch="true" condition-coverage="100% (2/2)" hits="10" number="838">
<conditions>
<condition coverage="100%" number="0" type="jump"/>
</conditions>
</line>
<line branch="false" hits="6" number="842"/>
<line branch="false" hits="6" number="843"/>
<line branch="false" hits="45" number="846"/>
<line branch="true" condition-coverage="100% (2/2)" hits="45" number="847">
<conditions>
<condition coverage="100%" number="0" type="jump"/>
</conditions>
</line>
<line branch="false" hits="43" number="852"/>
<line branch="true" condition-coverage="50% (2/4)" hits="9" number="853">
<conditions>
<condition coverage="50%" number="0" type="jump"/>
</conditions>
</line>
</lines>
</class>
<class branch-rate="0.526041666667" complexity="0.0" filename="src/wrapper/src/language_converter.cc" line-rate="0.923076923077" name="language_converter_cc">
<methods/>
<lines>
<line branch="true" condition-coverage="100% (2/2)" hits="9" number="16">
<conditions>
<condition coverage="100%" number="0" type="jump"/>
</conditions>
</line>
<line branch="true" condition-coverage="49% (73/148)" hits="3" number="90">
<conditions>
<condition coverage="49%" number="0" type="jump"/>
</conditions>
</line>
<line branch="false" hits="71" number="120"/>
<line branch="true" condition-coverage="50% (1/2)" hits="6069" number="121">
<conditions>
<condition coverage="50%" number="0" type="jump"/>
</conditions>
</line>
<line branch="true" condition-coverage="100% (2/2)" hits="3070" number="122">
<conditions>
<condition coverage="100%" number="0" type="jump"/>
</conditions>
</line>
<line branch="false" hits="71" number="125"/>
<line branch="false" hits="142" number="130"/>
<line branch="true" condition-coverage="100% (2/2)" hits="6390" number="132">
<conditions>
<condition coverage="100%" number="0" type="jump"/>
</conditions>
</line>
<line branch="true" condition-coverage="100% (2/2)" hits="3124" number="133">
<conditions>
<condition coverage="100%" number="0" type="jump"/>
</conditions>
</line>
<line branch="false" hits="2932" number="134"/>
<line branch="false" hits="192" number="136"/>
<line branch="false" hits="142" number="138"/>
<line branch="false" hits="75" number="141"/>
<line branch="false" hits="75" number="147"/>
<line branch="false" hits="75" number="148"/>
<line branch="true" condition-coverage="100% (2/2)" hits="217" number="149">
<conditions>
<condition coverage="100%" number="0" type="jump"/>
</conditions>
</line>
<line branch="false" hits="71" number="150"/>
<line branch="true" condition-coverage="50% (1/2)" hits="71" number="151">
<conditions>
<condition coverage="50%" number="0" type="jump"/>
</conditions>
</line>
<line branch="false" hits="0" number="153"/>
<line branch="true" condition-coverage="50% (1/2)" hits="71" number="155">
<conditions>
<condition coverage="50%" number="0" type="jump"/>
</conditions>
</line>
<line branch="false" hits="0" number="156"/>
<line branch="false" hits="0" number="157"/>
<line branch="true" condition-coverage="50% (1/2)" hits="71" number="159">
<conditions>
<condition coverage="50%" number="0" type="jump"/>
</conditions>
</line>
<line branch="false" hits="71" number="160"/>
<line branch="false" hits="71" number="161"/>
<line branch="false" hits="71" number="162"/>
<line branch="false" hits="71" number="163"/>
<line branch="true" condition-coverage="50% (1/2)" hits="71" number="165">
<conditions>
<condition coverage="50%" number="0" type="jump"/>
</conditions>
</line>
<line branch="false" hits="71" number="166"/>
<line branch="false" hits="71" number="167"/>
<line branch="true" condition-coverage="50% (1/2)" hits="71" number="168">
<conditions>
<condition coverage="50%" number="0" type="jump"/>
</conditions>
</line>
<line branch="true" condition-coverage="75% (3/4)" hits="71" number="169">
<conditions>
<condition coverage="75%" number="0" type="jump"/>
</conditions>
</line>
<line branch="true" condition-coverage="75% (3/4)" hits="71" number="171">
<conditions>
<condition coverage="75%" number="0" type="jump"/>
</conditions>
</line>
<line branch="true" condition-coverage="25% (1/4)" hits="71" number="173">
<conditions>
<condition coverage="25%" number="0" type="jump"/>
</conditions>
</line>
<line branch="true" condition-coverage="25% (1/4)" hits="71" number="175">
<conditions>
<condition coverage="25%" number="0" type="jump"/>
</conditions>
</line>
<line branch="false" hits="71" number="178"/>
<line branch="true" condition-coverage="100% (2/2)" hits="75" number="183">
<conditions>
<condition coverage="100%" number="0" type="jump"/>
</conditions>
</line>
<line branch="false" hits="71" number="186"/>
<line branch="true" condition-coverage="50% (2/4)" hits="9" number="190">
<conditions>
<condition coverage="50%" number="0" type="jump"/>
</conditions>
</line>
</lines>
</class>
</classes>
</package>
</packages>
</coverage>

